number,value,datetime_start,datetime_complete,duration,params_dropout,params_lr,params_num_layers,params_weight_decay,state
124,0.6619983683617574,2024-03-01 14:50:27.880667,2024-03-01 14:53:59.832620,0 days 00:03:31.951953,0.042743980789139796,0.0003816811948681131,2,0.00016181295143479423,COMPLETE
125,0.6689794491278505,2024-03-01 14:53:59.840086,2024-03-01 14:57:30.728130,0 days 00:03:30.888044,0.06367691121935581,0.0009067762626412258,2,0.0002900241530240684,COMPLETE
126,0.6670059438250262,2024-03-01 14:57:30.735409,2024-03-01 15:01:01.538036,0 days 00:03:30.802627,0.03796473536237344,0.001101276505013944,2,0.00019693904189624684,COMPLETE
127,0.6698574258964298,2024-03-01 15:01:01.544675,2024-03-01 15:04:32.825238,0 days 00:03:31.280563,0.054071841206136874,0.0006512410049975614,2,0.00013910101036300923,COMPLETE
128,0.6493531719824406,2024-03-01 15:04:32.832012,2024-03-01 15:07:40.057550,0 days 00:03:07.225538,0.020011449821394106,0.00048529981010709503,1,0.0001744831591904655,COMPLETE
129,0.67126374266734,2024-03-01 15:07:40.064811,2024-03-01 15:11:11.480233,0 days 00:03:31.415422,0.03871524468883575,0.0007351552125826225,2,0.0002065961793679224,COMPLETE
130,0.6667806223534439,2024-03-01 15:11:11.487324,2024-03-01 15:14:42.454099,0 days 00:03:30.966775,0.08330470753231967,0.0012689600740932424,2,0.00020464389910369385,COMPLETE
131,0.66872693368556,2024-03-01 15:14:42.461259,2024-03-01 15:18:13.837107,0 days 00:03:31.375848,0.04314801801250973,0.0007314269963746074,2,0.0002374655805946034,COMPLETE
132,0.6673866594149411,2024-03-01 15:18:13.844680,2024-03-01 15:21:45.266814,0 days 00:03:31.422134,0.035419707898822775,0.0005883602370511679,2,0.00021609780637296756,COMPLETE
133,0.6699662017792627,2024-03-01 15:21:45.273475,2024-03-01 15:25:16.591546,0 days 00:03:31.318071,0.013677105929164109,0.000931035092054404,2,0.0002727059657408179,COMPLETE
134,0.6695660619245561,2024-03-01 15:25:16.598347,2024-03-01 15:28:47.501866,0 days 00:03:30.903519,0.05977033700772656,0.0008350687688108498,2,0.00025559811026494534,COMPLETE
135,0.6694067829532653,2024-03-01 15:28:47.508883,2024-03-01 15:32:18.693401,0 days 00:03:31.184518,0.0203892818292897,0.0010262190918015395,2,0.00015059196519936083,COMPLETE
136,0.6698535410434715,2024-03-01 15:32:18.700721,2024-03-01 15:35:50.106280,0 days 00:03:31.405559,0.07065175308931702,0.0007008157273249266,2,0.00017184765288515226,COMPLETE
137,0.6525154422905093,2024-03-01 15:35:50.113783,2024-03-01 15:40:30.591443,0 days 00:04:40.477660,0.046998881674583055,0.0005510639552475701,5,0.00020238365185344106,COMPLETE
138,0.6654442329357834,2024-03-01 15:40:30.597842,2024-03-01 15:44:02.382066,0 days 00:03:31.784224,0.03026111155604396,0.00042555830815460874,2,0.00030715583470519275,COMPLETE
139,0.6716833067868382,2024-03-01 15:44:02.389578,2024-03-01 15:47:33.464276,0 days 00:03:31.074698,0.012923124443676246,0.0007897161540560854,2,0.000231441841779618,COMPLETE
140,0.6689716794219338,2024-03-01 15:47:33.471848,2024-03-01 15:51:04.332121,0 days 00:03:30.860273,0.013003829239903283,0.0015029194648559278,2,0.00013072322524865443,COMPLETE
141,0.6705217357523017,2024-03-01 15:51:04.339763,2024-03-01 15:54:35.145203,0 days 00:03:30.805440,0.022654843833599177,0.0008070062839824414,2,0.00023109049383033075,COMPLETE
142,0.6698108076609299,2024-03-01 15:54:35.153234,2024-03-01 15:58:06.226953,0 days 00:03:31.073719,0.009873897550301998,0.0008175882458102649,2,0.0002623067856506446,COMPLETE
143,0.6688162853036013,2024-03-01 15:58:06.234976,2024-03-01 16:01:37.391262,0 days 00:03:31.156286,0.022174190503199857,0.001161255400844177,2,0.0001780811331713748,COMPLETE
144,0.6689639097160172,2024-03-01 16:01:37.398084,2024-03-01 16:05:08.702616,0 days 00:03:31.304532,0.0239724336535271,0.000943923813066852,2,0.0002114656059732061,COMPLETE
145,0.6689056369216425,2024-03-01 16:05:08.709769,2024-03-01 16:08:39.966606,0 days 00:03:31.256837,0.03229001066935323,0.0007247710381831479,2,0.0002426278817302548,COMPLETE
146,0.6694417466298901,2024-03-01 16:08:39.974176,2024-03-01 16:12:11.395811,0 days 00:03:31.421635,0.00037129985080222583,0.0008228270954792127,2,0.00019565382217995084,COMPLETE
147,0.6683151392719786,2024-03-01 16:12:11.403422,2024-03-01 16:15:42.468418,0 days 00:03:31.064996,0.22189136852416363,0.0010375246638143004,2,0.00028436297333070057,COMPLETE
148,0.6686725457441436,2024-03-01 16:15:42.476340,2024-03-01 16:19:13.208167,0 days 00:03:30.731827,0.01262549112044653,0.0012644783388599582,2,0.00015687523885433787,COMPLETE
149,0.669255273687891,2024-03-01 16:19:13.216334,2024-03-01 16:22:44.662132,0 days 00:03:31.445798,0.05244652309745414,0.0007143579437165252,2,0.00032215336067927306,COMPLETE
150,0.6701371353094285,2024-03-01 16:22:44.669060,2024-03-01 16:26:15.791339,0 days 00:03:31.122279,0.03445746615052897,0.0008806342740418718,2,0.0002250895694971883,COMPLETE
151,0.6687657822151432,2024-03-01 16:26:15.798789,2024-03-01 16:29:47.180260,0 days 00:03:31.381471,0.04290632369457436,0.0006052428911121216,2,0.00023393012714401,COMPLETE
152,0.6701254807505537,2024-03-01 16:29:47.187622,2024-03-01 16:33:18.466858,0 days 00:03:31.279236,0.017670842198336055,0.0006419060266459601,2,0.0001825568850015171,COMPLETE
153,0.6701876383978866,2024-03-01 16:33:18.474639,2024-03-01 16:36:49.995739,0 days 00:03:31.521100,0.008043829703436358,0.0005371994535439397,2,0.00025068195338231834,COMPLETE
154,0.6713142457557982,2024-03-01 16:36:50.004076,2024-03-01 16:40:21.230117,0 days 00:03:31.226041,0.030740707087500638,0.0007747716211287721,2,0.00021500183463438576,COMPLETE
155,0.670401305310594,2024-03-01 16:40:21.237774,2024-03-01 16:43:52.497893,0 days 00:03:31.260119,0.0253838863539251,0.0007720818940516479,2,0.00020005601412481004,COMPLETE
156,0.6676003263276484,2024-03-01 16:43:52.504595,2024-03-01 16:47:23.595073,0 days 00:03:31.090478,0.06459933084095745,0.0009840995117311247,2,0.00020786658256687264,COMPLETE
157,0.6695582922186396,2024-03-01 16:47:23.602671,2024-03-01 16:50:54.971351,0 days 00:03:31.368680,0.02335800843637747,0.0007854078544183962,2,0.00027314299539915783,COMPLETE
158,0.6672584592673168,2024-03-01 16:50:54.979388,2024-03-01 16:54:26.015025,0 days 00:03:31.035637,0.05002814938871058,0.001125828003071044,2,0.00015648564008767144,COMPLETE
159,0.6684899576551027,2024-03-01 16:54:26.022825,2024-03-01 16:57:57.610265,0 days 00:03:31.587440,0.007165187063440005,0.0004564504342523722,2,0.00022199756786821662,COMPLETE
160,0.6692941222174741,2024-03-01 16:57:57.618183,2024-03-01 17:01:28.824772,0 days 00:03:31.206589,0.0004564734035967452,0.0008905386221529111,2,0.00019001408050816528,COMPLETE
161,0.6704401538401771,2024-03-01 17:01:28.832686,2024-03-01 17:04:59.944459,0 days 00:03:31.111773,0.030361860085268543,0.0007328882964471194,2,0.0001784022573866957,COMPLETE
162,0.6689289460393925,2024-03-01 17:04:59.951243,2024-03-01 17:08:31.230567,0 days 00:03:31.279324,0.03388030533060952,0.0006903905318882787,2,0.00017967195434210218,COMPLETE
163,0.6686686608911853,2024-03-01 17:08:31.238481,2024-03-01 17:12:02.355275,0 days 00:03:31.116794,0.021686082816147537,0.0007709434055879148,2,0.00016902334764277828,COMPLETE
164,0.6697175711899305,2024-03-01 17:12:02.362996,2024-03-01 17:15:33.312064,0 days 00:03:30.949068,0.04206261690385671,0.0009702386891070708,2,0.00014216320579673122,COMPLETE
165,0.6705722388407599,2024-03-01 17:15:33.319907,2024-03-01 17:19:04.542341,0 days 00:03:31.222434,0.013307939600208686,0.0005805738480170093,2,0.00020381784333279101,COMPLETE
166,0.6692203100112661,2024-03-01 17:19:04.551893,2024-03-01 17:22:35.841975,0 days 00:03:31.290082,0.01111836544352649,0.0005570026046096223,2,0.00025267924585840705,COMPLETE
167,0.6636882793986248,2024-03-01 17:22:35.850026,2024-03-01 17:26:07.307085,0 days 00:03:31.457059,0.14737619285247266,0.0006238723815745087,2,0.0002231553699144254,COMPLETE
168,0.6532924128821724,2024-03-01 17:26:07.314024,2024-03-01 17:29:38.629693,0 days 00:03:31.315669,0.30362746980920663,0.0004964079790454355,2,0.0001227491000238002,COMPLETE
169,0.6695582922186396,2024-03-01 17:29:38.637179,2024-03-01 17:33:09.962263,0 days 00:03:31.325084,0.015618606103555142,0.0006577016594907272,2,0.0002955632939381273,COMPLETE
170,0.6702342566333864,2024-03-01 17:33:09.970189,2024-03-01 17:36:40.942438,0 days 00:03:30.972249,0.05569459242226257,0.0008652414872662016,2,0.00016259986489655483,COMPLETE
171,0.6682413270657706,2024-03-01 17:36:40.950414,2024-03-01 17:40:12.198283,0 days 00:03:31.247869,0.030242013227850213,0.0007447189087056031,2,0.00020787684446209274,COMPLETE
172,0.6686259275086438,2024-03-01 17:40:12.206109,2024-03-01 17:43:43.183958,0 days 00:03:30.977849,0.02558000907502112,0.0010908893331556609,2,0.0001988306901907215,COMPLETE
173,0.671104463696049,2024-03-01 17:43:43.191989,2024-03-01 17:47:14.656533,0 days 00:03:31.464544,0.03868227039430211,0.0008634486234466065,2,0.0002407102406931173,COMPLETE
174,0.6688900975098092,2024-03-01 17:47:14.663956,2024-03-01 17:50:45.783440,0 days 00:03:31.119484,0.041191198965780496,0.0009327179454609296,2,0.0002351463648723167,COMPLETE
175,0.6700672079561788,2024-03-01 17:50:45.791165,2024-03-01 17:54:17.459584,0 days 00:03:31.668419,0.016362903613217322,0.0005942967359644292,2,0.00026231285555106983,COMPLETE
176,0.6684821879491861,2024-03-01 17:54:17.467136,2024-03-01 17:57:48.269970,0 days 00:03:30.802834,0.09061189720558999,0.0010522862551549652,2,0.00028597068271182054,COMPLETE
177,0.6705295054582183,2024-03-01 17:57:48.277872,2024-03-01 18:01:19.406309,0 days 00:03:31.128437,0.03576955377063995,0.0006905735159664441,2,0.0002414559807621107,COMPLETE
178,0.6690493764811001,2024-03-01 18:01:19.414500,2024-03-01 18:04:50.498221,0 days 00:03:31.083721,0.006919777995518163,0.0008612979883088307,2,0.0002435768677631938,COMPLETE
179,0.6634551882211257,2024-03-01 18:04:50.506118,2024-03-01 18:08:21.502792,0 days 00:03:30.996674,0.05104502830549251,0.0013425671379674736,2,0.0003376440245810773,COMPLETE
180,0.6693912435414319,2024-03-01 18:08:21.509960,2024-03-01 18:11:52.716350,0 days 00:03:31.206390,0.03167907101506634,0.0007582115141608689,2,0.00017618341180691529,COMPLETE
181,0.670117711044637,2024-03-01 18:11:52.724112,2024-03-01 18:15:24.032127,0 days 00:03:31.308015,0.038205322826774454,0.0007236544955880942,2,0.00021448638705084524,COMPLETE
182,0.669045491628142,2024-03-01 18:15:24.040058,2024-03-01 18:18:55.187849,0 days 00:03:31.147791,0.07331641590323777,0.0006778367312406829,2,0.00022835207890346612,COMPLETE
183,0.6662173186744883,2024-03-01 18:18:55.196029,2024-03-01 18:22:26.698208,0 days 00:03:31.502179,0.058965945277786244,0.0005550961859219262,2,0.0002677380858416487,COMPLETE
184,0.6703624567810109,2024-03-01 18:22:26.706306,2024-03-01 18:25:57.596756,0 days 00:03:30.890450,0.015451015915162769,0.0009271615038925503,2,0.00019459949671352567,COMPLETE
185,0.6708364088419253,2024-03-01 18:25:57.605284,2024-03-01 18:29:29.132999,0 days 00:03:31.527715,0.0004017101383596462,0.0006584561547422191,2,0.00024848482339428856,COMPLETE
186,0.6694378617769317,2024-03-01 18:29:29.140254,2024-03-01 18:33:00.359347,0 days 00:03:31.219093,0.002488313963772768,0.0008325855240260872,2,0.00030944192578156706,COMPLETE
187,0.6692203100112661,2024-03-01 18:33:00.367351,2024-03-01 18:36:31.490322,0 days 00:03:31.122971,0.018547870451990283,0.001180668095883998,2,0.0002575923692187707,COMPLETE
188,0.6714269064915894,2024-03-01 18:36:31.498212,2024-03-01 18:40:02.730691,0 days 00:03:31.232479,0.00017760695050306023,0.0006733775137391456,2,9.774177544418958e-05,COMPLETE
189,0.6685831941261022,2024-03-01 18:40:02.738959,2024-03-01 18:43:33.798539,0 days 00:03:31.059580,0.006629259510889879,0.000496617887233488,2,7.230964074452585e-05,COMPLETE
190,0.6680665086826464,2024-03-01 18:43:33.801518,2024-03-01 18:47:05.196177,0 days 00:03:31.394659,0.0010178329297175995,0.0010020665573268984,2,9.764642694455375e-05,COMPLETE
191,0.6721067557592946,2024-03-01 18:47:05.204584,2024-03-01 18:50:36.455749,0 days 00:03:31.251165,0.012482666615439298,0.0006876807857044674,2,0.00011024452648396933,COMPLETE
192,0.6689172914805175,2024-03-01 18:50:36.463156,2024-03-01 18:54:08.063841,0 days 00:03:31.600685,0.011473297329438425,0.0006348276304988453,2,0.00012056047077273171,COMPLETE
193,0.6714541004622976,2024-03-01 18:54:08.071669,2024-03-01 18:57:39.312827,0 days 00:03:31.241158,0.01985729122074638,0.0008424973426435422,2,0.00010682635572582407,COMPLETE
194,0.6704051901635523,2024-03-01 18:57:39.320592,2024-03-01 19:01:10.794086,0 days 00:03:31.473494,0.0006809793635020878,0.0008344278413528263,2,0.00010321188136792848,COMPLETE
195,0.6704129598694688,2024-03-01 19:01:10.802156,2024-03-01 19:04:42.026257,0 days 00:03:31.224101,0.02063672858753241,0.0008701210298060716,2,0.00011268017459534331,COMPLETE
196,0.649395905364982,2024-03-01 19:04:42.034578,2024-03-01 19:08:58.698843,0 days 00:04:16.664265,0.013978408368223325,0.0007441159015538348,4,0.00010140580794856472,COMPLETE
197,0.6681170117711044,2024-03-01 19:08:58.706039,2024-03-01 19:12:29.705379,0 days 00:03:30.999340,0.02484703152363086,0.0010109286946687794,2,8.670087797519608e-05,COMPLETE
198,0.6697214560428888,2024-03-01 19:12:29.713664,2024-03-01 19:16:00.951736,0 days 00:03:31.238072,0.010570515616147334,0.0005929527171650482,2,9.544665578700109e-05,COMPLETE
199,0.6602424148245989,2024-03-01 19:16:00.960385,2024-03-01 19:19:32.832118,0 days 00:03:31.871733,0.11041834506534887,0.0003736475510497556,2,0.00011047538517099785,COMPLETE
200,0.6555378578920787,2024-03-01 19:19:32.840487,2024-03-01 19:23:04.763551,0 days 00:03:31.923064,0.02025088680413157,0.0002921955228124328,2,0.00013912719425282095,COMPLETE
201,0.6698302319257217,2024-03-01 19:23:04.772265,2024-03-01 19:26:36.139092,0 days 00:03:31.366827,0.03159692062603711,0.0006691569037327978,2,0.00011433528962694257,COMPLETE
202,0.6645002136669127,2024-03-01 19:26:36.146520,2024-03-01 19:30:07.460708,0 days 00:03:31.314188,0.17408303094435912,0.0008238805240428316,2,0.0001358530279930395,COMPLETE
203,0.6697525348665553,2024-03-01 19:30:07.468903,2024-03-01 19:33:39.016665,0 days 00:03:31.547762,0.00646664788367269,0.0005487011368978587,2,0.00024035283871847517,COMPLETE
204,0.6691620372168914,2024-03-01 19:33:39.024903,2024-03-01 19:37:10.114794,0 days 00:03:31.089891,0.044843077296137915,0.0006742587069128754,2,0.0002740178485875491,COMPLETE
205,0.6700672079561789,2024-03-01 19:37:10.123692,2024-03-01 19:40:41.616756,0 days 00:03:31.493064,0.014919856053224989,0.00092124483734067,2,0.00023460497116432324,COMPLETE
206,0.6695621770715978,2024-03-01 19:40:41.625519,2024-03-01 19:44:13.074444,0 days 00:03:31.448925,0.027683848935261463,0.0007608192482367625,2,0.0001566370932646536,COMPLETE
207,0.6673011926498582,2024-03-01 19:44:13.083199,2024-03-01 19:47:44.962082,0 days 00:03:31.878883,0.0004958371837082975,0.0004666474767468706,2,0.00021503307230036437,COMPLETE
208,0.6665553008818617,2024-03-01 19:47:44.969772,2024-03-01 19:51:16.119597,0 days 00:03:31.149825,0.0372753894744514,0.0011438515236418163,2,0.00029219134696828366,COMPLETE
209,0.6684122605959365,2024-03-01 19:51:16.127510,2024-03-01 19:54:47.573821,0 days 00:03:31.446311,0.020535734521043163,0.000611624687359379,2,0.0002515059889797172,COMPLETE
210,0.6689755642748922,2024-03-01 19:54:47.582177,2024-03-01 19:58:18.725303,0 days 00:03:31.143126,0.0984933982541516,0.0007148270615902441,2,9.00672384037533e-05,COMPLETE
211,0.6698885047200964,2024-03-01 19:58:18.733979,2024-03-01 20:01:49.994328,0 days 00:03:31.260349,0.03114795707529793,0.0008316815523800092,2,0.00018504487064811576,COMPLETE
212,0.6690610310399752,2024-03-01 20:01:50.001099,2024-03-01 20:05:21.252042,0 days 00:03:31.250943,0.012341882659840535,0.0007371719873447729,2,0.00013111241714335224,COMPLETE
213,0.6688667883920594,2024-03-01 20:05:21.260769,2024-03-01 20:08:52.204723,0 days 00:03:30.943954,0.02834596481348366,0.0009453646023245862,2,0.00016869887041895995,COMPLETE
214,0.6691231886873081,2024-03-01 20:08:52.212496,2024-03-01 20:12:23.491447,0 days 00:03:31.278951,0.0450955572718225,0.000718131967802658,2,0.00020280159797112152,COMPLETE
215,0.6658832213200729,2024-03-01 20:12:23.500102,2024-03-01 20:15:54.834023,0 days 00:03:31.333921,0.11944538855218634,0.0006091003950380141,2,3.986452677704832e-05,COMPLETE
216,0.6687424730973932,2024-03-01 20:15:54.842392,2024-03-01 20:19:26.327152,0 days 00:03:31.484760,0.0005007217856843008,0.000830680332300432,2,0.00022973951623201668,COMPLETE
217,0.6673128472087331,2024-03-01 20:19:26.335370,2024-03-01 20:22:57.362720,0 days 00:03:31.027350,0.021560407546248217,0.0010291379122704164,2,0.0001479636143301149,COMPLETE
218,0.6689172914805175,2024-03-01 20:22:57.371358,2024-03-01 20:26:29.164700,0 days 00:03:31.793342,0.010135377917473452,0.0005247762659530119,2,0.00018844649987473548,COMPLETE
219,0.5241132823122645,2024-03-01 20:26:29.173796,2024-03-01 20:30:01.691458,0 days 00:03:32.517662,0.4270652888565297,3.120547079493823e-05,2,0.00021449336636933703,COMPLETE
220,0.6699273532496794,2024-03-01 20:30:01.699445,2024-03-01 20:33:33.125890,0 days 00:03:31.426445,0.03431202602313231,0.0006579772314857966,2,0.00012441999428634964,COMPLETE
221,0.6721689134066275,2024-03-01 20:33:33.134400,2024-03-01 20:37:04.462559,0 days 00:03:31.328159,0.048836172737516156,0.0007810643021976906,2,0.00021792979812025145,COMPLETE
222,0.669379588982557,2024-03-01 20:37:04.471282,2024-03-01 20:40:35.398980,0 days 00:03:30.927698,0.062420311971364106,0.000803630023513509,2,0.00025131698224956333,COMPLETE
223,0.6438483353405073,2024-03-01 20:40:35.407939,2024-03-01 20:44:07.521609,0 days 00:03:32.113670,0.053859820040367705,0.00019361237475801264,2,0.00017306040258056171,COMPLETE
224,0.6700866322209704,2024-03-01 20:44:07.530296,2024-03-01 20:47:38.455198,0 days 00:03:30.924902,0.046033911520352376,0.0009306543347682699,2,0.00019858770375882158,COMPLETE
225,0.6691387280991414,2024-03-01 20:47:38.463897,2024-03-01 20:51:09.560760,0 days 00:03:31.096863,0.024503948315793556,0.0007134567439440471,2,0.00021970170982903994,COMPLETE
226,0.665327687347034,2024-03-01 20:51:09.568687,2024-03-01 20:54:40.867675,0 days 00:03:31.298988,0.20245794981605167,0.0007804213372528432,2,0.00027013139923253896,COMPLETE
227,0.669220310011266,2024-03-01 20:54:40.876122,2024-03-01 20:58:12.518201,0 days 00:03:31.642079,0.037164383182037845,0.0005757037361755535,2,0.00015008156901056438,COMPLETE
228,0.6679771570646051,2024-03-01 20:58:12.526552,2024-03-01 21:01:43.519413,0 days 00:03:30.992861,0.2727031593327642,0.0008818978066569744,2,0.00023747153052340987,COMPLETE
229,0.6702731051629696,2024-03-01 21:01:43.528631,2024-03-01 21:05:14.900841,0 days 00:03:31.372210,0.014950314328046624,0.0006700645607067791,2,0.00018468209727888203,COMPLETE
230,0.6665669554407365,2024-03-01 21:05:14.909862,2024-03-01 21:08:45.991891,0 days 00:03:31.082029,8.454916633393247e-05,0.001044289729944618,2,0.00010984386657402235,COMPLETE
231,0.6677867992696476,2024-03-01 21:08:46.001088,2024-03-01 21:12:17.396499,0 days 00:03:31.395411,0.04051738233045258,0.0006648861461806473,2,0.00021449972380430116,COMPLETE
232,0.6701876383978866,2024-03-01 21:12:17.404506,2024-03-01 21:15:48.917600,0 days 00:03:31.513094,0.02894547728002196,0.0007563080406195044,2,0.0002258902775242222,COMPLETE
233,0.6677518355930229,2024-03-01 21:15:48.926094,2024-03-01 21:19:20.425615,0 days 00:03:31.499521,0.052746902909888385,0.0005744259297377026,2,0.00020254563092499258,COMPLETE
234,0.669010527951517,2024-03-01 21:19:20.434557,2024-03-01 21:22:51.624998,0 days 00:03:31.190441,0.1329080812313017,0.00085886681951182,2,0.00025244290243449667,COMPLETE
235,0.6692280797171826,2024-03-01 21:22:51.634200,2024-03-01 21:26:23.004967,0 days 00:03:31.370767,0.017988228645937514,0.0006443393358187422,2,8.502193354358151e-05,COMPLETE
236,0.6696321044248476,2024-03-01 21:26:23.014205,2024-03-01 21:30:46.900322,0 days 00:04:23.886117,0.03788787591392158,0.0007781190591015971,2,0.0002786721898000809,COMPLETE
237,0.6689211763334757,2024-03-01 21:30:46.909676,2024-03-01 21:36:58.740940,0 days 00:06:11.831264,0.08249344449712029,0.0009448209900762383,2,0.0001655096455572958,COMPLETE
238,0.6623441202750475,2024-03-01 21:36:58.749199,2024-03-01 21:41:09.859084,0 days 00:04:11.109885,0.0628310547797857,0.00043384047041862024,2,0.00019903097509681403,COMPLETE
239,0.6702847597218445,2024-03-01 21:41:09.867919,2024-03-01 21:44:40.456381,0 days 00:03:30.588462,0.012659342726099185,0.0006944724171275405,2,0.00021587194439909242,COMPLETE
240,0.6680665086826465,2024-03-01 21:44:40.465403,2024-03-01 21:48:10.975478,0 days 00:03:30.510075,0.02635935425098341,0.0005230885046962995,2,1.1768296741892373e-05,COMPLETE
241,0.6698885047200964,2024-03-01 21:48:10.984856,2024-03-01 21:51:41.442567,0 days 00:03:30.457711,0.020356193804382167,0.00085717233464845,2,0.00010749739938967104,COMPLETE
242,0.6687113942737266,2024-03-01 21:51:41.451509,2024-03-01 21:55:11.942623,0 days 00:03:30.491114,0.011219874129101108,0.0009141663812685221,2,0.00011816018032753172,COMPLETE
243,0.6685715395672274,2024-03-01 21:55:11.951203,2024-03-01 21:58:42.378661,0 days 00:03:30.427458,0.02306574748782839,0.0008009684627346918,2,9.638964462400031e-05,COMPLETE
244,0.670696554135426,2024-03-01 21:58:42.386803,2024-03-01 22:02:12.747793,0 days 00:03:30.360990,0.04714761005095862,0.0006973575090230293,2,0.00011888900889346317,COMPLETE
245,0.6690416067751834,2024-03-01 22:02:12.756359,2024-03-01 22:05:43.412788,0 days 00:03:30.656429,0.047044910706433976,0.0006088945623142706,2,0.00024029153643761761,COMPLETE
246,0.6507284099296842,2024-03-01 22:05:43.421677,2024-03-01 22:10:45.105616,0 days 00:05:01.683939,0.0696022391041197,0.0006942263526640791,6,0.00012823473147353495,COMPLETE
247,0.6707548269298007,2024-03-01 22:10:45.114455,2024-03-01 22:14:15.700360,0 days 00:03:30.585905,0.03784237904395309,0.0007406553819578538,2,0.00018000748142544946,COMPLETE
