number,value,datetime_start,datetime_complete,duration,params_dropout,params_lr,params_num_layers,params_weight_decay,state
248,0.6699895108970125,2024-03-01 22:14:15.708858,2024-03-01 22:17:45.964340,0 days 00:03:30.255482,0.03262660901053564,0.0010451648817820366,2,0.00015676273324846134,COMPLETE
249,0.66981080766093,2024-03-01 22:17:45.973197,2024-03-01 22:21:16.736181,0 days 00:03:30.762984,0.04888676278505649,0.0007579972634695757,2,0.00017278536683828125,COMPLETE
250,0.6648653898449943,2024-03-01 22:21:16.745335,2024-03-01 22:24:47.100098,0 days 00:03:30.354763,0.4877136134448156,0.0012236462559183955,2,0.00014005597000641602,COMPLETE
251,0.6703935356046774,2024-03-01 22:24:47.109049,2024-03-01 22:28:17.332824,0 days 00:03:30.223775,0.008683068447175337,0.0008019435056598897,2,0.00018398687402106917,COMPLETE
252,0.6694572860417233,2024-03-01 22:28:17.341773,2024-03-01 22:31:47.520029,0 days 00:03:30.178256,0.03545593540815071,0.0009879196809611899,2,0.0003076690904439099,COMPLETE
253,0.6697680742783885,2024-03-01 22:31:47.529670,2024-03-01 22:35:18.312468,0 days 00:03:30.782798,0.059027049846216595,0.0007023119629911803,2,0.0002588898788895765,COMPLETE
254,0.664208849695039,2024-03-01 22:35:18.321184,2024-03-01 22:38:48.787065,0 days 00:03:30.465881,0.1560899965805442,0.000577805745486629,2,0.0008167667220334203,COMPLETE
255,0.6700827473680121,2024-03-01 22:38:48.795914,2024-03-01 22:42:19.178706,0 days 00:03:30.382792,0.007842265243167001,0.0008739677520507843,2,0.00019017233480412925,COMPLETE
256,0.6696049104541393,2024-03-01 22:42:19.187892,2024-03-01 22:45:49.776755,0 days 00:03:30.588863,0.026164172959088006,0.0007481438326966877,2,0.00010091743975748651,COMPLETE
257,0.6689522551571423,2024-03-01 22:45:49.786233,2024-03-01 22:49:20.285246,0 days 00:03:30.499013,0.04599240800296806,0.0006323701079432502,2,0.00016145658688601635,COMPLETE
258,0.6206441086204888,2024-03-01 22:49:20.294683,2024-03-01 22:52:51.768933,0 days 00:03:31.474250,0.1019056351663292,0.00010794181533024679,2,0.00011761548194465986,COMPLETE
259,0.6687852064799348,2024-03-01 22:52:51.778941,2024-03-01 22:56:21.877888,0 days 00:03:30.098947,0.19580891738811534,0.003549139699907403,2,0.0002309713118835781,COMPLETE
260,0.667949963093897,2024-03-01 22:56:21.886922,2024-03-01 22:59:52.572640,0 days 00:03:30.685718,0.338034592350047,0.0011426171470382191,2,0.0001482379312637607,COMPLETE
261,0.668579309273144,2024-03-01 22:59:52.573122,2024-03-01 23:03:23.512305,0 days 00:03:30.939183,0.01973245436739664,0.0005128986072538353,2,0.00019926448622806028,COMPLETE
262,0.6655840876422827,2024-03-01 23:03:23.522063,2024-03-01 23:06:19.791553,0 days 00:02:56.269490,0.00040697043895680226,0.005059453877753084,2,0.00012862375830582833,COMPLETE
263,0.6706188570762597,2024-03-01 23:06:19.800969,2024-03-01 23:09:50.317997,0 days 00:03:30.517028,0.036965580107114024,0.0008701316421073758,2,0.0002791747072736621,COMPLETE
264,0.6590536498193543,2024-03-01 23:09:50.327670,2024-03-01 23:13:01.984495,0 days 00:03:11.656825,0.054254912268829975,0.009942477948263811,2,0.00028601793464005866,COMPLETE
265,0.6684316848607279,2024-03-01 23:13:01.994312,2024-03-01 23:16:32.382213,0 days 00:03:30.387901,0.0403125440045831,0.0009640791216243189,2,0.00031394848131200656,COMPLETE
266,0.6567848956916981,2024-03-01 23:16:32.391209,2024-03-01 23:19:44.986843,0 days 00:03:12.595634,0.06624314701621169,0.007749176772183953,2,0.00035021676593970325,COMPLETE
267,0.670498426634552,2024-03-01 23:19:44.995767,2024-03-01 23:23:15.375108,0 days 00:03:30.379341,0.011001121134032175,0.0008437004857429787,2,0.00026512665442122497,COMPLETE
268,0.6667262344120275,2024-03-01 23:23:15.384133,2024-03-01 23:26:45.519969,0 days 00:03:30.135836,0.011341215928119344,0.0010578570933525674,2,0.000274778545553192,COMPLETE
269,0.6707781360475505,2024-03-01 23:26:45.529340,2024-03-01 23:30:15.863588,0 days 00:03:30.334248,0.016855033569358115,0.0008627672561513345,2,0.00024900999589790165,COMPLETE
270,0.6699312381026379,2024-03-01 23:30:15.873496,2024-03-01 23:33:46.253988,0 days 00:03:30.380492,0.017224005306036468,0.0008839113703712905,2,0.0002562649163879356,COMPLETE
271,0.6673283866205664,2024-03-01 23:33:46.263889,2024-03-01 23:37:16.654825,0 days 00:03:30.390936,0.030825005186129704,0.0011774721999072493,2,0.0002441856298165768,COMPLETE
272,0.6681519754477293,2024-03-01 23:37:16.664162,2024-03-01 23:40:46.841226,0 days 00:03:30.177064,0.13720955371628926,0.0014283459382328154,2,0.00028497006999934785,COMPLETE
273,0.669674837807389,2024-03-01 23:40:46.850436,2024-03-01 23:44:17.468640,0 days 00:03:30.618204,0.018528566291511825,0.0008539443202677065,2,9.231678186994554e-05,COMPLETE
274,0.668420030301853,2024-03-01 23:44:17.478450,2024-03-01 23:47:47.963906,0 days 00:03:30.485456,0.008536174311842358,0.0009427475687073442,2,0.00024080938040093526,COMPLETE
275,0.6724136591430014,2024-03-01 23:47:47.974029,2024-03-01 23:51:18.389205,0 days 00:03:30.415176,0.036720441576147934,0.000800298376260194,2,8.044629808676489e-05,COMPLETE
276,0.6492094324229829,2024-03-01 23:51:18.399158,2024-03-01 23:55:56.946298,0 days 00:04:38.547140,0.033269894483310185,0.0010376111066665865,5,8.548944392690248e-05,COMPLETE
277,0.6686375820675188,2024-03-01 23:55:56.955363,2024-03-01 23:59:27.394940,0 days 00:03:30.439577,0.04059546206799427,0.0008196991508514704,2,7.902521940822264e-05,COMPLETE
278,0.6704556932520104,2024-03-01 23:59:27.405030,2024-03-02 00:02:57.875728,0 days 00:03:30.470698,0.026092789209201342,0.0007436077784702026,2,0.00010097001857798483,COMPLETE
279,0.6657317120546986,2024-03-02 00:02:57.886346,2024-03-02 00:06:27.900962,0 days 00:03:30.014616,0.04280107393184162,0.002434464676545842,2,6.346740038916907e-05,COMPLETE
280,0.6702381414863448,2024-03-02 00:06:27.911870,2024-03-02 00:09:58.380621,0 days 00:03:30.468751,0.025341006424356702,0.0009684985149216875,2,9.357766054144683e-05,COMPLETE
281,0.6610776582106367,2024-03-02 00:09:58.391494,2024-03-02 00:13:29.122349,0 days 00:03:30.730855,0.23245232730754406,0.0006560122270933695,2,0.0001076039264535174,COMPLETE
282,0.6619828289499242,2024-03-02 00:13:29.133574,2024-03-02 00:16:59.848799,0 days 00:03:30.715225,0.2488374381461338,0.0007464089993254003,2,0.00022265781008627475,COMPLETE
283,0.6689289460393925,2024-03-02 00:16:59.859170,2024-03-02 00:20:30.158317,0 days 00:03:30.299147,0.03563248430661872,0.0013024974515866126,2,0.0003782275180644979,COMPLETE
284,0.4570490656928635,2024-03-02 00:20:30.168363,2024-03-02 00:24:02.962801,0 days 00:03:32.794438,0.11652782978500392,1.1392780942735304e-05,2,7.531346126235122e-05,COMPLETE
285,0.6569635989277807,2024-03-02 00:24:02.973000,2024-03-02 00:27:34.021602,0 days 00:03:31.048602,0.05306496784732267,0.0003453449438904918,2,0.00011864183716479879,COMPLETE
286,0.6607124820325551,2024-03-02 00:27:34.026895,2024-03-02 00:31:27.116566,0 days 00:03:53.089671,0.07349684801031353,0.0011016623208890848,3,0.00032005192523977175,COMPLETE
287,0.6669554407365681,2024-03-02 00:31:27.117813,2024-03-02 00:34:57.667537,0 days 00:03:30.549724,0.15604555472648135,0.0009017378239184172,2,0.00013544906178233762,COMPLETE
288,0.6682257876539374,2024-03-02 00:34:57.677599,2024-03-02 00:38:27.609849,0 days 00:03:29.932250,0.018939183298426476,0.00201254099046755,2,8.112783219916572e-05,COMPLETE
289,0.6699856260440542,2024-03-02 00:38:27.619857,2024-03-02 00:41:58.538357,0 days 00:03:30.918500,0.0005397783001025291,0.000590109749461511,2,0.0004897396667488855,COMPLETE
290,0.6678450720640224,2024-03-02 00:41:58.548810,2024-03-02 00:45:29.096038,0 days 00:03:30.547228,0.0855628530460941,0.0007958261648320056,2,0.00021630419572058054,COMPLETE
291,0.6698341167786799,2024-03-02 00:45:29.106458,2024-03-02 00:48:59.996802,0 days 00:03:30.890344,0.031937640601118006,0.0006743903815489794,2,0.00011067744578126464,COMPLETE
292,0.6633502971912513,2024-03-02 00:49:00.007933,2024-03-02 00:52:30.258376,0 days 00:03:30.250443,0.046752370740651694,0.0016318088727761367,2,8.869526049500625e-05,COMPLETE
293,0.6432733771026766,2024-03-02 00:52:30.269232,2024-03-02 00:55:37.194684,0 days 00:03:06.925452,0.13031761610910725,0.00046199909673345,1,0.00016751531898837074,COMPLETE
294,0.6645740258731208,2024-03-02 00:55:37.205900,2024-03-02 00:59:07.765923,0 days 00:03:30.560023,0.17198313495650025,0.0008064845716621184,2,0.0002362685975022294,COMPLETE
295,0.6701293656035119,2024-03-02 00:59:07.775920,2024-03-02 01:02:38.246989,0 days 00:03:30.471069,0.017742096545632864,0.0009341296565115421,2,0.00014668829048877354,COMPLETE
296,0.666240627792238,2024-03-02 01:02:38.257174,2024-03-02 01:06:09.028311,0 days 00:03:30.771137,0.05822202608064725,0.0005535941485487702,2,0.0001993987397589805,COMPLETE
297,0.670106056485762,2024-03-02 01:06:09.038749,2024-03-02 01:09:39.777480,0 days 00:03:30.738731,0.028328375472886993,0.0006905506631692583,2,0.00017990218114219167,COMPLETE
298,0.654100462297502,2024-03-02 01:09:39.788052,2024-03-02 01:13:10.984200,0 days 00:03:31.196148,0.009161797809041215,0.0002488700380744694,2,0.0002912379793329427,COMPLETE
299,0.6667806223534439,2024-03-02 01:13:10.994981,2024-03-02 01:16:41.275648,0 days 00:03:30.280667,0.04267332124379116,0.0010831202457638723,2,0.00022587752339143347,COMPLETE
