number,value,datetime_start,datetime_complete,duration,params_dropout,params_lr,params_num_layers,params_weight_decay,state
250,0.7348288075560803,2024-03-02 15:56:56.226109,2024-03-02 15:57:27.069335,0 days 00:00:30.843226,0.4413785443013841,0.0007271933708296307,5,0.00011040670345492879,COMPLETE
251,0.6668240850059031,2024-03-02 15:57:27.069749,2024-03-02 15:57:56.769500,0 days 00:00:29.699751,0.47505923590223964,0.005110168174255477,5,8.876932508533051e-05,COMPLETE
252,0.7315230224321134,2024-03-02 15:57:56.769978,2024-03-02 15:58:27.470713,0 days 00:00:30.700735,0.4288195434683121,0.0009559148565662536,5,3.4477256549380415e-05,COMPLETE
253,0.7317591499409681,2024-03-02 15:58:27.471134,2024-03-02 15:58:57.718776,0 days 00:00:30.247642,0.3906461301861491,0.0013246914018011642,5,3.0292658903640045e-05,COMPLETE
254,0.7454545454545454,2024-03-02 15:58:57.719225,2024-03-02 15:59:28.077659,0 days 00:00:30.358434,0.40558898723946185,0.00808591547364604,5,1.90911506070461e-05,COMPLETE
255,0.7360094451003542,2024-03-02 15:59:28.078171,2024-03-02 15:59:58.761745,0 days 00:00:30.683574,0.4628666749537424,0.007928977578386525,5,1.8181886811978514e-05,COMPLETE
256,0.6932703659976387,2024-03-02 15:59:58.762242,2024-03-02 16:00:28.453974,0 days 00:00:29.691732,0.33292400899333086,0.009014212930329614,5,1.9342245259088174e-05,COMPLETE
257,0.7341204250295159,2024-03-02 16:00:28.454474,2024-03-02 16:00:58.764399,0 days 00:00:30.309925,0.40247699262529946,0.001716537168844112,5,2.060187018533301e-05,COMPLETE
258,0.7258559622195986,2024-03-02 16:00:58.764942,2024-03-02 16:01:29.182543,0 days 00:00:30.417601,0.37660442665839744,0.0070447364333321915,5,2.277094357275472e-05,COMPLETE
259,0.7173553719008264,2024-03-02 16:01:29.182984,2024-03-02 16:01:59.116740,0 days 00:00:29.933756,0.36704228036370967,0.003768395603402738,5,2.402490120020494e-05,COMPLETE
260,0.7350649350649351,2024-03-02 16:01:59.117280,2024-03-02 16:02:29.693101,0 days 00:00:30.575821,0.39019910803976365,0.00573135828165964,5,1.8139869855338506e-05,COMPLETE
261,0.736245572609209,2024-03-02 16:02:29.693750,2024-03-02 16:02:59.971649,0 days 00:00:30.277899,0.4209641208054718,0.004639226271603676,5,5.9168573208686944e-05,COMPLETE
262,0.7067296340023612,2024-03-02 16:02:59.972190,2024-03-02 16:03:11.034241,0 days 00:00:11.062051,0.4519307852698358,0.00790765319920118,1,2.7001765766983476e-05,COMPLETE
263,0.714521841794569,2024-03-02 16:03:11.034787,2024-03-02 16:03:36.353215,0 days 00:00:25.318428,0.4059876561330073,0.002413494115952331,4,9.811804808376989e-05,COMPLETE
264,0.7454545454545455,2024-03-02 16:03:36.353813,2024-03-02 16:04:06.595857,0 days 00:00:30.242044,0.39672641474758247,0.0020194311124675244,5,8.420847597951981e-05,COMPLETE
265,0.7369539551357734,2024-03-02 16:04:06.596401,2024-03-02 16:04:37.061623,0 days 00:00:30.465222,0.43592242989611535,0.002090893971569158,5,8.680407253505742e-05,COMPLETE
266,0.7369539551357734,2024-03-02 16:04:37.062164,2024-03-02 16:05:04.362822,0 days 00:00:27.300658,0.41675725297471283,0.0027036395314969813,5,1.6605939043920433e-05,COMPLETE
267,0.69185360094451,2024-03-02 16:05:04.363376,2024-03-02 16:05:34.305286,0 days 00:00:29.941910,0.2752323485123474,0.006321330680727762,5,8.33192959850862e-05,COMPLETE
268,0.7022432113341205,2024-03-02 16:05:34.305926,2024-03-02 16:06:04.010943,0 days 00:00:29.705017,0.4798168647071095,0.0019594183321592863,5,9.272880963796642e-05,COMPLETE
269,0.7402597402597403,2024-03-02 16:06:04.011511,2024-03-02 16:06:34.841802,0 days 00:00:30.830291,0.3985128462052931,0.003560272716164978,5,6.70749968433243e-05,COMPLETE
270,0.7350649350649351,2024-03-02 16:06:34.842364,2024-03-02 16:07:05.122911,0 days 00:00:30.280547,0.3832099126071668,0.003119369236260671,5,7.347896524606121e-05,COMPLETE
271,0.7397874852420309,2024-03-02 16:07:05.123465,2024-03-02 16:07:35.427340,0 days 00:00:30.303875,0.4264530463679894,0.009863105373967864,5,0.0001153656285018193,COMPLETE
272,0.7376623376623377,2024-03-02 16:07:35.427843,2024-03-02 16:08:06.480911,0 days 00:00:31.053068,0.40758218751043546,0.0015699061109487771,5,7.958736580138973e-05,COMPLETE
273,0.6946871310507674,2024-03-02 16:08:06.481451,2024-03-02 16:08:27.380183,0 days 00:00:20.898732,0.443367600194491,0.0023302802810825566,3,0.00010395225268956321,COMPLETE
274,0.7426210153482881,2024-03-02 16:08:27.380752,2024-03-02 16:08:57.718305,0 days 00:00:30.337553,0.4601627235625166,0.0026304270773226637,5,5.04925528368511e-05,COMPLETE
275,0.7367178276269185,2024-03-02 16:08:57.718847,2024-03-02 16:09:27.852902,0 days 00:00:30.134055,0.4732327448441362,0.0027751659381111122,5,2.1528845570980464e-05,COMPLETE
276,0.5952774498229044,2024-03-02 16:09:27.853457,2024-03-02 16:09:58.515217,0 days 00:00:30.661760,0.4582001213278218,0.00020178053631972077,5,5.5026546481841216e-05,COMPLETE
277,0.6894923258559623,2024-03-02 16:09:58.515757,2024-03-02 16:10:28.372529,0 days 00:00:29.856772,0.25395069731644615,0.003398112439732924,5,2.9571014793653863e-05,COMPLETE
278,0.7353010625737898,2024-03-02 16:10:28.373063,2024-03-02 16:10:58.032130,0 days 00:00:29.659067,0.45379571136443925,0.0043757029869262,5,6.282076562590256e-05,COMPLETE
279,0.7355371900826446,2024-03-02 16:10:58.032669,2024-03-02 16:11:22.707309,0 days 00:00:24.674640,0.4636962126304908,0.0024256665230501066,4,2.5529677202760325e-05,COMPLETE
280,0.7291617473435655,2024-03-02 16:11:22.707860,2024-03-02 16:11:53.075332,0 days 00:00:30.367472,0.434645697355606,0.0006370182660824193,5,5.000706660464065e-05,COMPLETE
281,0.7060212514757969,2024-03-02 16:11:53.075882,2024-03-02 16:12:23.082992,0 days 00:00:30.007110,0.2953974042188131,0.0004890206414332349,5,3.3806792834776815e-05,COMPLETE
282,0.6935064935064934,2024-03-02 16:12:23.083516,2024-03-02 16:12:39.109985,0 days 00:00:16.026469,0.4143897236315896,0.0021392109067583666,2,1.4683819143408565e-05,COMPLETE
283,0.7383707201889019,2024-03-02 16:12:39.110561,2024-03-02 16:13:09.353948,0 days 00:00:30.243387,0.42449833154356775,0.0028751717900549053,5,7.604649168978871e-05,COMPLETE
284,0.738370720188902,2024-03-02 16:13:09.354506,2024-03-02 16:13:39.611229,0 days 00:00:30.256723,0.46807936007004725,0.001898321817286034,5,0.00013453259234192736,COMPLETE
285,0.6935064935064936,2024-03-02 16:13:39.611777,2024-03-02 16:14:09.814538,0 days 00:00:30.202761,0.48891002438204545,0.006853901675909316,5,2.0551325934425906e-05,COMPLETE
286,0.7376623376623377,2024-03-02 16:14:09.815085,2024-03-02 16:14:39.846982,0 days 00:00:30.031897,0.3995070335166874,0.0026301420371874587,5,3.1514008718231496e-05,COMPLETE
287,0.7053128689492326,2024-03-02 16:14:39.847533,2024-03-02 16:15:10.202384,0 days 00:00:30.354851,0.4449648313803164,0.0015987278284665585,5,2.34823945613648e-05,COMPLETE
288,0.742857142857143,2024-03-02 16:15:10.202945,2024-03-02 16:15:39.897263,0 days 00:00:29.694318,0.40987769757077935,0.005198693726866991,5,2.759065493234879e-05,COMPLETE
289,0.7364817001180638,2024-03-02 16:15:39.897877,2024-03-02 16:16:09.809133,0 days 00:00:29.911256,0.4088055518263761,0.005020159552364951,5,2.838734800447912e-05,COMPLETE
290,0.736245572609209,2024-03-02 16:16:09.809688,2024-03-02 16:16:40.278227,0 days 00:00:30.468539,0.39764613071311616,0.005585827652375382,5,2.5264787866084636e-05,COMPLETE
291,0.7012987012987012,2024-03-02 16:16:40.278829,2024-03-02 16:17:10.644734,0 days 00:00:30.365905,0.3527851666519828,0.008343108673631668,5,9.624267826880317e-05,COMPLETE
292,0.7435655253837072,2024-03-02 16:17:10.645311,2024-03-02 16:17:40.849507,0 days 00:00:30.204196,0.37875471695243845,0.004042499561149862,5,2.7093097180668067e-05,COMPLETE
293,0.7293978748524202,2024-03-02 16:17:40.850076,2024-03-02 16:18:11.061913,0 days 00:00:30.211837,0.37176565039737797,0.0043949496651879815,5,2.7371886926756772e-05,COMPLETE
294,0.7315230224321134,2024-03-02 16:18:11.062462,2024-03-02 16:18:41.138422,0 days 00:00:30.075960,0.38345037957742956,0.004799113190883876,5,2.7162549200156976e-05,COMPLETE
295,0.7277449822904368,2024-03-02 16:18:41.138999,2024-03-02 16:19:11.448152,0 days 00:00:30.309153,0.3621336117564302,0.004018846592400184,5,3.047228301732945e-05,COMPLETE
296,0.6736717827626919,2024-03-02 16:19:11.448712,2024-03-02 16:19:41.797103,0 days 00:00:30.348391,0.022190036023577997,0.003501788149831372,5,8.580781193028664e-05,COMPLETE
297,0.743801652892562,2024-03-02 16:19:41.797695,2024-03-02 16:20:10.579928,0 days 00:00:28.782233,0.39118416162685143,0.006398417236133789,5,6.958885253937744e-05,COMPLETE
298,0.7310507674144039,2024-03-02 16:20:10.580492,2024-03-02 16:20:41.067994,0 days 00:00:30.487502,0.38010873074023044,0.0062458060736883736,5,6.670042537175202e-05,COMPLETE
299,0.7310507674144038,2024-03-02 16:20:41.068580,2024-03-02 16:21:11.420275,0 days 00:00:30.351695,0.3925580886741732,0.0052933575190846184,5,5.276322214660079e-05,COMPLETE
