number,value,datetime_start,datetime_complete,duration,params_dropout,params_lr,params_num_layers,params_weight_decay,state
125,0.7421487603305785,2024-03-02 14:53:58.570210,2024-03-02 14:54:34.885522,0 days 00:00:36.315312,0.3890069693298706,0.0017368594504356084,5,3.947070366590562e-05,COMPLETE
126,0.7416765053128689,2024-03-02 14:54:34.886049,2024-03-02 14:55:12.027368,0 days 00:00:37.141319,0.3876189885444785,0.0017729245979763884,5,4.6864500189216615e-05,COMPLETE
127,0.737426210153483,2024-03-02 14:55:12.027876,2024-03-02 14:55:45.017846,0 days 00:00:32.989970,0.3867456308034802,0.001384158429905794,5,4.571875299453617e-05,COMPLETE
128,0.7400236127508855,2024-03-02 14:55:45.018335,2024-03-02 14:56:18.741129,0 days 00:00:33.722794,0.39279489390588845,0.0016892710394504286,5,4.0068571798665637e-05,COMPLETE
129,0.7336481700118064,2024-03-02 14:56:18.741630,2024-03-02 14:56:50.171585,0 days 00:00:31.429955,0.36630945331828396,0.0017367431769363998,5,4.4397423246189326e-05,COMPLETE
130,0.7423848878394332,2024-03-02 14:56:50.172199,2024-03-02 14:57:23.512736,0 days 00:00:33.340537,0.38386143888992935,0.002118276147985882,5,5.4067001022202894e-05,COMPLETE
131,0.7402597402597402,2024-03-02 14:57:23.513272,2024-03-02 14:57:57.051191,0 days 00:00:33.537919,0.3783403633476913,0.002215277099261172,5,5.3057921405664295e-05,COMPLETE
132,0.7421487603305785,2024-03-02 14:57:57.051705,2024-03-02 14:58:29.751488,0 days 00:00:32.699783,0.39792445507930657,0.001251257915770848,5,3.748935176797241e-05,COMPLETE
133,0.7386068476977569,2024-03-02 14:58:29.751992,2024-03-02 14:59:02.598019,0 days 00:00:32.846027,0.40196706686466654,0.0015733297660254103,5,4.8861212594089446e-05,COMPLETE
134,0.7393152302243211,2024-03-02 14:59:02.598514,2024-03-02 14:59:39.554338,0 days 00:00:36.955824,0.3877060123806419,0.0019930985851014816,5,3.862767178799673e-05,COMPLETE
135,0.7364817001180637,2024-03-02 14:59:39.554851,2024-03-02 15:00:12.939072,0 days 00:00:33.384221,0.36307776357944954,0.0013056376754742845,5,4.277286104790294e-05,COMPLETE
136,0.7268004722550176,2024-03-02 15:00:12.939620,2024-03-02 15:00:41.320475,0 days 00:00:28.380855,0.3735878269691081,0.00234372817048764,5,6.425464691157354e-05,COMPLETE
137,0.7402597402597402,2024-03-02 15:00:41.321000,2024-03-02 15:01:10.930821,0 days 00:00:29.609821,0.40714822959603136,0.0025993025352540715,5,3.71922334246491e-05,COMPLETE
138,0.7386068476977569,2024-03-02 15:01:10.931296,2024-03-02 15:01:40.521216,0 days 00:00:29.589920,0.3935077088449669,0.001843321734035471,5,3.347442498404912e-05,COMPLETE
139,0.7395513577331758,2024-03-02 15:01:40.521732,2024-03-02 15:02:09.823075,0 days 00:00:29.301343,0.38162180963744363,0.0011705272916370931,5,5.321454087980222e-05,COMPLETE
140,0.7364817001180638,2024-03-02 15:02:09.823576,2024-03-02 15:02:40.498624,0 days 00:00:30.675048,0.3997334179196767,0.0014765006778499105,5,6.08978259092305e-05,COMPLETE
141,0.7435655253837072,2024-03-02 15:02:40.499124,2024-03-02 15:03:11.574890,0 days 00:00:31.075766,0.4123575640701685,0.00110819396467538,5,4.035218692120246e-05,COMPLETE
142,0.7414403778040142,2024-03-02 15:03:11.575422,2024-03-02 15:03:41.393555,0 days 00:00:29.818133,0.41023213838179934,0.0009134341974644704,5,4.127070166249901e-05,COMPLETE
143,0.7397874852420306,2024-03-02 15:03:41.394062,2024-03-02 15:04:12.101171,0 days 00:00:30.707109,0.41214513644010053,0.0009725690674545418,5,4.613007364298619e-05,COMPLETE
144,0.7390791027154664,2024-03-02 15:04:12.101696,2024-03-02 15:04:42.393951,0 days 00:00:30.292255,0.4177849349108228,0.0010121519761285343,5,5.098587012057693e-05,COMPLETE
145,0.7348288075560803,2024-03-02 15:04:42.394455,2024-03-02 15:05:13.078196,0 days 00:00:30.683741,0.40695936113344133,0.0007398643155150437,5,4.155225960364069e-05,COMPLETE
146,0.7360094451003543,2024-03-02 15:05:13.078680,2024-03-02 15:05:42.964759,0 days 00:00:29.886079,0.3565431389798881,0.0011834367374314995,5,3.432096573959092e-05,COMPLETE
147,0.689728453364817,2024-03-02 15:05:42.965276,2024-03-02 15:06:07.802089,0 days 00:00:24.836813,0.372131002518732,0.0014165917354269277,4,5.800084710485517e-05,COMPLETE
148,0.7442739079102715,2024-03-02 15:06:07.802606,2024-03-02 15:06:38.072615,0 days 00:00:30.270009,0.3950662143437467,0.002081804939666469,5,3.179965305214887e-05,COMPLETE
149,0.7008264462809917,2024-03-02 15:06:38.073074,2024-03-02 15:06:58.761523,0 days 00:00:20.688449,0.39561388011577664,0.0019029951674980237,3,3.130303470555578e-05,COMPLETE
150,0.7414403778040141,2024-03-02 15:06:58.762032,2024-03-02 15:07:29.006888,0 days 00:00:30.244856,0.42450643190642845,0.0015620396722455475,5,3.552994058634684e-05,COMPLETE
151,0.7357733175914993,2024-03-02 15:07:29.007368,2024-03-02 15:07:59.295088,0 days 00:00:30.287720,0.40439117376893813,0.001957911231125836,5,4.025910244894057e-05,COMPLETE
152,0.7360094451003543,2024-03-02 15:07:59.295586,2024-03-02 15:08:29.588027,0 days 00:00:30.292441,0.3833051444820575,0.0010709378045873788,5,7.412643237427843e-05,COMPLETE
153,0.735064935064935,2024-03-02 15:08:29.588570,2024-03-02 15:08:59.930187,0 days 00:00:30.341617,0.4376315629355353,0.0012614582486447853,5,4.707845391544955e-05,COMPLETE
154,0.7386068476977569,2024-03-02 15:08:59.930705,2024-03-02 15:09:30.414918,0 days 00:00:30.484213,0.4111371877421547,0.0008799893687842045,5,3.223722657768177e-05,COMPLETE
155,0.7369539551357732,2024-03-02 15:09:30.415461,2024-03-02 15:10:00.738168,0 days 00:00:30.322707,0.3602816727621394,0.002784231901953002,5,4.243157554965961e-05,COMPLETE
156,0.7400236127508855,2024-03-02 15:10:00.738680,2024-03-02 15:10:31.160009,0 days 00:00:30.421329,0.39415607081810566,0.002139494062468889,5,3.687040801053525e-05,COMPLETE
157,0.7419126328217237,2024-03-02 15:10:31.160522,2024-03-02 15:11:01.513715,0 days 00:00:30.353193,0.4164453911657361,0.0017113756313697987,5,8.587702993345021e-05,COMPLETE
158,0.7393152302243211,2024-03-02 15:11:01.514249,2024-03-02 15:11:29.386682,0 days 00:00:27.872433,0.42769990760651855,0.0017376879861419707,5,0.00010444146924772008,COMPLETE
159,0.7348288075560803,2024-03-02 15:11:29.387185,2024-03-02 15:11:58.492667,0 days 00:00:29.105482,0.46564418076449327,0.0032458384887579118,5,9.155516972384664e-05,COMPLETE
160,0.6958677685950414,2024-03-02 15:11:58.493193,2024-03-02 15:12:15.107481,0 days 00:00:16.614288,0.3387887763854355,0.0025935039762594926,2,7.725198527146787e-05,COMPLETE
161,0.7168831168831169,2024-03-02 15:12:15.108006,2024-03-02 15:12:45.610337,0 days 00:00:30.502331,0.4143070521294486,0.001538695592712812,5,8.498315171663621e-05,COMPLETE
162,0.7376623376623377,2024-03-02 15:12:45.610852,2024-03-02 15:13:15.456285,0 days 00:00:29.845433,0.401375883684063,0.0013740032095843958,5,2.912278176809334e-05,COMPLETE
163,0.7296340023612752,2024-03-02 15:13:15.456958,2024-03-02 15:13:46.022437,0 days 00:00:30.565479,0.3838402796163599,0.002032575677494326,5,3.3481907854125535e-05,COMPLETE
164,0.7369539551357732,2024-03-02 15:13:46.022953,2024-03-02 15:14:16.570018,0 days 00:00:30.547065,0.4179356410613319,0.0017558111516227531,5,9.449629647350162e-05,COMPLETE
165,0.7409681227863046,2024-03-02 15:14:16.570525,2024-03-02 15:14:46.852646,0 days 00:00:30.282121,0.4339993728005264,0.002299402677239041,5,3.75762163155322e-05,COMPLETE
166,0.7289256198347107,2024-03-02 15:14:46.853179,2024-03-02 15:15:17.271370,0 days 00:00:30.418191,0.36893457636952315,0.003389017223122579,5,6.852420097170812e-05,COMPLETE
167,0.737190082644628,2024-03-02 15:15:17.271862,2024-03-02 15:15:46.970648,0 days 00:00:29.698786,0.3939717313432177,0.001337556803626218,5,4.3289166086932956e-05,COMPLETE
168,0.7360094451003543,2024-03-02 15:15:46.971170,2024-03-02 15:16:17.427263,0 days 00:00:30.456093,0.42233634402534775,0.0018164434974521316,5,5.099192975917283e-05,COMPLETE
169,0.7353010625737899,2024-03-02 15:16:17.427785,2024-03-02 15:16:47.310630,0 days 00:00:29.882845,0.3775203501226748,0.00263487111373314,5,2.9915039779282747e-05,COMPLETE
170,0.7397874852420306,2024-03-02 15:16:47.311174,2024-03-02 15:17:17.165681,0 days 00:00:29.854507,0.4061684464527741,0.0010782135112577054,5,8.18079319678735e-05,COMPLETE
171,0.7381345926800471,2024-03-02 15:17:17.166212,2024-03-02 15:17:47.654461,0 days 00:00:30.488249,0.4272549104195626,0.0014717849937737747,5,3.580188902788894e-05,COMPLETE
172,0.7378984651711924,2024-03-02 15:17:47.654974,2024-03-02 15:18:18.350422,0 days 00:00:30.695448,0.4410571513466408,0.0016016398509727556,5,3.957287503514874e-05,COMPLETE
173,0.741676505312869,2024-03-02 15:18:18.350959,2024-03-02 15:18:48.477043,0 days 00:00:30.126084,0.4206503529323579,0.0021440875562178034,5,3.4541077770951e-05,COMPLETE
174,0.7386068476977566,2024-03-02 15:18:48.477566,2024-03-02 15:19:18.445526,0 days 00:00:29.967960,0.39946829675562945,0.0022043268587630975,5,2.7279435170360048e-05,COMPLETE
175,0.7353010625737898,2024-03-02 15:19:18.446122,2024-03-02 15:19:48.373237,0 days 00:00:29.927115,0.4148914764225166,0.0030959237981039145,5,3.2115133395015174e-05,COMPLETE
176,0.7445100354191263,2024-03-02 15:19:48.374256,2024-03-02 15:20:18.592536,0 days 00:00:30.218280,0.39289743088717116,0.0020011588315052556,5,2.4631784365089737e-05,COMPLETE
177,0.737190082644628,2024-03-02 15:20:18.593270,2024-03-02 15:20:49.340590,0 days 00:00:30.747320,0.45587289204206827,0.002184196697897197,5,2.3976997254443042e-05,COMPLETE
178,0.7400236127508856,2024-03-02 15:20:49.341515,2024-03-02 15:21:19.013756,0 days 00:00:29.672241,0.3863461234652376,0.0024944092468236327,5,2.5138331621117714e-05,COMPLETE
179,0.7322314049586777,2024-03-02 15:21:19.014296,2024-03-02 15:21:48.859850,0 days 00:00:29.845554,0.3925912190104351,0.0019627633785764594,5,2.7978606465244352e-05,COMPLETE
180,0.7362455726092089,2024-03-02 15:21:48.860366,2024-03-02 15:22:19.140751,0 days 00:00:30.280385,0.375333123939506,0.004927796573503686,5,0.00011128682122601005,COMPLETE
181,0.7386068476977569,2024-03-02 15:22:19.141264,2024-03-02 15:22:49.234696,0 days 00:00:30.093432,0.4091923410040898,0.001699312243896923,5,3.377980164211725e-05,COMPLETE
182,0.7343565525383707,2024-03-02 15:22:49.235305,2024-03-02 15:23:20.033243,0 days 00:00:30.797938,0.40424832308383074,0.0028469982801958425,5,4.582540267319316e-05,COMPLETE
183,0.7083825265643447,2024-03-02 15:23:20.033770,2024-03-02 15:23:50.591336,0 days 00:00:30.557566,0.42092857950633283,0.0019066357803530164,5,3.958426037645075e-05,COMPLETE
184,0.7360094451003543,2024-03-02 15:23:50.591957,2024-03-02 15:24:20.843145,0 days 00:00:30.251188,0.4366776046587808,0.0012236943702294296,5,5.7052159100505525e-05,COMPLETE
185,0.7298701298701299,2024-03-02 15:24:20.843829,2024-03-02 15:24:50.708627,0 days 00:00:29.864798,0.391278464252121,0.003770050025897476,5,3.103643220476897e-05,COMPLETE
186,0.6944510035419127,2024-03-02 15:24:50.709322,2024-03-02 15:25:20.146662,0 days 00:00:29.437340,0.4772914264152159,0.0007803363896604577,5,3.5568163147230604e-05,COMPLETE
187,0.7419126328217237,2024-03-02 15:25:20.147376,2024-03-02 15:25:50.142430,0 days 00:00:29.995054,0.42944185857909545,0.0021927782132759505,5,2.128530706321657e-05,COMPLETE
188,0.7024793388429752,2024-03-02 15:25:50.142973,2024-03-02 15:26:19.439567,0 days 00:00:29.296594,0.4638957022835581,0.002361858376838119,5,2.1778667883870652e-05,COMPLETE
189,0.7397874852420306,2024-03-02 15:26:19.440263,2024-03-02 15:26:49.682293,0 days 00:00:30.242030,0.445931126261499,0.0027506081643952286,5,2.5489263390997224e-05,COMPLETE
190,0.6394332939787485,2024-03-02 15:26:49.682863,2024-03-02 15:27:19.924276,0 days 00:00:30.241413,0.4909950152462519,0.005820935064839765,5,2.0080482893077353e-05,COMPLETE
191,0.7341204250295159,2024-03-02 15:27:19.925009,2024-03-02 15:27:49.406861,0 days 00:00:29.481852,0.4274356135430785,0.0020778073639943083,5,2.957691261631727e-05,COMPLETE
192,0.7397874852420308,2024-03-02 15:27:49.407554,2024-03-02 15:28:19.645800,0 days 00:00:30.238246,0.41183154146679074,0.001550319230345611,5,2.2507089841845328e-05,COMPLETE
193,0.7419126328217238,2024-03-02 15:28:19.646483,2024-03-02 15:28:50.394689,0 days 00:00:30.748206,0.3993059650836107,0.0018299617824439895,5,4.288929836419277e-05,COMPLETE
194,0.7400236127508856,2024-03-02 15:28:50.395201,2024-03-02 15:29:20.708213,0 days 00:00:30.313012,0.3979083828198122,0.0017677220551843037,5,4.9018356339011335e-05,COMPLETE
195,0.7376623376623377,2024-03-02 15:29:20.708876,2024-03-02 15:29:50.349388,0 days 00:00:29.640512,0.3815912870688054,0.002390598871513735,5,2.808440454146883e-05,COMPLETE
196,0.7407319952774498,2024-03-02 15:29:50.349959,2024-03-02 15:30:20.729279,0 days 00:00:30.379320,0.41972109990835915,0.007161476606409815,5,3.2937949238434695e-05,COMPLETE
197,0.7322314049586777,2024-03-02 15:30:20.730009,2024-03-02 15:30:51.138685,0 days 00:00:30.408676,0.3661545996566066,0.002057958053485439,5,4.39336796141954e-05,COMPLETE
198,0.7397874852420306,2024-03-02 15:30:51.139373,2024-03-02 15:31:21.343935,0 days 00:00:30.204562,0.43023374064860354,0.0031640309221791577,5,2.3871976688276427e-05,COMPLETE
199,0.7421487603305785,2024-03-02 15:31:21.344604,2024-03-02 15:31:50.934383,0 days 00:00:29.589779,0.4026629671791258,0.001659858677349317,5,9.716291995152109e-05,COMPLETE
200,0.7426210153482882,2024-03-02 15:31:50.935110,2024-03-02 15:32:20.419054,0 days 00:00:29.483944,0.45490290880158,0.008210856708098966,5,0.00010895880950801899,COMPLETE
201,0.7374262101534829,2024-03-02 15:32:20.419743,2024-03-02 15:32:50.103482,0 days 00:00:29.683739,0.45357637024241604,0.0075487112798939575,5,9.133904645990244e-05,COMPLETE
202,0.7378984651711924,2024-03-02 15:32:50.104001,2024-03-02 15:33:19.877347,0 days 00:00:29.773346,0.47193087282984514,0.009430273636080927,5,7.911956388219731e-05,COMPLETE
203,0.734120425029516,2024-03-02 15:33:19.878095,2024-03-02 15:33:50.596906,0 days 00:00:30.718811,0.44143218362797343,0.004268532808808045,5,0.00011354242325773525,COMPLETE
204,0.7378984651711925,2024-03-02 15:33:50.597624,2024-03-02 15:34:20.268506,0 days 00:00:29.670882,0.4021980354229416,0.00872056760419006,5,9.861186313659866e-05,COMPLETE
205,0.7341204250295159,2024-03-02 15:34:20.269243,2024-03-02 15:34:50.055462,0 days 00:00:29.786219,0.45933170720684924,0.0062990969408474665,5,0.0001274980341216139,COMPLETE
206,0.5768595041322314,2024-03-02 15:34:50.056092,2024-03-02 15:35:20.532975,0 days 00:00:30.476883,0.49919261400444614,0.0003663305826479018,5,0.00010583799336572645,COMPLETE
207,0.736245572609209,2024-03-02 15:35:20.533745,2024-03-02 15:35:51.106319,0 days 00:00:30.572574,0.41758831261887536,0.0016610792133133951,5,0.0001028601193967946,COMPLETE
208,0.6772136953955135,2024-03-02 15:35:51.107034,2024-03-02 15:36:21.454164,0 days 00:00:30.347130,0.2196993066755148,0.0025273230357279043,5,6.624178605779796e-05,COMPLETE
209,0.7357733175914993,2024-03-02 15:36:21.454841,2024-03-02 15:36:51.991245,0 days 00:00:30.536404,0.43291885721111434,0.005428499583965464,5,8.333193583927679e-05,COMPLETE
210,0.695159386068477,2024-03-02 15:36:51.991832,2024-03-02 15:37:13.136852,0 days 00:00:21.145020,0.4024189848149325,0.0014054879345466015,3,9.097849974466966e-05,COMPLETE
211,0.7293978748524204,2024-03-02 15:37:13.137553,2024-03-02 15:37:43.747932,0 days 00:00:30.610379,0.3880276712520143,0.0020150646218983744,5,3.77530711716208e-05,COMPLETE
212,0.734120425029516,2024-03-02 15:37:43.748601,2024-03-02 15:38:14.174446,0 days 00:00:30.425845,0.3966531138499271,0.0018652342016047142,5,0.00012102680984112694,COMPLETE
213,0.7426210153482881,2024-03-02 15:38:14.175177,2024-03-02 15:38:44.394531,0 days 00:00:30.219354,0.3801637724242518,0.0016086468856208417,5,7.238108345451723e-05,COMPLETE
214,0.7303423848878394,2024-03-02 15:38:44.395236,2024-03-02 15:39:14.445855,0 days 00:00:30.050619,0.3752161189143185,0.001566180980101609,5,6.943582136226041e-05,COMPLETE
215,0.7374262101534829,2024-03-02 15:39:14.446548,2024-03-02 15:39:44.649224,0 days 00:00:30.202676,0.4098541901508144,0.007994304707328776,5,7.333224824937667e-05,COMPLETE
216,0.6920897284533648,2024-03-02 15:39:44.649800,2024-03-02 15:40:14.764144,0 days 00:00:30.114344,0.3006927998062394,0.002205877582383431,5,8.76624017988892e-05,COMPLETE
217,0.7364817001180637,2024-03-02 15:40:14.764865,2024-03-02 15:40:45.513663,0 days 00:00:30.748798,0.3837265912239023,0.0012811446025925207,5,0.0005425243010679937,COMPLETE
218,0.7412042502951594,2024-03-02 15:40:45.514113,2024-03-02 15:41:16.267715,0 days 00:00:30.753602,0.42082672033573665,0.003520150972854774,5,2.6307915139090888e-05,COMPLETE
219,0.6193624557260919,2024-03-02 15:41:16.268449,2024-03-02 15:41:47.146321,0 days 00:00:30.877872,0.4452436634151694,0.00011488916879337678,5,6.212866314742048e-05,COMPLETE
220,0.6498229043683589,2024-03-02 15:41:47.147058,2024-03-02 15:42:18.295408,0 days 00:00:31.148350,0.4659263534465422,0.00026546820056555807,5,5.471367405792767e-05,COMPLETE
221,0.736245572609209,2024-03-02 15:42:18.296173,2024-03-02 15:42:48.667897,0 days 00:00:30.371724,0.3931676159326525,0.001748649685745536,5,3.587063838895644e-05,COMPLETE
222,0.737190082644628,2024-03-02 15:42:48.668500,2024-03-02 15:43:18.920204,0 days 00:00:30.251704,0.4049211737515429,0.0018672123545989375,5,3.0817566408866e-05,COMPLETE
223,0.7369539551357734,2024-03-02 15:43:18.920743,2024-03-02 15:43:49.509871,0 days 00:00:30.589128,0.3898469911428776,0.0014543101944777168,5,4.392846651346787e-05,COMPLETE
224,0.725383707201889,2024-03-02 15:43:49.510563,2024-03-02 15:44:20.268301,0 days 00:00:30.757738,0.37243842980271247,0.002387912132716776,5,0.00014904085868122546,COMPLETE
225,0.7343565525383706,2024-03-02 15:44:20.269044,2024-03-02 15:44:50.677315,0 days 00:00:30.408271,0.4101109868893605,0.0020966364507441783,5,3.828427163784824e-05,COMPLETE
226,0.7336481700118064,2024-03-02 15:44:50.678089,2024-03-02 15:45:21.023536,0 days 00:00:30.345447,0.39879642536803583,0.0028534590130186374,5,3.430577840102016e-05,COMPLETE
227,0.6358913813459268,2024-03-02 15:45:21.024283,2024-03-02 15:45:50.383459,0 days 00:00:29.359176,0.485791792242259,0.009839269220162202,5,9.628534338459293e-05,COMPLETE
228,0.7355371900826446,2024-03-02 15:45:50.384074,2024-03-02 15:46:20.463263,0 days 00:00:30.079189,0.38328039381873463,0.001792886207491113,5,4.0816067755298513e-05,COMPLETE
229,0.7119244391971665,2024-03-02 15:46:20.463807,2024-03-02 15:46:51.138381,0 days 00:00:30.674574,0.28270547596357337,0.0005348044149903979,5,8.01425847331914e-05,COMPLETE
230,0.7291617473435655,2024-03-02 15:46:51.139115,2024-03-02 15:47:21.563224,0 days 00:00:30.424109,0.35985802395902006,0.0015781077737917672,5,3.1864584179766686e-05,COMPLETE
231,0.7395513577331759,2024-03-02 15:47:21.563876,2024-03-02 15:47:52.197321,0 days 00:00:30.633445,0.4160915029277117,0.0011306561495234982,5,4.3094649929063995e-05,COMPLETE
232,0.7305785123966941,2024-03-02 15:47:52.198066,2024-03-02 15:48:21.990845,0 days 00:00:29.792779,0.34774277780296825,0.0008714056577237705,5,4.011096402773675e-05,COMPLETE
233,0.7428571428571428,2024-03-02 15:48:21.991602,2024-03-02 15:48:51.661172,0 days 00:00:29.669570,0.40793868226798546,0.001327885864693128,5,5.0502051426824644e-05,COMPLETE
234,0.7357733175914994,2024-03-02 15:48:51.662000,2024-03-02 15:49:21.583112,0 days 00:00:29.921112,0.4287411894000863,0.0013929193977089782,5,6.002268156370477e-05,COMPLETE
235,0.7397874852420306,2024-03-02 15:49:21.583930,2024-03-02 15:49:52.411849,0 days 00:00:30.827919,0.39463087176100936,0.00162601775490052,5,4.7884487304261305e-05,COMPLETE
236,0.7319952774498228,2024-03-02 15:49:52.412618,2024-03-02 15:50:22.400824,0 days 00:00:29.988206,0.41086290628038313,0.006726823179721704,5,5.1325481682105044e-05,COMPLETE
237,0.7402597402597403,2024-03-02 15:50:22.401520,2024-03-02 15:50:53.270661,0 days 00:00:30.869141,0.4043438443929433,0.002186055363496759,5,2.1601361608641626e-05,COMPLETE
238,0.674616292798111,2024-03-02 15:50:53.271382,2024-03-02 15:51:22.911404,0 days 00:00:29.640022,0.11645982412832323,0.0012628879731847295,5,2.905491170510567e-05,COMPLETE
239,0.7353010625737898,2024-03-02 15:51:22.912160,2024-03-02 15:51:52.726139,0 days 00:00:29.813979,0.4534388365077364,0.0019061237526333717,5,0.0001002624715473078,COMPLETE
240,0.7386068476977569,2024-03-02 15:51:52.726863,2024-03-02 15:52:22.904621,0 days 00:00:30.177758,0.3871233763834013,0.004064875088203822,5,5.430810201903267e-05,COMPLETE
241,0.730814639905549,2024-03-02 15:52:22.905401,2024-03-02 15:52:53.279317,0 days 00:00:30.373916,0.4182794452712397,0.001179075731324364,5,4.754743633419818e-05,COMPLETE
242,0.7079102715466352,2024-03-02 15:52:53.280085,2024-03-02 15:53:24.225923,0 days 00:00:30.945838,0.4086378308668877,0.0010459495609318678,5,3.633068730513073e-05,COMPLETE
243,0.7367178276269186,2024-03-02 15:53:24.226433,2024-03-02 15:53:54.392966,0 days 00:00:30.166533,0.3961030030473374,0.0014535724868491853,5,4.0974344395937445e-05,COMPLETE
244,0.7407319952774498,2024-03-02 15:53:54.393758,2024-03-02 15:54:24.720069,0 days 00:00:30.326311,0.43456985931348274,0.002530926151087016,5,3.316364815390182e-05,COMPLETE
245,0.734120425029516,2024-03-02 15:54:24.720802,2024-03-02 15:54:55.248929,0 days 00:00:30.528127,0.422961921252669,0.0016749019043883623,5,3.852249112631945e-05,COMPLETE
246,0.4672963400236128,2024-03-02 15:54:55.249529,2024-03-02 15:55:26.210616,0 days 00:00:30.961087,0.40093449208617055,2.4018435057442545e-05,5,7.270614308538639e-05,COMPLETE
247,0.701770956316411,2024-03-02 15:55:26.211070,2024-03-02 15:55:55.627586,0 days 00:00:29.416516,0.31577402610389393,0.001945650767286335,5,2.480039206734007e-05,COMPLETE
248,0.7303423848878394,2024-03-02 15:55:55.628016,2024-03-02 15:56:25.894757,0 days 00:00:30.266741,0.3795642654019893,0.0029915853710142963,5,4.445146495003414e-05,COMPLETE
249,0.7367178276269185,2024-03-02 15:56:25.895208,2024-03-02 15:56:56.225606,0 days 00:00:30.330398,0.4140974166621474,0.0022186669203824003,5,2.725539997652354e-05,COMPLETE
