number,value,datetime_start,datetime_complete,duration,params_dropout,params_lr,params_num_layers,params_weight_decay,state
250,0.8616487455197133,2024-03-02 12:00:44.796281,2024-03-02 12:01:05.150163,0 days 00:00:20.353882,0.3134574063398382,0.002504254533858114,3,0.0002191351067558384,COMPLETE
251,0.8697729988052568,2024-03-02 12:01:05.150785,2024-03-02 12:01:25.401579,0 days 00:00:20.250794,0.29465846030483184,0.00534332793513056,3,0.00029305425253328536,COMPLETE
252,0.8571087216248507,2024-03-02 12:01:25.402243,2024-03-02 12:01:46.304309,0 days 00:00:20.902066,0.2943867978757781,0.004914438964226584,3,0.0002652500432282272,COMPLETE
253,0.866188769414576,2024-03-02 12:01:46.304971,2024-03-02 12:02:07.042016,0 days 00:00:20.737045,0.26578646027010105,0.0043204546466712596,3,0.00029263586945217125,COMPLETE
254,0.863321385902031,2024-03-02 12:02:07.042661,2024-03-02 12:02:27.893289,0 days 00:00:20.850628,0.3445198065138775,0.0055598562223833645,3,0.0001413993214824099,COMPLETE
255,0.8664277180406212,2024-03-02 12:02:27.893994,2024-03-02 12:02:48.605095,0 days 00:00:20.711101,0.303893479576908,0.003825309124706668,3,0.00029712468089865957,COMPLETE
256,0.8666666666666666,2024-03-02 12:02:48.605790,2024-03-02 12:03:08.288776,0 days 00:00:19.682986,0.3664523135986403,0.0009603920114177464,3,0.0006260380249488903,COMPLETE
257,0.8583034647550776,2024-03-02 12:03:08.289470,2024-03-02 12:03:33.491454,0 days 00:00:25.201984,0.32119568316099867,0.005260071395043305,4,0.00037318848422531793,COMPLETE
258,0.8642771804062127,2024-03-02 12:03:33.492164,2024-03-02 12:03:53.874269,0 days 00:00:20.382105,0.3021068915507199,0.0030850495210742123,3,0.00025536921116773334,COMPLETE
259,0.8635603345280763,2024-03-02 12:03:53.874970,2024-03-02 12:04:14.622116,0 days 00:00:20.747146,0.3773787012415379,0.0019524852453283858,3,0.00032276024719498183,COMPLETE
260,0.869295101553166,2024-03-02 12:04:14.622770,2024-03-02 12:04:35.305479,0 days 00:00:20.682709,0.33252618434965187,0.0043987954112375315,3,0.00019930700501771492,COMPLETE
261,0.8664277180406212,2024-03-02 12:04:35.306142,2024-03-02 12:04:55.874290,0 days 00:00:20.568148,0.3398396194457089,0.004312902625800596,3,0.00019734390007747547,COMPLETE
262,0.8671445639187574,2024-03-02 12:04:55.874981,2024-03-02 12:05:16.301701,0 days 00:00:20.426720,0.33115945258407803,0.00620731762955556,3,0.0001579120624009278,COMPLETE
263,0.8652329749103942,2024-03-02 12:05:16.302283,2024-03-02 12:05:37.014380,0 days 00:00:20.712097,0.3107915967084278,0.004666623098813633,3,0.0002143916987017225,COMPLETE
264,0.8676224611708483,2024-03-02 12:05:37.015051,2024-03-02 12:05:55.783383,0 days 00:00:18.768332,0.05346007483926163,0.003652136847598722,3,0.00018230906622552497,COMPLETE
265,0.8673835125448027,2024-03-02 12:05:55.784060,2024-03-02 12:06:16.138102,0 days 00:00:20.354042,0.32421496350381646,0.0057033745870238885,3,0.0001680045277833402,COMPLETE
266,0.8432497013142175,2024-03-02 12:06:16.138769,2024-03-02 12:06:37.332208,0 days 00:00:21.193439,0.3496403078524397,7.320441902802518e-05,3,0.00023218737321044203,COMPLETE
267,0.8678614097968937,2024-03-02 12:06:37.332882,2024-03-02 12:06:57.458732,0 days 00:00:20.125850,0.3569155460387549,0.0013449325675855218,3,0.00012843976665444026,COMPLETE
268,0.866188769414576,2024-03-02 12:06:57.459395,2024-03-02 12:07:18.063238,0 days 00:00:20.603843,0.3363235039640836,0.004161570827976388,3,3.259173042313599e-05,COMPLETE
269,0.8618876941457586,2024-03-02 12:07:18.063961,2024-03-02 12:07:38.513485,0 days 00:00:20.449524,0.31589022874777134,0.005151411514954296,3,0.0004128252190213371,COMPLETE
270,0.8640382317801674,2024-03-02 12:07:38.514191,2024-03-02 12:07:59.177182,0 days 00:00:20.662991,0.3281237630814526,0.0034612463597262434,3,0.0006914405002907727,COMPLETE
271,0.8669056152927119,2024-03-02 12:07:59.177813,2024-03-02 12:08:19.661570,0 days 00:00:20.483757,0.38492377063495103,0.007456934047130914,3,0.0003433528233916297,COMPLETE
272,0.8649940262843488,2024-03-02 12:08:19.662262,2024-03-02 12:08:40.502588,0 days 00:00:20.840326,0.45508623650085483,0.002859581295416291,3,0.00038811080770709744,COMPLETE
273,0.8606929510155317,2024-03-02 12:08:40.503420,2024-03-02 12:09:00.941791,0 days 00:00:20.438371,0.23298918441673452,0.0005901696035474388,3,0.00020427727007441248,COMPLETE
274,0.8630824372759858,2024-03-02 12:09:00.942487,2024-03-02 12:09:21.833977,0 days 00:00:20.891490,0.36137339269918606,0.004557930660173598,3,0.0005765824625198199,COMPLETE
275,0.8649940262843488,2024-03-02 12:09:21.834468,2024-03-02 12:09:42.706848,0 days 00:00:20.872380,0.44687074620551476,0.0017296470252577615,3,9.261218348970763e-05,COMPLETE
276,0.8654719235364396,2024-03-02 12:09:42.707553,2024-03-02 12:10:03.500798,0 days 00:00:20.793245,0.3448752835285818,0.006274582910007812,3,0.0005002109634220113,COMPLETE
277,0.8642771804062127,2024-03-02 12:10:03.501368,2024-03-02 12:10:28.534913,0 days 00:00:25.033545,0.3763683966197876,0.004025324303184483,4,0.00044857789074316415,COMPLETE
278,0.8721624850657108,2024-03-02 12:10:28.535585,2024-03-02 12:10:48.594806,0 days 00:00:20.059221,0.2923527147822244,0.005325447470729982,3,0.00031581920219585083,COMPLETE
279,0.8649940262843488,2024-03-02 12:10:48.595460,2024-03-02 12:11:08.962758,0 days 00:00:20.367298,0.29257165622889447,0.005087352084158093,3,0.00031555572745810116,COMPLETE
280,0.8640382317801674,2024-03-02 12:11:08.963468,2024-03-02 12:11:29.873593,0 days 00:00:20.910125,0.28401164947447344,0.006968008459531695,3,0.00027122760087856524,COMPLETE
281,0.8654719235364396,2024-03-02 12:11:29.874318,2024-03-02 12:11:49.771449,0 days 00:00:19.897131,0.3965454472354756,0.005877576813178682,3,0.00035872806511563147,COMPLETE
282,0.8649940262843488,2024-03-02 12:11:49.772131,2024-03-02 12:12:09.741493,0 days 00:00:19.969362,0.2759012143170069,0.005375559605551622,3,0.0002441538088151253,COMPLETE
283,0.8683393070489845,2024-03-02 12:12:09.742191,2024-03-02 12:12:29.396416,0 days 00:00:19.654225,0.314009208270822,0.008040043774681382,3,0.00033356708123803355,COMPLETE
284,0.8695340501792114,2024-03-02 12:12:29.397135,2024-03-02 12:12:50.183274,0 days 00:00:20.786139,0.3102966432079872,0.008516727779343073,3,0.000305602872547319,COMPLETE
285,0.866188769414576,2024-03-02 12:12:50.183978,2024-03-02 12:13:10.946488,0 days 00:00:20.762510,0.30611691917649386,0.00835346387819486,3,0.0002968544082900099,COMPLETE
286,0.8690561529271207,2024-03-02 12:13:10.947157,2024-03-02 12:13:31.352273,0 days 00:00:20.405116,0.30983052933298266,0.008489130097530662,3,0.00027512900871117267,COMPLETE
287,0.8671445639187574,2024-03-02 12:13:31.352952,2024-03-02 12:13:52.021288,0 days 00:00:20.668336,0.2978808344116191,0.007824826943867418,3,0.00029440207887749886,COMPLETE
288,0.8659498207885304,2024-03-02 12:13:52.021994,2024-03-02 12:14:10.718992,0 days 00:00:18.696998,0.31652986396241306,0.0082132713821365,3,0.00026277057344079827,COMPLETE
289,0.864994026284349,2024-03-02 12:14:10.719673,2024-03-02 12:14:31.445167,0 days 00:00:20.725494,0.3122709830902682,0.006710472100314911,3,0.0003235800853862061,COMPLETE
290,0.8630824372759855,2024-03-02 12:14:31.445906,2024-03-02 12:14:52.249461,0 days 00:00:20.803555,0.3186709296640473,0.008405290830090974,3,0.00027439317823539183,COMPLETE
291,0.8657108721624851,2024-03-02 12:14:52.250202,2024-03-02 12:15:12.947482,0 days 00:00:20.697280,0.30807090419686983,0.007186019995417089,3,0.0002294470359880387,COMPLETE
292,0.8614097968936678,2024-03-02 12:15:12.948180,2024-03-02 12:15:33.767068,0 days 00:00:20.818888,0.30144189455214215,0.009920328454293043,3,0.0003218465604195448,COMPLETE
293,0.8654719235364396,2024-03-02 12:15:33.767772,2024-03-02 12:15:54.355207,0 days 00:00:20.587435,0.3269644289997691,0.007276812578020471,3,0.0002494237037658838,COMPLETE
294,0.8683393070489844,2024-03-02 12:15:54.355873,2024-03-02 12:16:14.773261,0 days 00:00:20.417388,0.32724040167408863,0.008660608746138184,3,0.000348374036122679,COMPLETE
295,0.8657108721624851,2024-03-02 12:16:14.773990,2024-03-02 12:16:35.034566,0 days 00:00:20.260576,0.3154050991151652,0.006177087577940091,3,0.0001522646424722714,COMPLETE
296,0.8614097968936679,2024-03-02 12:16:35.035249,2024-03-02 12:16:55.747893,0 days 00:00:20.712644,0.2817161120510796,0.0014929364749793075,3,0.00027772495173965337,COMPLETE
297,0.8673835125448027,2024-03-02 12:16:55.748583,2024-03-02 12:17:16.583368,0 days 00:00:20.834785,0.298101575979037,0.006675191875270091,3,0.00029890890813337185,COMPLETE
298,0.8592592592592594,2024-03-02 12:17:16.584103,2024-03-02 12:17:37.118660,0 days 00:00:20.534557,0.29024833714049747,0.00886756054587392,3,0.0003888004251104012,COMPLETE
299,0.8664277180406212,2024-03-02 12:17:37.119385,2024-03-02 12:17:57.659775,0 days 00:00:20.540390,0.2775921667789206,0.000333602502580848,3,0.00020818331810081272,COMPLETE
