number,value,datetime_start,datetime_complete,duration,params_dropout,params_lr,params_num_layers,params_weight_decay,state
250,0.8499916680553241,2024-03-02 13:32:54.594143,2024-03-02 13:33:10.983215,0 days 00:00:16.389072,0.3404522529016697,0.0028788267225749314,1,0.0006443975496295576,COMPLETE
251,0.8554907515414097,2024-03-02 13:33:10.984664,2024-03-02 13:33:26.359573,0 days 00:00:15.374909,0.10884816001385668,0.003263053968475542,1,0.00014934257909138317,COMPLETE
252,0.6555240793201133,2024-03-02 13:33:26.360066,2024-03-02 13:33:41.866398,0 days 00:00:15.506332,0.08959308071235984,1.613811619737691e-05,1,0.0005520837802971915,COMPLETE
253,0.8547908681886351,2024-03-02 13:33:41.867709,2024-03-02 13:33:57.195270,0 days 00:00:15.327561,0.1511417713462237,0.004066206042924462,1,0.00022492366694786,COMPLETE
254,0.8544575904015999,2024-03-02 13:33:57.196554,2024-03-02 13:34:12.480998,0 days 00:00:15.284444,0.017515762192076012,0.005028226671832916,1,0.0002653750915208663,COMPLETE
255,0.8568238626895518,2024-03-02 13:34:12.482364,2024-03-02 13:34:27.301082,0 days 00:00:14.818718,0.14028154523049455,0.008048738794039362,1,0.00029168811508675,COMPLETE
256,0.7764372604565906,2024-03-02 13:34:27.302624,2024-03-02 13:34:42.591603,0 days 00:00:15.288979,0.14315266782832844,4.6405678509957767e-05,1,0.0002749714957354352,COMPLETE
257,0.8540909848358608,2024-03-02 13:34:42.592038,2024-03-02 13:34:57.741595,0 days 00:00:15.149557,0.05345008058061382,0.009934243591827267,1,0.0005786049683377817,COMPLETE
258,0.8555574070988168,2024-03-02 13:34:57.742219,2024-03-02 13:35:13.327031,0 days 00:00:15.584812,0.15793200097540863,0.008079391855796755,1,0.00068061786069331,COMPLETE
259,0.8564239293451091,2024-03-02 13:35:13.328384,2024-03-02 13:35:28.519459,0 days 00:00:15.191075,0.09909628374697788,0.008723475118865932,1,0.00031747991393930224,COMPLETE
260,0.8545575737377105,2024-03-02 13:35:28.520785,2024-03-02 13:35:43.663690,0 days 00:00:15.142905,0.06843928480376206,0.008485396855608769,1,0.00047998700836578444,COMPLETE
261,0.8530578236960507,2024-03-02 13:35:43.665074,2024-03-02 13:35:58.991557,0 days 00:00:15.326483,0.0973225660212792,0.0075595213247051235,1,0.0005255419863510163,COMPLETE
262,0.8384269288451925,2024-03-02 13:35:58.992933,2024-03-02 13:36:27.685904,0 days 00:00:28.692971,0.0888933899666923,0.00878852138131301,4,0.00033521744904190106,COMPLETE
263,0.8540243292784536,2024-03-02 13:36:27.686655,2024-03-02 13:36:42.655654,0 days 00:00:14.968999,0.0391006736976231,0.007345465117689374,1,0.00011898601390324961,COMPLETE
264,0.8511914680886518,2024-03-02 13:36:42.657126,2024-03-02 13:36:59.516796,0 days 00:00:16.859670,0.11041508238836804,0.005880184594551292,1,0.00027557604469787954,COMPLETE
265,0.8535244125979004,2024-03-02 13:36:59.518429,2024-03-02 13:37:18.027440,0 days 00:00:18.509011,0.08013731159023806,0.009945508952233948,1,0.0003115585564128936,COMPLETE
266,0.8335277453757707,2024-03-02 13:37:18.029066,2024-03-02 13:37:43.366967,0 days 00:00:25.337901,0.13791749144356494,0.008869819950011447,3,0.00025193492585866875,COMPLETE
267,0.8565239126812199,2024-03-02 13:37:43.367442,2024-03-02 13:37:59.780209,0 days 00:00:16.412767,0.09847644738709693,0.007090217343786401,1,2.8736685081757573e-05,COMPLETE
268,0.8558906848858523,2024-03-02 13:37:59.781064,2024-03-02 13:38:15.389430,0 days 00:00:15.608366,0.09411241443071161,0.007412867691395501,1,5.3091572012839436e-05,COMPLETE
269,0.8543576070654891,2024-03-02 13:38:15.391162,2024-03-02 13:38:31.081504,0 days 00:00:15.690342,0.16335211383606987,0.007962478071963283,1,6.178396836137939e-05,COMPLETE
270,0.8534244292617897,2024-03-02 13:38:31.082950,2024-03-02 13:38:46.580204,0 days 00:00:15.497254,0.0579575280510853,0.006792347873560805,1,3.199369091866586e-05,COMPLETE
271,0.85399100149975,2024-03-02 13:38:46.581645,2024-03-02 13:39:01.691865,0 days 00:00:15.110220,0.07219480401024177,0.00888811563985338,1,0.00029052346920727806,COMPLETE
272,0.85295784035994,2024-03-02 13:39:01.693321,2024-03-02 13:39:16.747398,0 days 00:00:15.054077,0.09786742196070385,0.005818199482714176,1,2.4407639022768012e-05,COMPLETE
273,0.8545909015164138,2024-03-02 13:39:16.748910,2024-03-02 13:39:31.852466,0 days 00:00:15.103556,0.17643851166728286,0.0066829071053238365,1,0.00013771538994621373,COMPLETE
274,0.8526912181303116,2024-03-02 13:39:31.853617,2024-03-02 13:39:46.802568,0 days 00:00:14.948951,0.08523039578291393,0.007803349963537904,1,1.695873944362948e-05,COMPLETE
275,0.8526912181303118,2024-03-02 13:39:46.804036,2024-03-02 13:40:02.075016,0 days 00:00:15.270980,0.12515073959399636,0.0035742198154541938,1,0.0002365917122238471,COMPLETE
276,0.853324445925679,2024-03-02 13:40:02.076492,2024-03-02 13:40:17.318754,0 days 00:00:15.242262,0.14398902912957348,0.0016929740231671048,1,0.00029874081242942823,COMPLETE
277,0.8483252791201468,2024-03-02 13:40:17.320194,2024-03-02 13:40:32.649184,0 days 00:00:15.328990,0.012862705321239553,0.0004294519000029375,1,0.00015651860786015243,COMPLETE
278,0.8573904349275121,2024-03-02 13:40:32.650744,2024-03-02 13:40:47.764251,0 days 00:00:15.113507,0.10600487437172122,0.009019457210138656,1,0.0002954821761136413,COMPLETE
279,0.8541576403932677,2024-03-02 13:40:47.765743,2024-03-02 13:41:02.946221,0 days 00:00:15.180478,0.10951287272123039,0.009868143472975616,1,0.00029329058019006876,COMPLETE
280,0.852591234794201,2024-03-02 13:41:02.947715,2024-03-02 13:41:18.281072,0 days 00:00:15.333357,0.1195841050495101,0.005889279948303227,1,0.0003782184038359327,COMPLETE
281,0.8536577237127145,2024-03-02 13:41:18.282599,2024-03-02 13:41:33.639547,0 days 00:00:15.356948,0.10057241608300281,0.004552699370078789,1,3.595134587167292e-05,COMPLETE
282,0.8532911181469756,2024-03-02 13:41:33.641003,2024-03-02 13:41:48.768250,0 days 00:00:15.127247,0.044839833408656146,0.007040103382461479,1,0.0003105893611802062,COMPLETE
283,0.8542576237293785,2024-03-02 13:41:48.769739,2024-03-02 13:42:03.743797,0 days 00:00:14.974058,0.10523209872118613,0.0079391393705886,1,4.520373522111569e-05,COMPLETE
284,0.8544242626228963,2024-03-02 13:42:03.745301,2024-03-02 13:42:18.715872,0 days 00:00:14.970571,0.08219524829999565,0.0020456781797484895,1,0.0003315575846508822,COMPLETE
285,0.8524912514580902,2024-03-02 13:42:18.716515,2024-03-02 13:42:33.722792,0 days 00:00:15.006277,0.11818562765347726,0.0006006792003315756,1,0.00028123770573727016,COMPLETE
286,0.8571904682552909,2024-03-02 13:42:33.724330,2024-03-02 13:42:48.874591,0 days 00:00:15.150261,0.1291433777749084,0.005666014200989354,1,6.772533728618437e-05,COMPLETE
287,0.8530578236960507,2024-03-02 13:42:48.876141,2024-03-02 13:43:04.119599,0 days 00:00:15.243458,0.12931255526011964,0.005348718929396607,1,4.154350578054175e-05,COMPLETE
288,0.8541576403932678,2024-03-02 13:43:04.121111,2024-03-02 13:43:19.413141,0 days 00:00:15.292030,0.02776173864893733,0.0061279249071802405,1,7.411856712094784e-05,COMPLETE
289,0.8529245125812365,2024-03-02 13:43:19.414663,2024-03-02 13:43:34.825086,0 days 00:00:15.410423,0.09615656059258695,0.004539935412610044,1,0.0004186851610540441,COMPLETE
290,0.8538910181636394,2024-03-02 13:43:34.826645,2024-03-02 13:43:49.702344,0 days 00:00:14.875699,0.11116988575659838,0.0055427995348629544,1,0.0002470047584973305,COMPLETE
291,0.843859356773871,2024-03-02 13:43:49.703881,2024-03-02 13:44:04.970107,0 days 00:00:15.266226,0.13540255862475611,0.00024071320458249286,1,6.733661769398137e-05,COMPLETE
292,0.8548908515247458,2024-03-02 13:44:04.971622,2024-03-02 13:44:20.164966,0 days 00:00:15.193344,0.12154253005760882,0.003832805727685844,1,0.00019367835168767716,COMPLETE
293,0.8532911181469756,2024-03-02 13:44:20.165388,2024-03-02 13:44:35.456814,0 days 00:00:15.291426,0.20897544693410375,0.006657326917184096,1,0.00017448255054423675,COMPLETE
294,0.8553574404265956,2024-03-02 13:44:35.458314,2024-03-02 13:44:50.301830,0 days 00:00:14.843516,0.10487034423422138,0.0013978320019198995,1,0.0006084538134315687,COMPLETE
295,0.8456257290451591,2024-03-02 13:44:50.303310,2024-03-02 13:45:09.356520,0 days 00:00:19.053210,0.08870605606623971,0.003337198512434594,2,1.048858695715483e-05,COMPLETE
296,0.8541909681719714,2024-03-02 13:45:09.358171,2024-03-02 13:45:24.671433,0 days 00:00:15.313262,0.07598298486994277,0.004897233624135066,1,7.818778538819796e-05,COMPLETE
297,0.8527245459090151,2024-03-02 13:45:24.672954,2024-03-02 13:45:39.690739,0 days 00:00:15.017785,0.0667770220621826,0.0068918760775084605,1,5.562982118890956e-05,COMPLETE
298,0.8210964839193468,2024-03-02 13:45:39.692286,2024-03-02 13:45:55.034436,0 days 00:00:15.342150,0.1277819332918696,0.00011456960441694517,1,0.00015412919615250797,COMPLETE
299,0.8550908181969671,2024-03-02 13:45:55.035974,2024-03-02 13:46:10.184325,0 days 00:00:15.148351,0.11283775304678605,0.0023138675976136108,1,0.00035372546968997663,COMPLETE
