number,value,datetime_start,datetime_complete,duration,params_dropout,params_lr,params_num_layers,params_weight_decay,state
250,0.8040507859733979,2024-03-01 06:29:30.068183,2024-03-01 06:29:55.275145,0 days 00:00:25.206962,0.30464823667887425,0.0005730445132261869,3,0.00032142738010710074,COMPLETE
251,0.7944981862152358,2024-03-01 06:29:55.277799,2024-03-01 06:30:24.758325,0 days 00:00:29.480526,0.15318223619154084,0.0006848512717295805,4,0.0002766721037858088,COMPLETE
252,0.8029020556227329,2024-03-01 06:30:24.759798,2024-03-01 06:30:50.939892,0 days 00:00:26.180094,0.3401461478794769,0.0005247233682896763,3,0.0003103955479473909,COMPLETE
253,0.8064691656590084,2024-03-01 06:30:50.942298,2024-03-01 06:31:16.992019,0 days 00:00:26.049721,0.2972705149269628,0.0006215436241953127,3,0.00033727251841282147,COMPLETE
254,0.8044740024183797,2024-03-01 06:31:16.994753,2024-03-01 06:31:43.159107,0 days 00:00:26.164354,0.300447222965859,0.0007282312932386681,3,0.00034368509051447454,COMPLETE
255,0.802720677146312,2024-03-01 06:31:43.159458,2024-03-01 06:32:09.087163,0 days 00:00:25.927705,0.28122228288602386,0.0006215390238027011,3,0.0003051598952314222,COMPLETE
256,0.8022370012091897,2024-03-01 06:32:09.089346,2024-03-01 06:32:34.672630,0 days 00:00:25.583284,0.31297964050918065,0.0004583730378512873,3,0.0002739036580641701,COMPLETE
257,0.8010278113663846,2024-03-01 06:32:34.673807,2024-03-01 06:33:00.693017,0 days 00:00:26.019210,0.29432983008850644,0.00035807555712743426,3,0.00024770785262036077,COMPLETE
258,0.8017533252720677,2024-03-01 06:33:00.695674,2024-03-01 06:33:26.540088,0 days 00:00:25.844414,0.33102163924300587,0.0008069831368131701,3,0.00033826176512429575,COMPLETE
259,0.8022974607013301,2024-03-01 06:33:26.542349,2024-03-01 06:33:52.463441,0 days 00:00:25.921092,0.31259806923520195,0.0006506261711147546,3,0.00028606352971796744,COMPLETE
260,0.8018742442563482,2024-03-01 06:33:52.465811,2024-03-01 06:34:18.288066,0 days 00:00:25.822255,0.35316645752136444,0.0009804789844313996,3,0.00021674834956764282,COMPLETE
261,0.7826481257557437,2024-03-01 06:34:18.290765,2024-03-01 06:34:43.885310,0 days 00:00:25.594545,0.3300118398005534,0.006963286819222474,3,0.0002465002538190443,COMPLETE
262,0.7681378476420798,2024-03-01 06:34:43.888096,2024-03-01 06:35:19.643974,0 days 00:00:35.755878,0.30357330766084234,0.00022424272488372416,5,0.00019882260371827538,COMPLETE
263,0.8039298669891173,2024-03-01 06:35:19.644334,2024-03-01 06:35:45.421117,0 days 00:00:25.776783,0.2756210836897876,0.0005071033507983821,3,0.0003575791397870757,COMPLETE
264,0.8066505441354292,2024-03-01 06:35:45.421531,2024-03-01 06:36:11.352720,0 days 00:00:25.931189,0.341156939674451,0.0007063427956081191,3,0.0003195837285593721,COMPLETE
265,0.8017533252720679,2024-03-01 06:36:11.353204,2024-03-01 06:36:36.817972,0 days 00:00:25.464768,0.34916795327384137,0.0007852908397261187,3,0.0003198499376592829,COMPLETE
266,0.8019347037484884,2024-03-01 06:36:36.819277,2024-03-01 06:37:03.056877,0 days 00:00:26.237600,0.34185144528842487,0.0006999435697039192,3,0.0003779835619847067,COMPLETE
267,0.8034461910519951,2024-03-01 06:37:03.059676,2024-03-01 06:37:28.942633,0 days 00:00:25.882957,0.33430422262132814,0.0008646980932731209,3,1.7467341666634215e-05,COMPLETE
268,0.8015719467956469,2024-03-01 06:37:28.942999,2024-03-01 06:37:59.168342,0 days 00:00:30.225343,0.29108274056196537,0.0006193609313258557,4,0.00034074403304795264,COMPLETE
269,0.8003627569528415,2024-03-01 06:37:59.171371,2024-03-01 06:38:24.744463,0 days 00:00:25.573092,0.35513341402371795,0.0007539518853878348,3,0.0003101460316625569,COMPLETE
270,0.7993954050785973,2024-03-01 06:38:24.746996,2024-03-01 06:38:50.802209,0 days 00:00:26.055213,0.3607167659090601,0.0010502568056068317,3,0.0002884335213192884,COMPLETE
271,0.805199516324063,2024-03-01 06:38:50.805128,2024-03-01 06:39:16.448919,0 days 00:00:25.643791,0.326121681093518,0.0005676746706731678,3,0.00036977984427336664,COMPLETE
272,0.8038089480048367,2024-03-01 06:39:16.451998,2024-03-01 06:39:42.348243,0 days 00:00:25.896245,0.3260278218403895,0.0005763273439427238,3,0.0003751244454303732,COMPLETE
273,0.800725513905683,2024-03-01 06:39:42.351538,2024-03-01 06:40:07.694594,0 days 00:00:25.343056,0.34184835745887415,0.0004163927079884273,3,0.0003419846969657517,COMPLETE
274,0.8048972188633616,2024-03-01 06:40:07.697126,2024-03-01 06:40:33.134030,0 days 00:00:25.436904,0.3228988703678955,0.0006357310712284745,3,0.0003138352130836563,COMPLETE
275,0.8029020556227326,2024-03-01 06:40:33.135595,2024-03-01 06:40:59.091175,0 days 00:00:25.955580,0.31887515371812847,0.0006575805435308896,3,0.00032055158383726827,COMPLETE
276,0.801148730350665,2024-03-01 06:40:59.094359,2024-03-01 06:41:24.786829,0 days 00:00:25.692470,0.30208622842168453,0.0005920571306639594,3,0.0003804488654155284,COMPLETE
277,0.8037484885126964,2024-03-01 06:41:24.788223,2024-03-01 06:41:50.405470,0 days 00:00:25.617247,0.3419037072767045,0.000710769725790659,3,0.00035281213692314945,COMPLETE
278,0.8038089480048367,2024-03-01 06:41:50.408012,2024-03-01 06:42:16.510551,0 days 00:00:26.102539,0.3098743873134177,0.000584302079951341,3,0.0004316012415027059,COMPLETE
279,0.8022370012091897,2024-03-01 06:42:16.513485,2024-03-01 06:42:42.557534,0 days 00:00:26.044049,0.3326732930763883,0.0006649968152153748,3,0.0003156195443139697,COMPLETE
280,0.8023579201934703,2024-03-01 06:42:42.560685,2024-03-01 06:43:08.147213,0 days 00:00:25.586528,0.2874023831773275,0.0008318795451947988,3,0.0002881585673036881,COMPLETE
281,0.8035671100362757,2024-03-01 06:43:08.150646,2024-03-01 06:43:34.007371,0 days 00:00:25.856725,0.32384405558108936,0.0005338076287759742,3,0.00021307535250813083,COMPLETE
282,0.8012696493349456,2024-03-01 06:43:34.009911,2024-03-01 06:43:58.879914,0 days 00:00:24.870003,0.2972828040996643,0.000906940479727889,3,0.00041101190556135656,COMPLETE
283,0.7785973397823458,2024-03-01 06:43:58.880289,2024-03-01 06:44:24.681111,0 days 00:00:25.800822,0.0038388677266090188,0.0001450101671872766,3,0.00034673576641783754,COMPLETE
284,0.8010882708585247,2024-03-01 06:44:24.682705,2024-03-01 06:44:50.450494,0 days 00:00:25.767789,0.49344133404298524,0.0007295271608497543,3,0.00017338864213028096,COMPLETE
285,0.8009673518742442,2024-03-01 06:44:50.450868,2024-03-01 06:45:16.484257,0 days 00:00:26.033389,0.3643875885466105,0.0004428382967824695,3,0.00022991614707135584,COMPLETE
286,0.8046553808948005,2024-03-01 06:45:16.485116,2024-03-01 06:45:41.837819,0 days 00:00:25.352703,0.34589494939086113,0.0006286307544201457,3,0.0003854741937317389,COMPLETE
287,0.8044740024183797,2024-03-01 06:45:41.838205,2024-03-01 06:46:07.793436,0 days 00:00:25.955231,0.2771643513882612,0.0005230241541767854,3,0.00030442310695978105,COMPLETE
288,0.8039903264812576,2024-03-01 06:46:07.796560,2024-03-01 06:46:33.521057,0 days 00:00:25.724497,0.3174034783149691,0.0005878834304127442,3,0.0002737408538313226,COMPLETE
289,0.8017533252720677,2024-03-01 06:46:33.524421,2024-03-01 06:46:58.707878,0 days 00:00:25.183457,0.2689700206935771,0.0003914461612978616,3,0.00019591085711311647,COMPLETE
290,0.8066505441354292,2024-03-01 06:46:58.710441,2024-03-01 06:47:24.550954,0 days 00:00:25.840513,0.33788395216890993,0.0007300343785124383,3,0.000440495177674026,COMPLETE
291,0.8051390568319228,2024-03-01 06:47:24.551321,2024-03-01 06:47:50.511548,0 days 00:00:25.960227,0.35159811437850885,0.0008959539378843505,3,0.0004356453683765338,COMPLETE
292,0.800725513905683,2024-03-01 06:47:50.514634,2024-03-01 06:48:16.298281,0 days 00:00:25.783647,0.35496312279678177,0.0009208387503378565,3,0.00042711789828972925,COMPLETE
293,0.7959492140266022,2024-03-01 06:48:16.301340,2024-03-01 06:48:42.437217,0 days 00:00:26.135877,0.3522507169204952,0.0011175234947401107,3,0.000497095107746854,COMPLETE
294,0.8034461910519951,2024-03-01 06:48:42.439773,2024-03-01 06:49:08.152522,0 days 00:00:25.712749,0.36719399104243655,0.0008002942158041505,3,0.00043926654803318687,COMPLETE
295,0.7899637243047157,2024-03-01 06:49:08.155642,2024-03-01 06:49:34.037665,0 days 00:00:25.882023,0.04660625019700826,0.0010160069129428277,3,0.0005222445488074678,COMPLETE
296,0.8007859733978234,2024-03-01 06:49:34.040148,2024-03-01 06:50:00.037482,0 days 00:00:25.997334,0.33963448212006164,0.001238249097534876,3,0.0003712667001936065,COMPLETE
297,0.8006650544135429,2024-03-01 06:50:00.040601,2024-03-01 06:50:25.836152,0 days 00:00:25.795551,0.37486807336667016,0.0007548175359512638,3,0.00046660077015115467,COMPLETE
298,0.8030229746070132,2024-03-01 06:50:25.838768,2024-03-01 06:50:51.731902,0 days 00:00:25.893134,0.3360495183798446,0.0008955696179104812,3,0.00032437766674513007,COMPLETE
299,0.7969165659008465,2024-03-01 06:50:51.734895,2024-03-01 06:51:17.633521,0 days 00:00:25.898626,0.3568354455078869,0.0014580811805655807,3,0.00015161748147755037,COMPLETE
