number,value,datetime_start,datetime_complete,duration,params_dropout,params_lr,params_num_layers,params_weight_decay,state
125,0.7383707201889018,2024-03-02 16:40:36.824094,2024-03-02 16:41:26.678397,0 days 00:00:49.854303,0.48428238555647674,0.0008875296191902969,6,0.0002257114523808041,COMPLETE
126,0.7400236127508855,2024-03-02 16:41:26.679539,2024-03-02 16:42:18.437824,0 days 00:00:51.758285,0.4850203512936409,0.0007553243456475703,6,0.00025813506475117127,COMPLETE
127,0.7213695395513577,2024-03-02 16:42:18.438834,2024-03-02 16:42:53.660230,0 days 00:00:35.221396,0.4895991606536885,0.0005996495125728044,4,0.00028637274206816653,COMPLETE
128,0.7430932703659976,2024-03-02 16:42:53.661304,2024-03-02 16:43:45.261530,0 days 00:00:51.600226,0.47679678760982086,0.0007409212182757483,6,0.0002613847092466402,COMPLETE
129,0.7239669421487605,2024-03-02 16:43:45.262623,2024-03-02 16:44:37.389007,0 days 00:00:52.126384,0.4955125036181273,0.0007502569407748948,6,0.0003339786041284023,COMPLETE
130,0.7083825265643447,2024-03-02 16:44:37.389780,2024-03-02 16:45:24.400687,0 days 00:00:47.010907,0.4996996961587822,0.0006962012947907742,6,0.0002762813266180906,COMPLETE
131,0.7327036599763873,2024-03-02 16:45:24.401761,2024-03-02 16:46:16.643686,0 days 00:00:52.241925,0.475753606184173,0.0004561967283235072,6,0.0002649965597748393,COMPLETE
132,0.730814639905549,2024-03-02 16:46:16.644344,2024-03-02 16:47:07.161046,0 days 00:00:50.516702,0.4697817530601298,0.0008119410022060237,6,0.00038328799513910047,COMPLETE
133,0.735064935064935,2024-03-02 16:47:07.161750,2024-03-02 16:47:59.484706,0 days 00:00:52.322956,0.4804881917554741,0.0009351382175186004,6,0.00022062910181418685,COMPLETE
134,0.7334120425029516,2024-03-02 16:47:59.485467,2024-03-02 16:48:50.823383,0 days 00:00:51.337916,0.45816352811855693,0.0005410716393183146,6,0.0001858944143057424,COMPLETE
135,0.7360094451003543,2024-03-02 16:48:50.824106,2024-03-02 16:49:41.503924,0 days 00:00:50.679818,0.46767126876324294,0.0006673809303529647,6,0.00024065716124732254,COMPLETE
136,0.7430932703659977,2024-03-02 16:49:41.504675,2024-03-02 16:50:34.182857,0 days 00:00:52.678182,0.4833182798244118,0.0010333495763793347,6,0.00020521626170235134,COMPLETE
137,0.7376623376623377,2024-03-02 16:50:34.184001,2024-03-02 16:51:26.022708,0 days 00:00:51.838707,0.48732120126493694,0.0010258767880903842,6,0.00018962801972814127,COMPLETE
138,0.7350649350649351,2024-03-02 16:51:26.023448,2024-03-02 16:52:14.883728,0 days 00:00:48.860280,0.45539873254701313,0.001646423483277492,6,0.000306224960458174,COMPLETE
139,0.7327036599763873,2024-03-02 16:52:14.884449,2024-03-02 16:53:07.708348,0 days 00:00:52.823899,0.48231959323158496,0.0012981337477480526,6,0.00020741614725764337,COMPLETE
140,0.7296340023612751,2024-03-02 16:53:07.709098,2024-03-02 16:53:59.840931,0 days 00:00:52.131833,0.4349895097700744,0.0008772068521353726,6,0.00035233910206734423,COMPLETE
141,0.7360094451003542,2024-03-02 16:53:59.841770,2024-03-02 16:54:53.151642,0 days 00:00:53.309872,0.474056536816315,0.0007346490290271869,6,0.00024331475953139994,COMPLETE
142,0.7251475796930342,2024-03-02 16:54:53.152357,2024-03-02 16:55:45.615749,0 days 00:00:52.463392,0.34131345264735313,0.0010494440883312645,6,0.0002579357144514014,COMPLETE
143,0.7426210153482881,2024-03-02 16:55:45.616696,2024-03-02 16:56:37.400264,0 days 00:00:51.783568,0.46645218235603125,0.0008569677730285263,6,0.00021352831057098014,COMPLETE
144,0.7341204250295159,2024-03-02 16:56:37.401065,2024-03-02 16:57:28.949889,0 days 00:00:51.548824,0.4590035653795576,0.00136710002695208,6,0.0001715733224588883,COMPLETE
145,0.7388429752066115,2024-03-02 16:57:28.950680,2024-03-02 16:58:21.222790,0 days 00:00:52.272110,0.48947978476014115,0.0008334879174943642,6,0.00021243643551720548,COMPLETE
146,0.7208972845336483,2024-03-02 16:58:21.223635,2024-03-02 16:59:13.204986,0 days 00:00:51.981351,0.48847360707867193,0.0006152994519526364,6,0.00021241267748050506,COMPLETE
147,0.7272727272727273,2024-03-02 16:59:13.206159,2024-03-02 17:00:06.593852,0 days 00:00:53.387693,0.498556325407852,0.0008048954545616836,6,0.0001970509175111743,COMPLETE
148,0.7258559622195986,2024-03-02 17:00:06.594721,2024-03-02 17:00:59.352867,0 days 00:00:52.758146,0.4812865553548757,0.0008817936059913746,6,0.00027782027061082424,COMPLETE
149,0.6982290436835891,2024-03-02 17:00:59.353684,2024-03-02 17:01:12.287223,0 days 00:00:12.933539,0.3083674649368066,0.0011458492412852704,1,0.00022194508338706074,COMPLETE
150,0.7322314049586778,2024-03-02 17:01:12.287983,2024-03-02 17:02:04.572609,0 days 00:00:52.284626,0.4678371272789202,0.002167517776571083,6,0.00031754135512602474,COMPLETE
151,0.7343565525383707,2024-03-02 17:02:04.573509,2024-03-02 17:02:55.083822,0 days 00:00:50.510313,0.4623696612120802,0.0010298607903866078,6,0.0001554067191599836,COMPLETE
152,0.7428571428571428,2024-03-02 17:02:55.084983,2024-03-02 17:03:45.596369,0 days 00:00:50.511386,0.45050594252025633,0.0007501808098830397,6,0.00018119312031107811,COMPLETE
153,0.6982290436835891,2024-03-02 17:03:45.597227,2024-03-02 17:04:37.362273,0 days 00:00:51.765046,0.2460195181143286,0.0007455729974982212,6,0.0001788337250072503,COMPLETE
154,0.722077922077922,2024-03-02 17:04:37.363062,2024-03-02 17:05:29.824649,0 days 00:00:52.461587,0.4496990662955946,0.0006727401043936078,6,0.00020029939090444784,COMPLETE
155,0.7038961038961039,2024-03-02 17:05:29.825563,2024-03-02 17:06:21.277725,0 days 00:00:51.452162,0.48947637690519874,0.0005816832628240723,6,0.00013316273025405315,COMPLETE
156,0.7381345926800472,2024-03-02 17:06:21.278917,2024-03-02 17:07:12.965098,0 days 00:00:51.686181,0.4752579860498079,0.0008270836851010046,6,9.47396121695696e-05,COMPLETE
157,0.7322314049586777,2024-03-02 17:07:12.966374,2024-03-02 17:08:04.314924,0 days 00:00:51.348550,0.4540038967064158,0.0012508538368664233,6,0.0002624754541815874,COMPLETE
158,0.7336481700118063,2024-03-02 17:08:04.316063,2024-03-02 17:08:56.471010,0 days 00:00:52.154947,0.4800536199631455,0.0009317863003839719,6,0.00018084953876747276,COMPLETE
159,0.7277449822904368,2024-03-02 17:08:56.472289,2024-03-02 17:09:39.451500,0 days 00:00:42.979211,0.43476991929442216,0.0017581082543019657,5,0.00010600540118906966,COMPLETE
160,0.7338842975206611,2024-03-02 17:09:39.452379,2024-03-02 17:10:30.836583,0 days 00:00:51.384204,0.46889932197076545,0.0014818861794849572,6,7.522591373866451e-05,COMPLETE
161,0.7244391971664699,2024-03-02 17:10:30.837458,2024-03-02 17:11:23.663678,0 days 00:00:52.826220,0.36674010653025446,0.0010037488872398491,6,0.00016281076390834478,COMPLETE
162,0.7331759149940968,2024-03-02 17:11:23.664925,2024-03-02 17:12:14.644364,0 days 00:00:50.979439,0.46269414613301235,0.0011339352026021362,6,0.0002091167598232474,COMPLETE
163,0.7159386068476978,2024-03-02 17:12:14.645583,2024-03-02 17:13:07.575626,0 days 00:00:52.930043,0.49122960743881866,0.0007257381371525245,6,0.00014654065957044044,COMPLETE
164,0.7159386068476977,2024-03-02 17:13:07.576999,2024-03-02 17:13:56.493750,0 days 00:00:48.916751,0.39461599430090255,0.0008718842943180085,6,0.0001258347009521063,COMPLETE
165,0.7251475796930342,2024-03-02 17:13:56.495023,2024-03-02 17:14:49.141023,0 days 00:00:52.646000,0.4453577043087383,0.0006003977524707488,6,0.0002329865455843032,COMPLETE
166,0.7076741440377804,2024-03-02 17:14:49.142238,2024-03-02 17:15:39.308714,0 days 00:00:50.166476,0.32056492942805154,0.0013495062920283502,6,0.00019072879266965047,COMPLETE
167,0.7293978748524204,2024-03-02 17:15:39.309971,2024-03-02 17:16:31.763755,0 days 00:00:52.453784,0.498857183239979,0.0009604794312225954,6,0.00011854695083073935,COMPLETE
168,0.741676505312869,2024-03-02 17:16:31.764610,2024-03-02 17:17:24.607688,0 days 00:00:52.843078,0.4685605169582561,0.0007918279376407389,6,0.00015335107532195413,COMPLETE
169,0.7116883116883117,2024-03-02 17:17:24.608922,2024-03-02 17:18:16.388667,0 days 00:00:51.779745,0.4802052453521433,0.0004434127016564629,6,0.00014015778032422916,COMPLETE
170,0.7414403778040142,2024-03-02 17:18:16.390016,2024-03-02 17:19:08.173165,0 days 00:00:51.783149,0.46943503899829897,0.0007704096905221368,6,0.00016912057722135788,COMPLETE
171,0.7383707201889019,2024-03-02 17:19:08.173687,2024-03-02 17:20:00.297865,0 days 00:00:52.124178,0.4701059584756865,0.000775037738669975,6,0.00017398670732964806,COMPLETE
172,0.7286894923258559,2024-03-02 17:20:00.298352,2024-03-02 17:20:49.938773,0 days 00:00:49.640421,0.45359140752089433,0.0006344055461862476,6,0.00015827694897838166,COMPLETE
173,0.7364817001180637,2024-03-02 17:20:49.939341,2024-03-02 17:21:42.281277,0 days 00:00:52.341936,0.4850307635938737,0.0008125644215223117,6,0.00021921775862251806,COMPLETE
174,0.7383707201889019,2024-03-02 17:21:42.281788,2024-03-02 17:22:35.881205,0 days 00:00:53.599417,0.4740315404192369,0.0005456309176065716,6,0.00019762084258679696,COMPLETE
175,0.6958677685950413,2024-03-02 17:22:35.881780,2024-03-02 17:23:27.976204,0 days 00:00:52.094424,0.20643007986364698,0.0007172382367767847,6,0.0002494952375136346,COMPLETE
176,0.7390791027154664,2024-03-02 17:23:27.976629,2024-03-02 17:24:18.819379,0 days 00:00:50.842750,0.46031244680878536,0.0011678744158536386,6,0.0001476564533176035,COMPLETE
177,0.7319952774498228,2024-03-02 17:24:18.819941,2024-03-02 17:25:10.642860,0 days 00:00:51.822919,0.4566169626373842,0.0009067810717864637,6,0.0001454900789766248,COMPLETE
178,0.7194805194805195,2024-03-02 17:25:10.643382,2024-03-02 17:26:00.845809,0 days 00:00:50.202427,0.4409555369601083,0.0011504186791038804,6,0.000179824552025648,COMPLETE
179,0.7409681227863046,2024-03-02 17:26:00.846385,2024-03-02 17:26:54.073556,0 days 00:00:53.227171,0.46211207188374764,0.00048026476392065497,6,0.00013485953733779923,COMPLETE
180,0.7317591499409681,2024-03-02 17:26:54.074120,2024-03-02 17:27:46.872806,0 days 00:00:52.798686,0.41697967806406383,0.00047003882808521036,6,0.00013886789321843353,COMPLETE
181,0.7371900826446282,2024-03-02 17:27:46.873691,2024-03-02 17:28:37.115685,0 days 00:00:50.241994,0.46430791118777676,0.000637228999521628,6,0.00012897419074565347,COMPLETE
182,0.7097992916174733,2024-03-02 17:28:37.116283,2024-03-02 17:29:29.463635,0 days 00:00:52.347352,0.4707643138990929,0.0003495045273764394,6,0.00015672251732135295,COMPLETE
183,0.7322314049586777,2024-03-02 17:29:29.464218,2024-03-02 17:30:20.963213,0 days 00:00:51.498995,0.489248408867765,0.0006868145075995718,6,0.00010843165729018926,COMPLETE
184,0.7338842975206612,2024-03-02 17:30:20.963767,2024-03-02 17:31:13.539535,0 days 00:00:52.575768,0.4486630194685529,0.0008211662975807012,6,0.00011892208070325161,COMPLETE
185,0.7355371900826446,2024-03-02 17:31:13.540270,2024-03-02 17:32:06.167185,0 days 00:00:52.626915,0.46066540211754764,0.001021579986137943,6,0.00016420309162664675,COMPLETE
186,0.7270365997638725,2024-03-02 17:32:06.167777,2024-03-02 17:32:58.568370,0 days 00:00:52.400593,0.47854117662096696,0.0004944229303880225,6,0.0002078009201434952,COMPLETE
187,0.7348288075560803,2024-03-02 17:32:58.568948,2024-03-02 17:33:50.912646,0 days 00:00:52.343698,0.48878727698058216,0.0007284261702603246,6,0.0001519928429519769,COMPLETE
188,0.7121605667060212,2024-03-02 17:33:50.913461,2024-03-02 17:34:41.521784,0 days 00:00:50.608323,0.2816258733436994,0.000576290243165877,6,0.00018060000039432116,COMPLETE
189,0.7371900826446282,2024-03-02 17:34:41.522581,2024-03-02 17:35:33.006178,0 days 00:00:51.483597,0.431184533482747,0.0008672931937730486,6,0.0002295526313929715,COMPLETE
190,0.7109799291617473,2024-03-02 17:35:33.007121,2024-03-02 17:36:25.795822,0 days 00:00:52.788701,0.357810951877344,0.0012222604742909528,6,0.00013249487172755042,COMPLETE
191,0.7421487603305785,2024-03-02 17:36:25.796618,2024-03-02 17:37:17.983549,0 days 00:00:52.186931,0.4774847911107957,0.0015053315259119205,6,0.0001922065837839992,COMPLETE
192,0.7324675324675325,2024-03-02 17:37:17.984337,2024-03-02 17:38:09.463925,0 days 00:00:51.479588,0.47147859475182485,0.0010488633516670715,6,0.00019457829863706193,COMPLETE
193,0.730814639905549,2024-03-02 17:38:09.464681,2024-03-02 17:39:00.119561,0 days 00:00:50.654880,0.45386623151259714,0.001426559326018289,6,0.00016782541495749358,COMPLETE
194,0.7412042502951595,2024-03-02 17:39:00.120339,2024-03-02 17:39:50.385090,0 days 00:00:50.264751,0.479249518747973,0.0009362389723457834,6,0.000213125252437271,COMPLETE
195,0.7220779220779221,2024-03-02 17:39:50.385961,2024-03-02 17:40:39.813029,0 days 00:00:49.427068,0.4670424301946883,0.0016886573012070616,6,0.00018680801859422211,COMPLETE
196,0.7289256198347107,2024-03-02 17:40:39.813837,2024-03-02 17:41:30.360155,0 days 00:00:50.546318,0.4792975767918111,0.0012601796908732958,6,0.00028784904289067047,COMPLETE
197,0.7345926800472256,2024-03-02 17:41:30.360884,2024-03-02 17:42:21.486320,0 days 00:00:51.125436,0.44265254677027155,0.0009596496330286491,6,0.00024586819950228974,COMPLETE
198,0.723258559622196,2024-03-02 17:42:21.487335,2024-03-02 17:43:12.863764,0 days 00:00:51.376429,0.3756814956267391,0.0006470681059193049,6,0.0001475261373312897,COMPLETE
199,0.7386068476977569,2024-03-02 17:43:12.864530,2024-03-02 17:44:05.128855,0 days 00:00:52.264325,0.45982593617338113,0.0007525210311429058,6,0.00016952840440842478,COMPLETE
200,0.7378984651711924,2024-03-02 17:44:05.129519,2024-03-02 17:44:57.386932,0 days 00:00:52.257413,0.47860143414239675,0.0011258488810446652,6,0.00048707478449258314,COMPLETE
201,0.7256198347107439,2024-03-02 17:44:57.387700,2024-03-02 17:45:48.984026,0 days 00:00:51.596326,0.49772778466386375,0.0008475998854633563,6,0.00021162299679232074,COMPLETE
202,0.7345926800472256,2024-03-02 17:45:48.985081,2024-03-02 17:46:41.920406,0 days 00:00:52.935325,0.48681181605278817,0.0009432057597383766,6,0.00022575242343415752,COMPLETE
203,0.739551357733176,2024-03-02 17:46:41.921576,2024-03-02 17:47:33.031061,0 days 00:00:51.109485,0.4658936775731855,0.0007466062129974772,6,0.00019877721180003264,COMPLETE
204,0.7341204250295159,2024-03-02 17:47:33.032177,2024-03-02 17:48:22.397242,0 days 00:00:49.365065,0.46442878177926544,0.0005429616255795144,6,0.00019659503982084656,COMPLETE
205,0.7400236127508855,2024-03-02 17:48:22.398041,2024-03-02 17:49:14.396656,0 days 00:00:51.998615,0.4498942081128207,0.0007354854556271682,6,0.0002659601920683518,COMPLETE
206,0.7334120425029516,2024-03-02 17:49:14.397790,2024-03-02 17:50:05.446236,0 days 00:00:51.048446,0.4060859011453019,0.000659719489232981,6,0.000252733356818417,COMPLETE
207,0.7324675324675325,2024-03-02 17:50:05.447260,2024-03-02 17:50:57.794237,0 days 00:00:52.346977,0.44757174665285643,0.0007668169591461683,6,0.00030507468485719213,COMPLETE
208,0.6654073199527745,2024-03-02 17:50:57.795040,2024-03-02 17:51:50.514850,0 days 00:00:52.719810,0.47323380650567887,0.0002811999945962099,6,0.00028162094687157865,COMPLETE
209,0.7317591499409681,2024-03-02 17:51:50.515559,2024-03-02 17:52:41.979925,0 days 00:00:51.464366,0.45482215633587597,0.0006285836940154075,6,0.00025918760123683194,COMPLETE
210,0.6866587957497048,2024-03-02 17:52:41.981107,2024-03-02 17:53:32.622906,0 days 00:00:50.641799,0.1647195297362849,0.0003839349891292095,6,1.8018493360693817e-05,COMPLETE
211,0.7237308146399055,2024-03-02 17:53:32.623726,2024-03-02 17:54:03.639856,0 days 00:00:31.016130,0.4624085507066372,0.0009061541625006032,4,0.000181869972933048,COMPLETE
212,0.7404958677685951,2024-03-02 17:54:03.640939,2024-03-02 17:54:55.788273,0 days 00:00:52.147334,0.4715723495732882,0.0007734210526490305,6,0.0002256751966786414,COMPLETE
213,0.7324675324675326,2024-03-02 17:54:55.789070,2024-03-02 17:55:46.616550,0 days 00:00:50.827480,0.38605533079118226,0.0007351321617160633,6,0.00023514188694855197,COMPLETE
214,0.7364817001180637,2024-03-02 17:55:46.617354,2024-03-02 17:56:39.736126,0 days 00:00:53.118772,0.47398961611469775,0.0008221449750805742,6,0.00020692010782075683,COMPLETE
215,0.7152302243211335,2024-03-02 17:56:39.737068,2024-03-02 17:57:32.180412,0 days 00:00:52.443344,0.48268051532694567,0.0005729428036645832,6,0.0002236279455309315,COMPLETE
216,0.7397874852420306,2024-03-02 17:57:32.181196,2024-03-02 17:58:21.686921,0 days 00:00:49.505725,0.46825346112703786,0.0006916366137146741,6,0.00034366606621565667,COMPLETE
217,0.734120425029516,2024-03-02 17:58:21.687675,2024-03-02 17:59:14.240720,0 days 00:00:52.553045,0.47281704397318514,0.0007187211592174391,6,0.0003563623540273491,COMPLETE
218,0.7343565525383707,2024-03-02 17:59:14.241607,2024-03-02 18:00:07.012428,0 days 00:00:52.770821,0.4488212193074378,0.0006364877841819493,6,0.00037365814229319146,COMPLETE
219,0.6878394332939788,2024-03-02 18:00:07.013292,2024-03-02 18:00:57.942531,0 days 00:00:50.929239,0.06895543052029784,0.0007710649046065392,6,0.0002827248460018078,COMPLETE
220,0.7263282172373081,2024-03-02 18:00:57.943309,2024-03-02 18:01:49.839302,0 days 00:00:51.895993,0.4373954961451874,0.0005218820237107005,6,0.00019073826034363362,COMPLETE
221,0.7310507674144039,2024-03-02 18:01:49.840126,2024-03-02 18:02:42.345782,0 days 00:00:52.505656,0.46755629788967745,0.0009565214904011021,6,0.000326698461278706,COMPLETE
222,0.7350649350649352,2024-03-02 18:02:42.346636,2024-03-02 18:03:33.832489,0 days 00:00:51.485853,0.4817999822051835,0.0006793778693820346,6,0.00039749005294087956,COMPLETE
223,0.7201889020070839,2024-03-02 18:03:33.833319,2024-03-02 18:04:26.400052,0 days 00:00:52.566733,0.4998105033321959,0.0008262513585749115,6,0.00023526131787924564,COMPLETE
224,0.704840613931523,2024-03-02 18:04:26.400963,2024-03-02 18:04:52.867912,0 days 00:00:26.466949,0.4676346419568604,0.0010550684770679432,3,0.00026148896579682277,COMPLETE
225,0.7369539551357732,2024-03-02 18:04:52.869084,2024-03-02 18:05:45.239721,0 days 00:00:52.370637,0.4562174196450253,0.0009060484852938304,6,0.00021191157849233212,COMPLETE
226,0.7322314049586776,2024-03-02 18:05:45.241004,2024-03-02 18:06:36.082002,0 days 00:00:50.840998,0.48900058774394706,0.0006951088697433561,6,0.00032420416070186547,COMPLETE
227,0.7355371900826446,2024-03-02 18:06:36.083260,2024-03-02 18:07:28.657643,0 days 00:00:52.574383,0.4790908967927294,0.00058939499440793,6,0.0001998198467421838,COMPLETE
228,0.7301062573789847,2024-03-02 18:07:28.658555,2024-03-02 18:08:21.040624,0 days 00:00:52.382069,0.46493217110770607,0.0004488686075182552,6,0.0001734251277799109,COMPLETE
229,0.30082644628099175,2024-03-02 18:08:21.041560,2024-03-02 18:09:11.872963,0 days 00:00:50.831403,0.45312545295660434,2.1823336682881465e-05,6,0.00011318453718798093,COMPLETE
230,0.737190082644628,2024-03-02 18:09:11.873879,2024-03-02 18:10:03.307094,0 days 00:00:51.433215,0.42425933178302194,0.0007888948226514001,6,0.0004203080083000553,COMPLETE
231,0.7353010625737898,2024-03-02 18:10:03.308305,2024-03-02 18:10:56.638942,0 days 00:00:53.330637,0.4617997585476152,0.0011535464240789131,6,0.00015464676945214757,COMPLETE
232,0.7407319952774497,2024-03-02 18:10:56.640315,2024-03-02 18:11:49.275765,0 days 00:00:52.635450,0.47356360639044726,0.0013724670350265039,6,0.0009981574794260372,COMPLETE
233,0.736245572609209,2024-03-02 18:11:49.277004,2024-03-02 18:12:41.931904,0 days 00:00:52.654900,0.47628906122593,0.0015296810980472005,6,0.0005092924111665807,COMPLETE
234,0.7244391971664699,2024-03-02 18:12:41.932820,2024-03-02 18:13:30.329466,0 days 00:00:48.396646,0.4878194263618764,0.0019651293369192676,6,0.00033785162796394946,COMPLETE
235,0.7428571428571428,2024-03-02 18:13:30.330363,2024-03-02 18:14:21.340029,0 days 00:00:51.009666,0.472739497662,0.0013888470082005042,6,0.0006485338547302158,COMPLETE
236,0.6956316410861866,2024-03-02 18:14:21.340916,2024-03-02 18:15:09.293560,0 days 00:00:47.952644,0.2682420705137944,0.0013332489944543862,6,0.0006320164375997478,COMPLETE
237,0.7345926800472256,2024-03-02 18:15:09.294052,2024-03-02 18:16:00.539250,0 days 00:00:51.245198,0.4764014995148664,0.001621004563412122,6,0.0009721254884628318,COMPLETE
238,0.7419126328217237,2024-03-02 18:16:00.539792,2024-03-02 18:16:52.793209,0 days 00:00:52.253417,0.4915280932362258,0.00173035912182777,6,0.0007041150269450951,COMPLETE
239,0.7249114521841795,2024-03-02 18:16:52.793829,2024-03-02 18:17:44.176649,0 days 00:00:51.382820,0.48575699299075054,0.002039998893557812,6,0.0007886559874424461,COMPLETE
240,0.7312868949232585,2024-03-02 18:17:44.177160,2024-03-02 18:18:36.783737,0 days 00:00:52.606577,0.4915742201910827,0.001324220307221007,6,0.000830839410163071,COMPLETE
241,0.7397874852420306,2024-03-02 18:18:36.784315,2024-03-02 18:19:29.400992,0 days 00:00:52.616677,0.4751689082366667,0.001747824608650182,6,0.00023186329747209254,COMPLETE
242,0.7282172373081464,2024-03-02 18:19:29.401573,2024-03-02 18:20:18.062530,0 days 00:00:48.660957,0.47110525576410966,0.001723021803036179,6,0.0007168987588644067,COMPLETE
243,0.7270365997638726,2024-03-02 18:20:18.063132,2024-03-02 18:21:07.587750,0 days 00:00:49.524618,0.4803163616854681,0.001946956614686597,6,0.0007006313086446363,COMPLETE
244,0.7348288075560803,2024-03-02 18:21:07.588380,2024-03-02 18:22:00.072727,0 days 00:00:52.484347,0.4700191564370178,0.0014876841498595124,6,0.0007687977956744422,COMPLETE
245,0.7204250295159387,2024-03-02 18:22:00.073272,2024-03-02 18:22:52.832871,0 days 00:00:52.759599,0.4997172070737358,0.0026580517704109883,6,0.0005250939365510665,COMPLETE
246,0.714521841794569,2024-03-02 18:22:52.833485,2024-03-02 18:23:42.856149,0 days 00:00:50.022664,0.4443182442726807,0.0022667966986810407,6,0.0009557143988082922,COMPLETE
247,0.6632821723730815,2024-03-02 18:23:42.856637,2024-03-02 18:24:29.289661,0 days 00:00:46.433024,0.00839851978479872,0.0017714939473672496,6,0.0006112209237857501,COMPLETE
248,0.730814639905549,2024-03-02 18:24:29.290161,2024-03-02 18:25:20.877119,0 days 00:00:51.586958,0.454541789845453,0.0010433128135769957,6,0.0006826190748026155,COMPLETE
249,0.7353010625737898,2024-03-02 18:25:20.877664,2024-03-02 18:26:12.548722,0 days 00:00:51.671058,0.4826713586734145,0.000788754187701722,6,0.0008981197632003184,COMPLETE
