number,value,datetime_start,datetime_complete,duration,params_dropout,params_lr,params_num_layers,params_weight_decay,state
250,0.7402597402597403,2024-03-02 18:26:12.549396,2024-03-02 18:27:05.244405,0 days 00:00:52.695009,0.4645564684624897,0.0006956639372455212,6,0.0008750404988994705,COMPLETE
251,0.7185360094451003,2024-03-02 18:27:05.244975,2024-03-02 18:27:55.695041,0 days 00:00:50.450066,0.4606813424881507,0.0006774492676004725,6,0.0008872256361769867,COMPLETE
252,0.719952774498229,2024-03-02 18:27:55.695639,2024-03-02 18:28:47.924793,0 days 00:00:52.229154,0.3771098961905869,0.0005856846609786763,6,0.0005560457967966317,COMPLETE
253,0.7050767414403778,2024-03-02 18:28:47.925325,2024-03-02 18:29:36.763892,0 days 00:00:48.838567,0.3026125611076683,0.001471472739423103,6,0.00056589276650102,COMPLETE
254,0.7301062573789847,2024-03-02 18:29:36.764479,2024-03-02 18:30:29.820701,0 days 00:00:53.056222,0.46983621025270983,0.0005178999995835621,6,0.0008506210015853265,COMPLETE
255,0.7315230224321134,2024-03-02 18:30:29.821370,2024-03-02 18:31:21.948095,0 days 00:00:52.126725,0.44645884332069735,0.0006983559395389486,6,0.000961891235413453,COMPLETE
256,0.7253837072018889,2024-03-02 18:31:21.948697,2024-03-02 18:32:14.814365,0 days 00:00:52.865668,0.43467380842487874,0.0009266495671101238,6,0.0009745057764346932,COMPLETE
257,0.7402597402597403,2024-03-02 18:32:14.814922,2024-03-02 18:33:04.889917,0 days 00:00:50.074995,0.46149183136413213,0.0012947533365979672,6,0.0007304104462462608,COMPLETE
258,0.735064935064935,2024-03-02 18:33:04.890729,2024-03-02 18:33:56.882268,0 days 00:00:51.991539,0.45752005312300054,0.001345168155312443,6,0.0008070826935347421,COMPLETE
259,0.5886658795749705,2024-03-02 18:33:56.882983,2024-03-02 18:34:46.955664,0 days 00:00:50.072681,0.4727543877900518,0.00019342686948746476,6,0.00046534061873045534,COMPLETE
260,0.7020070838252657,2024-03-02 18:34:46.956496,2024-03-02 18:35:36.692892,0 days 00:00:49.736396,0.29455351131669044,0.0016174353408924152,6,0.0006605148889583506,COMPLETE
261,0.6968122786304605,2024-03-02 18:35:36.693654,2024-03-02 18:35:55.901486,0 days 00:00:19.207832,0.4898420556324938,0.0011895535196055447,2,0.0007454573699053286,COMPLETE
262,0.7029515938606848,2024-03-02 18:35:55.902215,2024-03-02 18:36:48.259893,0 days 00:00:52.357678,0.44673979792332397,0.003189810859181072,6,0.000772507536743934,COMPLETE
263,0.706021251475797,2024-03-02 18:36:48.260722,2024-03-02 18:37:35.904489,0 days 00:00:47.643767,0.23455124863874088,0.00010881726048202271,6,0.0006385954901949889,COMPLETE
264,0.7133412042502951,2024-03-02 18:37:35.905325,2024-03-02 18:38:27.338861,0 days 00:00:51.433536,0.3317505440523164,0.0010733103192619308,6,0.0007119389415972926,COMPLETE
265,0.6868949232585597,2024-03-02 18:38:27.339654,2024-03-02 18:39:18.200867,0 days 00:00:50.861213,0.10964180296708836,0.0003219185394544088,6,0.0008764975890981684,COMPLETE
266,0.6968122786304604,2024-03-02 18:39:18.201679,2024-03-02 18:40:10.193824,0 days 00:00:51.992145,0.2556015391520927,0.0017848471784609643,6,0.0002655264147444052,COMPLETE
267,0.7284533648170013,2024-03-02 18:40:10.194668,2024-03-02 18:41:03.214005,0 days 00:00:53.019337,0.45923955539018185,0.0013705644860768696,6,0.0004001595832499519,COMPLETE
268,0.7390791027154664,2024-03-02 18:41:03.214797,2024-03-02 18:41:56.708170,0 days 00:00:53.493373,0.47790930877570426,0.0009358822354085701,6,0.0002991896800399954,COMPLETE
269,0.7282172373081465,2024-03-02 18:41:56.708972,2024-03-02 18:42:48.832128,0 days 00:00:52.123156,0.407322409653556,0.0004153971799438741,6,0.00022492722307516913,COMPLETE
270,0.7237308146399055,2024-03-02 18:42:48.832903,2024-03-02 18:43:39.289052,0 days 00:00:50.456149,0.36275421309915257,0.0012221947706208118,6,0.00043417322559418774,COMPLETE
271,0.728689492325856,2024-03-02 18:43:39.290062,2024-03-02 18:44:31.343897,0 days 00:00:52.053835,0.355122037450663,0.0006310928645885335,6,0.00046310859618833345,COMPLETE
272,0.7393152302243211,2024-03-02 18:44:31.344904,2024-03-02 18:45:23.068338,0 days 00:00:51.723434,0.46701412088215977,0.0008408025753749097,6,0.0003642647568777139,COMPLETE
273,0.5515938606847698,2024-03-02 18:45:23.068984,2024-03-02 18:46:15.381761,0 days 00:00:52.312777,0.4527448006056839,9.424772361910404e-05,6,0.0008260588786169074,COMPLETE
274,0.7319952774498228,2024-03-02 18:46:15.382623,2024-03-02 18:47:06.504203,0 days 00:00:51.121580,0.491705311728754,0.001510347326618601,6,0.00023994960797135787,COMPLETE
275,0.4852420306965762,2024-03-02 18:47:06.505062,2024-03-02 18:47:58.735621,0 days 00:00:52.230559,0.4317973054485565,4.385273778731235e-05,6,0.000251766995219707,COMPLETE
276,0.7112160566706021,2024-03-02 18:47:58.736445,2024-03-02 18:48:51.515692,0 days 00:00:52.779247,0.32298112279486535,0.0010803758401125997,6,0.0009982949963003836,COMPLETE
277,0.7357733175914994,2024-03-02 18:48:51.516561,2024-03-02 18:49:41.059879,0 days 00:00:49.543318,0.47490517810131644,0.0007611715070894146,6,0.0006752313145558272,COMPLETE
278,0.7312868949232586,2024-03-02 18:49:41.060672,2024-03-02 18:50:33.268021,0 days 00:00:52.207349,0.4848718034817106,0.0005724313782554902,6,0.00027729626992974225,COMPLETE
279,0.6991735537190082,2024-03-02 18:50:33.269110,2024-03-02 18:51:25.420658,0 days 00:00:52.151548,0.46080201017418604,0.004738265352797491,6,0.0002161980951206525,COMPLETE
280,0.7381345926800472,2024-03-02 18:51:25.421702,2024-03-02 18:52:17.289310,0 days 00:00:51.867608,0.4410186856284107,0.0009518878468664282,6,0.0005663124663018924,COMPLETE
281,0.7371900826446282,2024-03-02 18:52:17.290220,2024-03-02 18:53:09.099814,0 days 00:00:51.809594,0.4708982297498183,0.0012704504375593505,6,0.0002976559783815136,COMPLETE
282,0.7345926800472254,2024-03-02 18:53:09.100784,2024-03-02 18:54:02.015939,0 days 00:00:52.915155,0.49150640089222664,0.0022289120402721654,6,0.0008505598145949723,COMPLETE
283,0.7272727272727273,2024-03-02 18:54:02.016796,2024-03-02 18:54:53.188152,0 days 00:00:51.171356,0.3516765433426571,0.000648998005021693,6,0.00023535837780526238,COMPLETE
284,0.699409681227863,2024-03-02 18:54:53.189016,2024-03-02 18:55:45.471080,0 days 00:00:52.282064,0.2159999920479258,0.0004759628309990201,6,0.0007791914137257744,COMPLETE
285,0.7279811097992916,2024-03-02 18:55:45.472045,2024-03-02 18:56:38.461842,0 days 00:00:52.989797,0.4784681084500471,0.0018855323298535638,6,0.0006071728639991446,COMPLETE
286,0.717827626918536,2024-03-02 18:56:38.462735,2024-03-02 18:57:30.355376,0 days 00:00:51.892641,0.3420601114796905,0.0008408461195741167,6,0.00019034464864006354,COMPLETE
287,0.6911452184179457,2024-03-02 18:57:30.356266,2024-03-02 18:58:22.136104,0 days 00:00:51.779838,0.17460444308750003,0.000721267012388327,6,0.00041900749205739526,COMPLETE
288,0.7322314049586778,2024-03-02 18:58:22.137049,2024-03-02 18:59:14.594926,0 days 00:00:52.457877,0.453766937750236,0.0015887435864586949,6,0.00020811053271820853,COMPLETE
289,0.7067296340023612,2024-03-02 18:59:14.595834,2024-03-02 19:00:06.172491,0 days 00:00:51.576657,0.3954710245014786,0.008106914388517931,6,0.0002627589410605189,COMPLETE
290,0.7355371900826446,2024-03-02 19:00:06.173430,2024-03-02 19:00:58.937190,0 days 00:00:52.763760,0.46561039954138916,0.0010147942076224894,6,0.0009130142922348226,COMPLETE
291,0.705785123966942,2024-03-02 19:00:58.938127,2024-03-02 19:01:51.047747,0 days 00:00:52.109620,0.2806976288985619,0.0011898157779832116,6,0.00016509067342303287,COMPLETE
292,0.7173553719008264,2024-03-02 19:01:51.049042,2024-03-02 19:02:42.524323,0 days 00:00:51.475281,0.49888205448411466,0.0008404156261328604,6,0.0003443090924346882,COMPLETE
293,0.719952774498229,2024-03-02 19:02:42.525180,2024-03-02 19:03:31.993316,0 days 00:00:49.468136,0.48160499344095176,0.0005253622626608735,6,0.0005274881744042429,COMPLETE
294,0.735064935064935,2024-03-02 19:03:31.994290,2024-03-02 19:04:23.320491,0 days 00:00:51.326201,0.42436594526452803,0.0013726791230581257,6,0.00022200284802972953,COMPLETE
295,0.7348288075560803,2024-03-02 19:04:23.321465,2024-03-02 19:05:16.779273,0 days 00:00:53.457808,0.4490025582893908,0.0006685658899048118,6,0.00030792356581727865,COMPLETE
296,0.7428571428571429,2024-03-02 19:05:16.780485,2024-03-02 19:06:09.773020,0 days 00:00:52.992535,0.46513768984980935,0.0010706894704711554,6,0.0007504059674247489,COMPLETE
297,0.7412042502951594,2024-03-02 19:06:09.773993,2024-03-02 19:07:01.864584,0 days 00:00:52.090591,0.46193050567148514,0.0010400434248774054,6,0.0007384640161276315,COMPLETE
298,0.7407319952774498,2024-03-02 19:07:01.865963,2024-03-02 19:07:53.905255,0 days 00:00:52.039292,0.4561683549779274,0.0010605347494924387,6,0.0007679996550860311,COMPLETE
299,0.7327036599763872,2024-03-02 19:07:53.906463,2024-03-02 19:08:46.120032,0 days 00:00:52.213569,0.4601269047905716,0.0010794168991221842,6,0.0007150620884102944,COMPLETE
