number,value,datetime_start,datetime_complete,duration,params_dropout,params_lr,params_num_layers,params_weight_decay,state
0,0.853763440860215,2024-03-02 10:33:25.789718,2024-03-02 10:33:54.776070,0 days 00:00:28.986352,0.31570935333456696,0.0020395398201644935,3,1.0214428204902779e-05,COMPLETE
1,0.8480286738351254,2024-03-02 10:33:54.776550,2024-03-02 10:34:32.309372,0 days 00:00:37.532822,0.19312238216383426,0.0006876379098788535,4,7.189167631382861e-05,COMPLETE
2,0.84778972520908,2024-03-02 10:34:32.309836,2024-03-02 10:35:00.566970,0 days 00:00:28.257134,0.27478018641230806,0.005195527450881297,3,0.000135604229701442,COMPLETE
3,0.7837514934289127,2024-03-02 10:35:00.567277,2024-03-02 10:35:30.568734,0 days 00:00:30.001457,0.3804418466247303,2.6549534632138676e-05,3,0.0004019652729832656,COMPLETE
4,0.6814814814814815,2024-03-02 10:35:30.569061,2024-03-02 10:35:46.152932,0 days 00:00:15.583871,0.3273964052324723,2.017440205071168e-05,1,1.4982349667773096e-05,COMPLETE
5,0.8575866188769414,2024-03-02 10:35:46.153275,2024-03-02 10:36:23.797895,0 days 00:00:37.644620,0.19056178292140014,0.0004345255171318654,4,0.00047314888314788,COMPLETE
6,0.852568697729988,2024-03-02 10:36:23.798207,2024-03-02 10:36:46.136813,0 days 00:00:22.338606,0.08605616059380466,0.0009357197185665647,2,9.828402214168091e-05,COMPLETE
7,0.8169653524492233,2024-03-02 10:36:46.137212,2024-03-02 10:37:01.455271,0 days 00:00:15.318059,0.3873178564715034,0.0014214502766270978,1,0.0003816729290984362,COMPLETE
8,0.8516129032258064,2024-03-02 10:37:01.455576,2024-03-02 10:37:23.589845,0 days 00:00:22.134269,0.17000832790391068,0.0050579870405444045,2,3.421722011313172e-05,COMPLETE
9,0.8523297491039428,2024-03-02 10:37:23.590165,2024-03-02 10:37:52.846346,0 days 00:00:29.256181,0.16665718477247116,0.0008590294418416998,3,0.00018974119047907362,COMPLETE
10,0.838231780167264,2024-03-02 10:37:52.846820,2024-03-02 10:38:46.487860,0 days 00:00:53.641040,0.4933568549412476,0.00013292697167109028,6,0.0009932390161336484,COMPLETE
11,0.8449223416965352,2024-03-02 10:38:46.488206,2024-03-02 10:39:33.268235,0 days 00:00:46.780029,0.0348856326057389,0.00016792445279246047,5,1.108409079134603e-05,COMPLETE
12,0.8463560334528077,2024-03-02 10:39:33.268543,2024-03-02 10:40:11.911740,0 days 00:00:38.643197,0.2365980723329216,0.002570949386418299,4,3.404069639404599e-05,COMPLETE
13,0.8332138590203106,2024-03-02 10:40:11.912092,2024-03-02 10:40:59.362964,0 days 00:00:47.450872,0.1069810881955292,0.00879984798887606,5,2.1720687600820386e-05,COMPLETE
14,0.8497013142174431,2024-03-02 10:40:59.363399,2024-03-02 10:41:47.168596,0 days 00:00:47.805197,0.2893499214304325,0.00034499542249794035,5,5.939178166443307e-05,COMPLETE
15,0.8487455197132615,2024-03-02 10:41:47.169001,2024-03-02 10:42:24.015010,0 days 00:00:36.846009,0.21896839514817557,0.002349680594681974,4,1.2384907053377214e-05,COMPLETE
16,0.8561529271206691,2024-03-02 10:42:24.015411,2024-03-02 10:42:45.869515,0 days 00:00:21.854104,0.13281893419950475,0.000427482879481517,2,3.6232909435964613e-05,COMPLETE
17,0.8561529271206691,2024-03-02 10:42:45.869912,2024-03-02 10:43:07.465814,0 days 00:00:21.595902,0.12367595456749868,0.00035042818621704906,2,4.558020906371741e-05,COMPLETE
18,0.8375149342891278,2024-03-02 10:43:07.466223,2024-03-02 10:44:00.331733,0 days 00:00:52.865510,0.019580738511935425,7.945624228152699e-05,6,9.391757070149949e-05,COMPLETE
19,0.8535244922341697,2024-03-02 10:44:00.332147,2024-03-02 10:44:22.329353,0 days 00:00:21.997206,0.1316978199541865,0.00047746014867117604,2,0.00017286884149995065,COMPLETE
20,0.7820788530465951,2024-03-02 10:44:22.329811,2024-03-02 10:44:37.299753,0 days 00:00:14.969942,0.06501312178085183,0.00017902164089459252,1,2.907948158148565e-05,COMPLETE
21,0.8578255675029869,2024-03-02 10:44:37.300168,2024-03-02 10:44:59.432797,0 days 00:00:22.132629,0.13425544181460775,0.0003261502296446015,2,5.193678870335304e-05,COMPLETE
22,0.85973715651135,2024-03-02 10:44:59.433214,2024-03-02 10:45:21.146969,0 days 00:00:21.713755,0.1430646913201622,0.0003022875833517894,2,5.226759332712102e-05,COMPLETE
23,0.854958183990442,2024-03-02 10:45:21.147386,2024-03-02 10:45:58.455564,0 days 00:00:37.308178,0.2015560768466715,0.00023397068324441852,4,5.636625068288902e-05,COMPLETE
24,0.843010752688172,2024-03-02 10:45:58.455968,2024-03-02 10:46:27.224192,0 days 00:00:28.768224,0.17522667492155175,0.00011165004979319336,3,7.52921123697329e-05,COMPLETE
25,0.7830346475507766,2024-03-02 10:46:27.224588,2024-03-02 10:46:42.376134,0 days 00:00:15.151546,0.07794370779430215,7.083340325328514e-05,1,4.8108489466856526e-05,COMPLETE
26,0.8571087216248507,2024-03-02 10:46:42.376551,2024-03-02 10:47:04.081009,0 days 00:00:21.704458,0.15125490015765267,0.00024284510904335315,2,2.144300920516975e-05,COMPLETE
27,0.8561529271206691,2024-03-02 10:47:04.081441,2024-03-02 10:47:33.034587,0 days 00:00:28.953146,0.19943240294566186,0.0007211806441027335,3,0.00013902671920125204,COMPLETE
28,0.8556750298685782,2024-03-02 10:47:33.035038,2024-03-02 10:48:10.292258,0 days 00:00:37.257220,0.23826558330750033,0.0005024456484344187,4,7.004150618526809e-05,COMPLETE
29,0.8422939068100359,2024-03-02 10:48:10.292670,2024-03-02 10:48:57.770547,0 days 00:00:47.477877,0.10372613998005631,0.0002844248014374693,5,5.3504945237698593e-05,COMPLETE
30,0.8427718040621267,2024-03-02 10:48:57.771006,2024-03-02 10:49:19.816931,0 days 00:00:22.045925,0.052361124259041256,0.0014415717686967109,2,9.006092507394227e-05,COMPLETE
31,0.8520908004778972,2024-03-02 10:49:19.817404,2024-03-02 10:49:41.704246,0 days 00:00:21.886842,0.14911082844450727,0.000244621929470083,2,2.794950208208988e-05,COMPLETE
32,0.7770609318996415,2024-03-02 10:49:41.704663,2024-03-02 10:49:56.753934,0 days 00:00:15.049271,0.15203713925046844,0.0004957258109309701,1,1.9512544539399722e-05,COMPLETE
33,0.8520908004778972,2024-03-02 10:49:56.754339,2024-03-02 10:50:25.982776,0 days 00:00:29.228437,0.19310063782216264,0.00032110629749200806,3,2.068514970370749e-05,COMPLETE
34,0.84778972520908,2024-03-02 10:50:25.983207,2024-03-02 10:50:55.769858,0 days 00:00:29.786651,0.10398664352908213,0.00023053846645492736,3,4.370563713977832e-05,COMPLETE
35,0.8382317801672642,2024-03-02 10:50:55.770259,2024-03-02 10:51:16.766943,0 days 00:00:20.996684,0.15540487341152082,0.00010246623161311488,2,2.4900324155806356e-05,COMPLETE
36,0.8532855436081241,2024-03-02 10:51:16.767346,2024-03-02 10:51:45.253699,0 days 00:00:28.486353,0.21419706952614312,0.0006318923839645429,3,4.0265163493002246e-05,COMPLETE
37,0.7739545997610514,2024-03-02 10:51:45.254118,2024-03-02 10:52:00.594288,0 days 00:00:15.340170,0.08675866800472769,5.800106831225695e-05,1,1.587953803912285e-05,COMPLETE
38,0.8532855436081241,2024-03-02 10:52:00.594701,2024-03-02 10:52:22.641780,0 days 00:00:22.047079,0.009554779046805212,0.00017058037671619823,2,6.98995923279488e-05,COMPLETE
39,0.8468339307048984,2024-03-02 10:52:22.642189,2024-03-02 10:52:59.622228,0 days 00:00:36.980039,0.18220489734728512,0.0009180976397763757,4,0.00011685355435985656,COMPLETE
40,0.7813620071684588,2024-03-02 10:52:59.622634,2024-03-02 10:53:14.146636,0 days 00:00:14.524002,0.26126440924261873,0.00064900037917772,1,3.0869197200095594e-05,COMPLETE
41,0.8532855436081241,2024-03-02 10:53:14.147091,2024-03-02 10:53:35.924398,0 days 00:00:21.777307,0.12916823965882457,0.0003943373367745128,2,3.497739142390809e-05,COMPLETE
42,0.8554360812425328,2024-03-02 10:53:35.925022,2024-03-02 10:53:58.068638,0 days 00:00:22.143616,0.1393715395152728,0.0004130139551729262,2,3.8272311579748156e-05,COMPLETE
43,0.853763440860215,2024-03-02 10:53:58.069077,2024-03-02 10:54:25.850140,0 days 00:00:27.781063,0.17505522396416548,0.0002457982491171242,3,4.6059728793751226e-05,COMPLETE
44,0.8568697729988053,2024-03-02 10:54:25.850577,2024-03-02 10:54:46.882732,0 days 00:00:21.032155,0.15479048754920682,0.0011406175804647666,2,2.701391045121555e-05,COMPLETE
45,0.8561529271206689,2024-03-02 10:54:46.883138,2024-03-02 10:55:08.952058,0 days 00:00:22.068920,0.1677308762309661,0.0012293503668823977,2,1.666059521319583e-05,COMPLETE
46,0.8547192353643966,2024-03-02 10:55:08.952491,2024-03-02 10:55:38.283322,0 days 00:00:29.330831,0.21840567021521287,0.0007157735065792222,3,2.471307179223013e-05,COMPLETE
47,0.7878136200716847,2024-03-02 10:55:38.283765,2024-03-02 10:55:53.370312,0 days 00:00:15.086547,0.11526653446894126,0.0009894115336538643,1,0.00028277944466479564,COMPLETE
48,0.8609318996415771,2024-03-02 10:55:53.370723,2024-03-02 10:56:15.415460,0 days 00:00:22.044737,0.148480963878832,0.0016494832396349985,2,1.0148604842881944e-05,COMPLETE
49,0.8391875746714457,2024-03-02 10:56:15.415899,2024-03-02 10:56:52.396207,0 days 00:00:36.980308,0.09111875318136695,0.001778091066090648,4,1.0834491072466086e-05,COMPLETE
50,0.8420549581839903,2024-03-02 10:56:52.396656,2024-03-02 10:57:38.998996,0 days 00:00:46.602340,0.11733862939807745,0.00014399632353618034,5,1.2124303076067553e-05,COMPLETE
51,0.8520908004778972,2024-03-02 10:57:38.999448,2024-03-02 10:58:00.795186,0 days 00:00:21.795738,0.15297852305972592,0.002645186328494651,2,1.435224757509266e-05,COMPLETE
52,0.8516129032258064,2024-03-02 10:58:00.795743,2024-03-02 10:58:22.695569,0 days 00:00:21.899826,0.18356953648012453,0.0005915557424881714,2,1.963043763015679e-05,COMPLETE
53,0.8573476702508961,2024-03-02 10:58:22.696156,2024-03-02 10:58:44.903324,0 days 00:00:22.207168,0.14179813506746852,0.0009754561074107665,2,1.0330090626642348e-05,COMPLETE
54,0.786379928315412,2024-03-02 10:58:44.903767,2024-03-02 10:59:00.038705,0 days 00:00:15.134938,0.13246021069323918,0.0008713343955520314,1,1.367420259875617e-05,COMPLETE
55,0.8487455197132615,2024-03-02 10:59:00.039125,2024-03-02 10:59:28.974363,0 days 00:00:28.935238,0.16727986372171874,0.00046525367361499256,3,1.0598169835617154e-05,COMPLETE
56,0.8571087216248507,2024-03-02 10:59:28.974805,2024-03-02 10:59:51.054585,0 days 00:00:22.079780,0.20202999965935042,0.0003254902701532645,2,1.653999627819102e-05,COMPLETE
57,0.8513739545997611,2024-03-02 10:59:51.055014,2024-03-02 11:00:12.741263,0 days 00:00:21.686249,0.1401601249655711,0.00018593941789359458,2,1.006558482586352e-05,COMPLETE
58,0.8482676224611708,2024-03-02 11:00:12.741709,2024-03-02 11:00:40.898301,0 days 00:00:28.156592,0.10330947187206772,0.00032127363520756955,3,1.2327706928719118e-05,COMPLETE
59,0.7804062126642772,2024-03-02 11:00:40.898726,2024-03-02 11:00:55.783744,0 days 00:00:14.885018,0.06991096281188047,0.0005609384965269044,1,0.0007125934475130625,COMPLETE
60,0.8602150537634408,2024-03-02 11:00:55.784290,2024-03-02 11:01:17.513962,0 days 00:00:21.729672,0.2314211746567884,0.0007610433518579571,2,1.2918958311848313e-05,COMPLETE
61,0.8556750298685782,2024-03-02 11:01:17.514468,2024-03-02 11:01:39.820933,0 days 00:00:22.306465,0.2469260947634355,0.0004218434672140189,2,1.3765700301714917e-05,COMPLETE
62,0.8626045400238948,2024-03-02 11:01:39.821364,2024-03-02 11:02:01.300074,0 days 00:00:21.478710,0.23225102967642228,0.0007935805106663975,2,1.746252538857865e-05,COMPLETE
63,0.8599761051373955,2024-03-02 11:02:01.300517,2024-03-02 11:02:23.121503,0 days 00:00:21.820986,0.22510240512449864,0.0007190269777977359,2,1.1980099721264995e-05,COMPLETE
64,0.8614097968936678,2024-03-02 11:02:23.122060,2024-03-02 11:02:44.397502,0 days 00:00:21.275442,0.27681390488737945,0.0007560498162979887,2,1.7819857818687523e-05,COMPLETE
65,0.8580645161290323,2024-03-02 11:02:44.398184,2024-03-02 11:03:06.218058,0 days 00:00:21.819874,0.28272234264175855,0.0008096688601160312,2,1.7673930229732783e-05,COMPLETE
66,0.8602150537634408,2024-03-02 11:03:06.218720,2024-03-02 11:03:28.217875,0 days 00:00:21.999155,0.2915532479028694,0.000752860282449577,2,1.7233332970324167e-05,COMPLETE
67,0.794026284348865,2024-03-02 11:03:28.218495,2024-03-02 11:03:43.371439,0 days 00:00:15.152944,0.2609066585894825,0.0016687563783126663,1,1.4377571152575486e-05,COMPLETE
68,0.8611708482676225,2024-03-02 11:03:43.371995,2024-03-02 11:04:05.146947,0 days 00:00:21.774952,0.29573512409823705,0.0006922713144013682,2,1.7845996610558954e-05,COMPLETE
69,0.8630824372759858,2024-03-02 11:04:05.147458,2024-03-02 11:04:26.058076,0 days 00:00:20.910618,0.29782956465639854,0.0012021161459719151,2,1.222995919224631e-05,COMPLETE
70,0.8031063321385903,2024-03-02 11:04:26.058533,2024-03-02 11:04:41.099890,0 days 00:00:15.041357,0.30594671990300626,0.0012957190677989638,1,1.6613977511973128e-05,COMPLETE
71,0.8599761051373955,2024-03-02 11:04:41.100314,2024-03-02 11:05:03.220245,0 days 00:00:22.119931,0.2992676709426828,0.0011249809186026308,2,1.2160752817344884e-05,COMPLETE
72,0.8621266427718041,2024-03-02 11:05:03.220699,2024-03-02 11:05:24.431390,0 days 00:00:21.210691,0.3251770973249228,0.0007409936072234227,2,1.8503674283313577e-05,COMPLETE
73,0.8637992831541219,2024-03-02 11:05:24.431922,2024-03-02 11:05:46.326776,0 days 00:00:21.894854,0.3179471675647104,0.0015090672763281457,2,1.854474178875666e-05,COMPLETE
74,0.8599761051373955,2024-03-02 11:05:46.327297,2024-03-02 11:06:08.211335,0 days 00:00:21.884038,0.3324042523388861,0.002156623307761863,2,2.2755386070252056e-05,COMPLETE
75,0.8551971326164874,2024-03-02 11:06:08.211800,2024-03-02 11:06:37.403857,0 days 00:00:29.192057,0.2735580511193468,0.001477134568082878,3,1.9771814489862207e-05,COMPLETE
76,0.8645161290322582,2024-03-02 11:06:37.404359,2024-03-02 11:06:59.137469,0 days 00:00:21.733110,0.3158036642503919,0.0011478429381748792,2,1.4584000750316778e-05,COMPLETE
77,0.852568697729988,2024-03-02 11:06:59.137913,2024-03-02 11:07:27.435183,0 days 00:00:28.297270,0.32138193403282167,0.0028811543453524753,3,1.4272459290774538e-05,COMPLETE
78,0.8551971326164874,2024-03-02 11:07:27.435744,2024-03-02 11:07:49.206676,0 days 00:00:21.770932,0.3385708239530042,0.0018544126911051264,2,1.84896670738225e-05,COMPLETE
79,0.8609318996415771,2024-03-02 11:07:49.207213,2024-03-02 11:08:10.451317,0 days 00:00:21.244104,0.34609760672320966,0.0014433405762435188,2,1.5637217017949444e-05,COMPLETE
80,0.8630824372759858,2024-03-02 11:08:10.451863,2024-03-02 11:08:31.904083,0 days 00:00:21.452220,0.3070704874814696,0.0009968382516511698,2,2.323499578727977e-05,COMPLETE
81,0.863321385902031,2024-03-02 11:08:31.904554,2024-03-02 11:08:54.190586,0 days 00:00:22.286032,0.31387062893864265,0.0010614162477790693,2,1.891229119565932e-05,COMPLETE
82,0.8623655913978494,2024-03-02 11:08:54.191034,2024-03-02 11:09:16.030295,0 days 00:00:21.839261,0.3133028281931882,0.0010610781980156777,2,2.422205165907177e-05,COMPLETE
83,0.8609318996415771,2024-03-02 11:09:16.031028,2024-03-02 11:09:37.590872,0 days 00:00:21.559844,0.31658534565585933,0.0010319419799256111,2,2.2846120755750717e-05,COMPLETE
84,0.8666666666666666,2024-03-02 11:09:37.591418,2024-03-02 11:09:59.381398,0 days 00:00:21.789980,0.3078907899595096,0.00122732946596979,2,2.5018575460521937e-05,COMPLETE
85,0.8635603345280763,2024-03-02 11:09:59.381920,2024-03-02 11:10:21.457102,0 days 00:00:22.075182,0.3084137390554495,0.0011060595151596853,2,2.9837000861693992e-05,COMPLETE
86,0.8657108721624851,2024-03-02 11:10:21.457643,2024-03-02 11:10:43.337652,0 days 00:00:21.880009,0.3534751992443785,0.0013074811863770463,2,3.2720052919502756e-05,COMPLETE
87,0.8121863799283154,2024-03-02 11:10:43.338229,2024-03-02 11:10:58.236207,0 days 00:00:14.897978,0.34236252503690023,0.0012441765193650699,1,3.201924924319265e-05,COMPLETE
88,0.8628434886499402,2024-03-02 11:10:58.236837,2024-03-02 11:11:19.964049,0 days 00:00:21.727212,0.3567872441245356,0.0019458101308217786,2,2.8680267939934603e-05,COMPLETE
89,0.8559139784946236,2024-03-02 11:11:19.964719,2024-03-02 11:11:48.236018,0 days 00:00:28.271299,0.3501553007286359,0.0019455418919745618,3,2.7320424022429188e-05,COMPLETE
90,0.8630824372759858,2024-03-02 11:11:48.236568,2024-03-02 11:12:10.038596,0 days 00:00:21.802028,0.3601878249249086,0.002425045433052611,2,2.9518136191293494e-05,COMPLETE
91,0.8642771804062127,2024-03-02 11:12:10.039154,2024-03-02 11:12:31.893025,0 days 00:00:21.853871,0.35775835779825027,0.0023053366060845426,2,2.9314909770633853e-05,COMPLETE
92,0.8652329749103943,2024-03-02 11:12:31.893630,2024-03-02 11:12:53.746357,0 days 00:00:21.852727,0.3620239683155981,0.003100512622587362,2,3.323913580817361e-05,COMPLETE
93,0.8614097968936679,2024-03-02 11:12:53.747053,2024-03-02 11:13:15.601320,0 days 00:00:21.854267,0.37033269270969454,0.002867704528223537,2,3.3090206509946774e-05,COMPLETE
94,0.8609318996415771,2024-03-02 11:13:15.601871,2024-03-02 11:13:37.556446,0 days 00:00:21.954575,0.30861078310212714,0.00350330621226205,2,3.747642051764267e-05,COMPLETE
95,0.8637992831541219,2024-03-02 11:13:37.557188,2024-03-02 11:13:59.323697,0 days 00:00:21.766509,0.3252307532180795,0.0015129408762293484,2,2.6041485208655976e-05,COMPLETE
96,0.863321385902031,2024-03-02 11:13:59.324256,2024-03-02 11:14:21.054011,0 days 00:00:21.729755,0.3933239850221302,0.0014583875181378512,2,3.185296824048566e-05,COMPLETE
97,0.8088410991636797,2024-03-02 11:14:21.054723,2024-03-02 11:14:35.781454,0 days 00:00:14.726731,0.38285817383928755,0.0015779892153650079,1,2.1587804043806983e-05,COMPLETE
98,0.8497013142174431,2024-03-02 11:14:35.781993,2024-03-02 11:15:03.827478,0 days 00:00:28.045485,0.33154397961897336,0.0014082987662796802,3,4.103007928313849e-05,COMPLETE
99,0.8604540023894863,2024-03-02 11:15:03.828045,2024-03-02 11:15:24.679041,0 days 00:00:20.850996,0.39762698747681646,0.002168912960072003,2,2.5931572389990064e-05,COMPLETE
100,0.8408602150537636,2024-03-02 11:15:24.679748,2024-03-02 11:16:17.915022,0 days 00:00:53.235274,0.39242730244441903,0.0016911942686841537,6,3.408428743482251e-05,COMPLETE
101,0.8635603345280766,2024-03-02 11:16:17.915581,2024-03-02 11:16:39.653457,0 days 00:00:21.737876,0.3199981786109675,0.001298688990049547,2,2.5788138482196973e-05,COMPLETE
102,0.8630824372759858,2024-03-02 11:16:39.654002,2024-03-02 11:17:01.613693,0 days 00:00:21.959691,0.3245877497258955,0.001358162891437799,2,2.993784180438142e-05,COMPLETE
103,0.8611708482676225,2024-03-02 11:17:01.614150,2024-03-02 11:17:22.993506,0 days 00:00:21.379356,0.3359233127929771,0.0020783728291793096,2,2.533863688837652e-05,COMPLETE
104,0.861648745519713,2024-03-02 11:17:22.994044,2024-03-02 11:17:44.783566,0 days 00:00:21.789522,0.370310140462902,0.0011646796707333001,2,2.0929685480291513e-05,COMPLETE
105,0.864516129032258,2024-03-02 11:17:44.784116,2024-03-02 11:18:06.335735,0 days 00:00:21.551619,0.3198451161177528,0.0008924342200886635,2,2.662673009599052e-05,COMPLETE
106,0.8671445639187576,2024-03-02 11:18:06.336245,2024-03-02 11:18:28.107549,0 days 00:00:21.771304,0.31686002717419276,0.0017175193474062787,2,2.689144423309073e-05,COMPLETE
107,0.85973715651135,2024-03-02 11:18:28.108161,2024-03-02 11:18:49.874660,0 days 00:00:21.766499,0.33106485801212504,0.0017151199874910165,2,2.6975152838274966e-05,COMPLETE
108,0.8642771804062127,2024-03-02 11:18:49.875596,2024-03-02 11:19:11.294717,0 days 00:00:21.419121,0.3181904809092216,0.0022821535870603963,2,3.612215193649135e-05,COMPLETE
109,0.8210274790919951,2024-03-02 11:19:11.295470,2024-03-02 11:19:26.136373,0 days 00:00:14.840903,0.32117848521632625,0.0034510667090564026,1,4.072772569272489e-05,COMPLETE
110,0.8616487455197133,2024-03-02 11:19:26.136934,2024-03-02 11:19:48.159534,0 days 00:00:22.022600,0.34777360333047624,0.0023486699888223797,2,3.572940560982368e-05,COMPLETE
111,0.8618876941457586,2024-03-02 11:19:48.159957,2024-03-02 11:20:10.437865,0 days 00:00:22.277908,0.3034858049013906,0.0009258644669042442,2,2.979233716390042e-05,COMPLETE
112,0.8637992831541219,2024-03-02 11:20:10.438429,2024-03-02 11:20:32.641581,0 days 00:00:22.203152,0.28619724953641196,0.001895350048147072,2,2.7242707391548378e-05,COMPLETE
113,0.8578255675029869,2024-03-02 11:20:32.642145,2024-03-02 11:20:54.503122,0 days 00:00:21.860977,0.2829850160670982,0.0018312785725649997,2,2.6617988220818303e-05,COMPLETE
114,0.8623655913978494,2024-03-02 11:20:54.503655,2024-03-02 11:21:16.412585,0 days 00:00:21.908930,0.29037818128811843,0.0013296944161995422,2,2.4170830728573158e-05,COMPLETE
115,0.8635603345280766,2024-03-02 11:21:16.413141,2024-03-02 11:21:37.364632,0 days 00:00:20.951491,0.32436662878839184,0.0015669832132476367,2,2.132846484189319e-05,COMPLETE
116,0.8590203106332138,2024-03-02 11:21:37.365194,2024-03-02 11:21:57.643351,0 days 00:00:20.278157,0.3343873455734568,0.0021719563173312672,2,3.7150430180032785e-05,COMPLETE
117,0.8580645161290322,2024-03-02 11:21:57.643959,2024-03-02 11:22:19.348986,0 days 00:00:21.705027,0.3144400928398493,0.0026977909145168353,2,3.4017705499696426e-05,COMPLETE
118,0.8637992831541219,2024-03-02 11:22:19.349591,2024-03-02 11:22:41.132036,0 days 00:00:21.782445,0.3411930358588173,0.0018454764301708401,2,2.2754025312398437e-05,COMPLETE
119,0.8551971326164874,2024-03-02 11:22:41.132469,2024-03-02 11:23:09.954643,0 days 00:00:28.822174,0.34059934499736055,0.003173818337755166,3,2.2899046257474544e-05,COMPLETE
120,0.8575866188769415,2024-03-02 11:23:09.955225,2024-03-02 11:23:31.734232,0 days 00:00:21.779007,0.35476139118718214,0.004074074993839977,2,4.7732100178274215e-05,COMPLETE
121,0.8683393070489845,2024-03-02 11:23:31.734818,2024-03-02 11:23:53.697582,0 days 00:00:21.962764,0.3202497123002102,0.002499285089092678,2,2.486802564551024e-05,COMPLETE
122,0.8621266427718041,2024-03-02 11:23:53.698126,2024-03-02 11:24:15.638956,0 days 00:00:21.940830,0.29874358912996063,0.0023937200349931596,2,2.0399402063396756e-05,COMPLETE
123,0.8659498207885304,2024-03-02 11:24:15.639522,2024-03-02 11:24:37.092857,0 days 00:00:21.453335,0.34404170706274345,0.0019338856728915994,2,2.7960307529324004e-05,COMPLETE
124,0.8616487455197133,2024-03-02 11:24:37.093485,2024-03-02 11:24:58.710300,0 days 00:00:21.616815,0.3626098934124868,0.002458860417886493,2,3.188405680072285e-05,COMPLETE
