number,value,datetime_start,datetime_complete,duration,params_dropout,params_lr,params_num_layers,params_weight_decay,state
250,0.8652329749103942,2024-03-02 12:11:30.026851,2024-03-02 12:11:52.175371,0 days 00:00:22.148520,0.3746448597047407,0.0031166250261958914,2,1.2309760977528594e-05,COMPLETE
251,0.8611708482676225,2024-03-02 12:11:52.176304,2024-03-02 12:12:13.883028,0 days 00:00:21.706724,0.3755907977146185,0.0030410447605082043,2,1.1895780847437247e-05,COMPLETE
252,0.8616487455197133,2024-03-02 12:12:13.883921,2024-03-02 12:12:35.022925,0 days 00:00:21.139004,0.3807162649872933,0.003418716753898913,2,1.3452279798917816e-05,COMPLETE
253,0.8611708482676225,2024-03-02 12:12:35.023880,2024-03-02 12:12:56.811340,0 days 00:00:21.787460,0.3683255955010567,0.002517976071986165,2,1.0333131965724287e-05,COMPLETE
254,0.8599761051373955,2024-03-02 12:12:56.811796,2024-03-02 12:13:18.564122,0 days 00:00:21.752326,0.38692994689388543,0.002845636502280431,2,1.3785135149704824e-05,COMPLETE
255,0.8618876941457586,2024-03-02 12:13:18.565061,2024-03-02 12:13:40.575002,0 days 00:00:22.009941,0.3734353010379187,0.003867309138746032,2,1.2293358936629492e-05,COMPLETE
256,0.8659498207885304,2024-03-02 12:13:40.575928,2024-03-02 12:14:02.460138,0 days 00:00:21.884210,0.4024540169331168,0.0022649714060719874,2,1.3068153540766651e-05,COMPLETE
257,0.8594982078853046,2024-03-02 12:14:02.461063,2024-03-02 12:14:24.211932,0 days 00:00:21.750869,0.40384989437608854,0.002276334014618925,2,1.116229705595377e-05,COMPLETE
258,0.867383512544803,2024-03-02 12:14:24.212617,2024-03-02 12:14:46.177248,0 days 00:00:21.964631,0.41167810667882815,0.0027318398789845546,2,1.3315783500379393e-05,COMPLETE
259,0.8623655913978494,2024-03-02 12:14:46.178208,2024-03-02 12:15:07.779385,0 days 00:00:21.601177,0.41333995464451845,0.003023022240402564,2,1.1736149829211166e-05,COMPLETE
260,0.8652329749103942,2024-03-02 12:15:07.780322,2024-03-02 12:15:29.737037,0 days 00:00:21.956715,0.3947126432326515,0.0027266327111633193,2,1.2202570464699663e-05,COMPLETE
261,0.8609318996415771,2024-03-02 12:15:29.737949,2024-03-02 12:15:51.523184,0 days 00:00:21.785235,0.3983549596887195,0.0027116736621911985,2,1.2598511373106327e-05,COMPLETE
262,0.8649940262843488,2024-03-02 12:15:51.524088,2024-03-02 12:16:13.344531,0 days 00:00:21.820443,0.4187153344314334,0.0035055041406908977,2,1.3083721026171935e-05,COMPLETE
263,0.8611708482676225,2024-03-02 12:16:13.345464,2024-03-02 12:16:35.384155,0 days 00:00:22.038691,0.39211541986594334,0.0028300427692840606,2,1.2524762452575343e-05,COMPLETE
264,0.863321385902031,2024-03-02 12:16:35.385040,2024-03-02 12:16:57.117979,0 days 00:00:21.732939,0.4001804314312951,0.002368399949441208,2,1.0645222926543494e-05,COMPLETE
265,0.8566308243727597,2024-03-02 12:16:57.118930,2024-03-02 12:17:18.445211,0 days 00:00:21.326281,0.414448753782554,0.003246726350849233,2,1.4695316203390825e-05,COMPLETE
266,0.8637992831541219,2024-03-02 12:17:18.446080,2024-03-02 12:17:40.335580,0 days 00:00:21.889500,0.4247671488057142,0.002190494658093576,2,1.016539721241135e-05,COMPLETE
267,0.8606929510155318,2024-03-02 12:17:40.336502,2024-03-02 12:18:01.758968,0 days 00:00:21.422466,0.38167206781283053,0.002611943899109934,2,1.1904470366137214e-05,COMPLETE
268,0.852568697729988,2024-03-02 12:18:01.759877,2024-03-02 12:18:24.906804,0 days 00:00:23.146927,0.046488616903457125,0.0031589195629341755,2,1.2622794932329884e-05,COMPLETE
269,0.8590203106332138,2024-03-02 12:18:24.907517,2024-03-02 12:18:48.589717,0 days 00:00:23.682200,0.3887979673674943,0.00217906032013815,2,1.1289520709570627e-05,COMPLETE
270,0.8685782556750299,2024-03-02 12:18:48.590775,2024-03-02 12:19:12.143090,0 days 00:00:23.552315,0.3601465787845659,0.0024552356712122777,2,1.5151990235500161e-05,COMPLETE
271,0.8606929510155317,2024-03-02 12:19:12.144027,2024-03-02 12:19:35.455498,0 days 00:00:23.311471,0.37012829811288106,0.002896469582267329,2,1.4739787676699685e-05,COMPLETE
272,0.8621266427718041,2024-03-02 12:19:35.456212,2024-03-02 12:19:58.460779,0 days 00:00:23.004567,0.3742476454966951,0.003644142934330242,2,1.7032224668363793e-05,COMPLETE
273,0.8688172043010752,2024-03-02 12:19:58.461639,2024-03-02 12:20:21.233049,0 days 00:00:22.771410,0.27655216537084315,0.004149712488186563,2,1.3609773327567333e-05,COMPLETE
274,0.8637992831541219,2024-03-02 12:20:21.233949,2024-03-02 12:20:44.239732,0 days 00:00:23.005783,0.2715123820921121,0.00437286406161095,2,1.4873613148481604e-05,COMPLETE
275,0.858542413381123,2024-03-02 12:20:44.240738,2024-03-02 12:21:06.708012,0 days 00:00:22.467274,0.2870137863730968,0.004060820094208504,2,1.335932420950846e-05,COMPLETE
276,0.8592592592592592,2024-03-02 12:21:06.708979,2024-03-02 12:21:29.294370,0 days 00:00:22.585391,0.28695900975918454,0.002737844588972539,2,1.300378764269682e-05,COMPLETE
277,0.8609318996415771,2024-03-02 12:21:29.295343,2024-03-02 12:21:52.071499,0 days 00:00:22.776156,0.40305406651228753,0.0024545526906833495,2,1.6093774630849265e-05,COMPLETE
278,0.8630824372759858,2024-03-02 12:21:52.072652,2024-03-02 12:22:14.407958,0 days 00:00:22.335306,0.2959315116552047,0.0019903706188387806,2,1.1575321011026173e-05,COMPLETE
279,0.8497013142174433,2024-03-02 12:22:14.408863,2024-03-02 12:22:37.299432,0 days 00:00:22.890569,0.2485825138362733,0.0043905695168602555,2,1.3237921172651806e-05,COMPLETE
280,0.85663082437276,2024-03-02 12:22:37.300406,2024-03-02 12:23:01.095225,0 days 00:00:23.794819,0.24538654721864578,0.004817712037503543,2,1.4519967825474986e-05,COMPLETE
281,0.8666666666666666,2024-03-02 12:23:01.096432,2024-03-02 12:23:25.153368,0 days 00:00:24.056936,0.30238211632570694,0.003813603611183516,2,0.0001452285156513086,COMPLETE
282,0.8556750298685782,2024-03-02 12:23:25.154229,2024-03-02 12:23:48.226645,0 days 00:00:23.072416,0.26898553785988377,0.005440285491886271,2,0.00011995166783499839,COMPLETE
283,0.8645161290322582,2024-03-02 12:23:48.227603,2024-03-02 12:24:12.247272,0 days 00:00:24.019669,0.2957706303878513,0.0035541202101596002,2,0.00013424183828011308,COMPLETE
284,0.8628434886499402,2024-03-02 12:24:12.248239,2024-03-02 12:24:35.131777,0 days 00:00:22.883538,0.28166863214475685,0.003283993820901276,2,1.7744193668136586e-05,COMPLETE
285,0.8535244922341697,2024-03-02 12:24:35.132798,2024-03-02 12:24:58.155713,0 days 00:00:23.022915,0.20795177522565358,0.0061883693532171465,2,0.0002173339300608629,COMPLETE
286,0.8530465949820787,2024-03-02 12:24:58.156384,2024-03-02 12:25:22.282144,0 days 00:00:24.125760,0.3017461163867491,0.0004211870405796679,2,0.0001677423158609909,COMPLETE
287,0.8561529271206689,2024-03-02 12:25:22.283115,2024-03-02 12:25:45.359827,0 days 00:00:23.076712,0.30873329048961207,0.0038019798808720173,2,0.00010764968831796789,COMPLETE
288,0.8621266427718041,2024-03-02 12:25:45.360783,2024-03-02 12:26:08.697914,0 days 00:00:23.337131,0.36432988508136255,0.0023564100382699443,2,1.9555416297937367e-05,COMPLETE
289,0.8516129032258064,2024-03-02 12:26:08.698885,2024-03-02 12:26:32.336147,0 days 00:00:23.637262,0.1636488256817557,0.001902813930212126,2,5.292014141004837e-05,COMPLETE
290,0.8528076463560333,2024-03-02 12:26:32.337112,2024-03-02 12:26:55.960132,0 days 00:00:23.623020,0.4308378345094123,0.0002099441604127003,2,8.82997674575754e-05,COMPLETE
291,0.8547192353643966,2024-03-02 12:26:55.961078,2024-03-02 12:27:18.843123,0 days 00:00:22.882045,0.3574304493272322,0.00231240416636333,2,1.509014632056863e-05,COMPLETE
292,0.8647550776583033,2024-03-02 12:27:18.844058,2024-03-02 12:27:42.080231,0 days 00:00:23.236173,0.43776146145292427,0.003060069921135393,2,1.8627953101821675e-05,COMPLETE
293,0.8621266427718041,2024-03-02 12:27:42.081246,2024-03-02 12:28:05.060701,0 days 00:00:22.979455,0.30874910505358927,0.0018896238700448684,2,6.777814620860463e-05,COMPLETE
294,0.8611708482676225,2024-03-02 12:28:05.061702,2024-03-02 12:28:28.569279,0 days 00:00:23.507577,0.3498304138044229,0.0020731043201770044,2,1.575972946029371e-05,COMPLETE
295,0.8475507765830347,2024-03-02 12:28:28.570291,2024-03-02 12:28:52.243313,0 days 00:00:23.673022,0.09541683802441686,0.003267430262324551,2,4.464976618433807e-05,COMPLETE
296,0.8604540023894861,2024-03-02 12:28:52.244257,2024-03-02 12:29:16.465925,0 days 00:00:24.221668,0.2650058501596423,0.002578565088884992,2,1.1263863163898432e-05,COMPLETE
297,0.8530465949820789,2024-03-02 12:29:16.466902,2024-03-02 12:29:40.414274,0 days 00:00:23.947372,0.3381735483744625,0.0003561170450711415,2,7.521727179781067e-05,COMPLETE
298,0.827479091995221,2024-03-02 12:29:40.415190,2024-03-02 12:29:57.264845,0 days 00:00:16.849655,0.25837320504205596,0.004037118938530643,1,1.365955182780887e-05,COMPLETE
299,0.8604540023894863,2024-03-02 12:29:57.265880,2024-03-02 12:30:21.421423,0 days 00:00:24.155543,0.283007912837269,0.0018592392264227858,2,2.3942420907193738e-05,COMPLETE
