number,value,datetime_start,datetime_complete,duration,params_dropout,params_lr,params_num_layers,params_weight_decay,state
250,0.828328611898017,2024-03-02 14:36:16.191944,2024-03-02 14:36:42.704445,0 days 00:00:26.512501,0.3007273144227168,0.0029503581744571134,2,0.000990442806830646,COMPLETE
251,0.8331611398100316,2024-03-02 14:36:42.707401,2024-03-02 14:37:09.287924,0 days 00:00:26.580523,0.32081906362328444,0.0031061394549641267,2,0.0009198081111614064,COMPLETE
252,0.8335944009331777,2024-03-02 14:37:09.289136,2024-03-02 14:37:35.870199,0 days 00:00:26.581063,0.30754958762335943,0.002627246921728363,2,0.0008997239672122911,COMPLETE
253,0.8341276453924346,2024-03-02 14:37:35.873207,2024-03-02 14:38:02.282643,0 days 00:00:26.409436,0.28488250907731977,0.0029761411197075523,2,0.0008517184524613448,COMPLETE
254,0.8283952674554241,2024-03-02 14:38:02.285742,2024-03-02 14:38:27.842913,0 days 00:00:25.557171,0.2968698360178822,0.003916083435224669,2,0.0009889378664084405,COMPLETE
255,0.833294450924846,2024-03-02 14:38:27.843584,2024-03-02 14:38:54.512126,0 days 00:00:26.668542,0.3178842224306521,0.0014439776765180197,2,0.0009069473632035724,COMPLETE
256,0.829661723046159,2024-03-02 14:38:54.514834,2024-03-02 14:39:20.943374,0 days 00:00:26.428540,0.2692677355884558,0.0020626040877373083,2,0.0008760685080507435,COMPLETE
257,0.8310281619730044,2024-03-02 14:39:20.945376,2024-03-02 14:39:46.663797,0 days 00:00:25.718421,0.29283607296240827,0.0023594127747493237,2,0.00018828417259651593,COMPLETE
258,0.8244292617897017,2024-03-02 14:39:46.666851,2024-03-02 14:40:13.201340,0 days 00:00:26.534489,0.21615026018142786,0.0034619110583783176,2,0.0007950208237227213,COMPLETE
259,0.8367938676887186,2024-03-02 14:40:13.201933,2024-03-02 14:40:39.710170,0 days 00:00:26.508237,0.2530390294005818,0.001151098390363721,2,0.0009268549842740803,COMPLETE
260,0.8325279120146643,2024-03-02 14:40:39.711880,2024-03-02 14:41:05.839770,0 days 00:00:26.127890,0.2534541598417408,0.001108994928071242,2,0.0009160712192636366,COMPLETE
261,0.8336277287118813,2024-03-02 14:41:05.840762,2024-03-02 14:41:31.838474,0 days 00:00:25.997712,0.22830056109286345,0.000897123463855877,2,9.415688035845192e-05,COMPLETE
262,0.8325945675720714,2024-03-02 14:41:31.839177,2024-03-02 14:41:57.898879,0 days 00:00:26.059702,0.24953998765827298,0.0013036204607805588,2,0.0009548840629729665,COMPLETE
263,0.8359606732211298,2024-03-02 14:41:57.899599,2024-03-02 14:42:23.999409,0 days 00:00:26.099810,0.2656002290471469,0.0010051806624606962,2,0.0008389214966613072,COMPLETE
264,0.8364272621229795,2024-03-02 14:42:24.002199,2024-03-02 14:42:50.373306,0 days 00:00:26.371107,0.26248162485127247,0.0008937567390321033,2,0.0008092170866288174,COMPLETE
265,0.8338610231628062,2024-03-02 14:42:50.375390,2024-03-02 14:43:16.835853,0 days 00:00:26.460463,0.2573220782271016,0.0009464511018787776,2,0.0008236744445093955,COMPLETE
266,0.8321613064489253,2024-03-02 14:43:16.838822,2024-03-02 14:43:42.684452,0 days 00:00:25.845630,0.2649682839813148,0.0010530047969241252,2,0.0008324603599767737,COMPLETE
267,0.828928511914681,2024-03-02 14:43:42.687504,2024-03-02 14:44:08.932549,0 days 00:00:26.245045,0.2387286130272553,0.0008643528630683331,2,0.00045650800975816194,COMPLETE
268,0.8324612564572572,2024-03-02 14:44:08.933645,2024-03-02 14:44:35.280500,0 days 00:00:26.346855,0.27448988974553923,0.0009755461738929502,2,0.0004103223873080784,COMPLETE
269,0.833061156473921,2024-03-02 14:44:35.283386,2024-03-02 14:45:02.238755,0 days 00:00:26.955369,0.263631881446089,0.0007929365119082074,2,0.0002452310312008948,COMPLETE
270,0.7937010498250292,2024-03-02 14:45:02.241827,2024-03-02 14:46:06.961016,0 days 00:01:04.719189,0.25268821710107686,0.0003552600467126952,5,0.0007955193660030798,COMPLETE
271,0.834760873187802,2024-03-02 14:46:06.961962,2024-03-02 14:46:33.257474,0 days 00:00:26.295512,0.2750282218728326,0.001186567073447572,2,0.000995792138977617,COMPLETE
272,0.8338276953841026,2024-03-02 14:46:33.257879,2024-03-02 14:46:59.321217,0 days 00:00:26.063338,0.35374245850961006,0.0014342678486579865,2,0.0005035703956467914,COMPLETE
273,0.830261623062823,2024-03-02 14:46:59.323180,2024-03-02 14:47:25.516869,0 days 00:00:26.193689,0.2832238918206214,0.0010999509037083138,2,0.0007372635934644573,COMPLETE
274,0.8352607898683552,2024-03-02 14:47:25.518602,2024-03-02 14:47:52.394278,0 days 00:00:26.875676,0.24735452402328326,0.000536541183732624,2,0.0008658526690409929,COMPLETE
275,0.8301949675054157,2024-03-02 14:47:52.394962,2024-03-02 14:48:18.976854,0 days 00:00:26.581892,0.3429677159780393,0.0007126332359323691,2,0.000784780398060338,COMPLETE
276,0.828328611898017,2024-03-02 14:48:18.977267,2024-03-02 14:48:45.322964,0 days 00:00:26.345697,0.47507376024002806,0.0008878645252672094,2,0.0005320152314422175,COMPLETE
277,0.8333944342609565,2024-03-02 14:48:45.325947,2024-03-02 14:49:11.636556,0 days 00:00:26.310609,0.2653191972038946,0.0012779202512714347,2,0.00014151441810814172,COMPLETE
278,0.83239460089985,2024-03-02 14:49:11.637809,2024-03-02 14:49:37.542323,0 days 00:00:25.904514,0.36630499113116105,0.0009977575656968415,2,0.0006091684780011185,COMPLETE
279,0.7892684552574571,2024-03-02 14:49:37.545199,2024-03-02 14:50:53.513538,0 days 00:01:15.968339,0.2779167932863905,0.0008409905495925558,6,0.00034397457959095085,COMPLETE
280,0.834760873187802,2024-03-02 14:50:53.513962,2024-03-02 14:51:20.530508,0 days 00:00:27.016546,0.2887316215865959,0.0015446099477233355,2,0.0009183414468410701,COMPLETE
281,0.8298616897183801,2024-03-02 14:51:20.531951,2024-03-02 14:51:47.157057,0 days 00:00:26.625106,0.25748060590756994,0.0011937045549981554,2,1.4054728735899458e-05,COMPLETE
282,0.835794034327612,2024-03-02 14:51:47.160693,2024-03-02 14:52:13.446315,0 days 00:00:26.285622,0.329106083766498,0.0006616217963656157,2,0.00025820220578075763,COMPLETE
283,0.8322612897850359,2024-03-02 14:52:13.447037,2024-03-02 14:52:39.924711,0 days 00:00:26.477674,0.2693453369698074,0.0010583842319580015,2,0.0007235223411210568,COMPLETE
284,0.834094317613731,2024-03-02 14:52:39.925782,2024-03-02 14:53:06.191339,0 days 00:00:26.265557,0.24463340040444917,0.0025847292652721975,2,0.00030106585689706393,COMPLETE
285,0.8353274454257622,2024-03-02 14:53:06.194201,2024-03-02 14:53:32.711889,0 days 00:00:26.517688,0.3479842686756298,0.0019385563431172314,2,0.0006434154971278295,COMPLETE
286,0.8325612397933678,2024-03-02 14:53:32.714828,2024-03-02 14:53:59.189612,0 days 00:00:26.474784,0.29927158839416096,0.0013649190299993357,2,0.000850511860053102,COMPLETE
287,0.7785702382936177,2024-03-02 14:53:59.191352,2024-03-02 14:54:18.079972,0 days 00:00:18.888620,0.012213078784848452,0.0037742395716595183,1,0.0003717696798199707,COMPLETE
288,0.8040659890018331,2024-03-02 14:54:18.083047,2024-03-02 14:55:10.491837,0 days 00:00:52.408790,0.39966308855787047,0.008381952911597951,4,0.00046841790014501993,COMPLETE
289,0.8326612231294785,2024-03-02 14:55:10.494023,2024-03-02 14:55:36.676711,0 days 00:00:26.182688,0.2271737465887302,0.00042161295361397465,2,0.0005362517896290203,COMPLETE
290,0.8331611398100316,2024-03-02 14:55:36.677798,2024-03-02 14:56:02.942212,0 days 00:00:26.264414,0.2839846651403523,0.0009661595601650871,2,0.0005871706496721042,COMPLETE
291,0.8274287618730212,2024-03-02 14:56:02.943293,2024-03-02 14:56:29.099597,0 days 00:00:26.156304,0.20718562379773936,0.0016919126794602117,2,0.0009993499227567808,COMPLETE
292,0.8355940676553908,2024-03-02 14:56:29.102622,2024-03-02 14:56:55.733070,0 days 00:00:26.630448,0.04189959235441337,0.0011403637863324758,2,7.908671714255375e-05,COMPLETE
293,0.829428428595234,2024-03-02 14:56:55.733536,2024-03-02 14:57:22.478288,0 days 00:00:26.744752,0.3143161885087179,0.0007466916076617268,2,0.0002159330148867831,COMPLETE
294,0.8293617730378271,2024-03-02 14:57:22.480049,2024-03-02 14:57:49.048561,0 days 00:00:26.568512,0.3737386860683703,0.0012658355501813951,2,0.0007675120552176249,COMPLETE
295,0.818563572737877,2024-03-02 14:57:49.049625,2024-03-02 14:58:15.407145,0 days 00:00:26.357520,0.08579691535478007,0.0030488022394720865,2,0.0007052328381394013,COMPLETE
296,0.8308948508581903,2024-03-02 14:58:15.409943,2024-03-02 14:58:41.850442,0 days 00:00:26.440499,0.293390171151931,0.0008777490735698503,2,0.0008315366516339342,COMPLETE
297,0.8254290951508082,2024-03-02 14:58:41.853473,2024-03-02 14:59:09.010268,0 days 00:00:27.156795,0.2766942581270575,0.00020917630122755732,2,0.0004996640232065523,COMPLETE
298,0.8105315780703215,2024-03-02 14:59:09.011375,2024-03-02 14:59:48.646090,0 days 00:00:39.634715,0.35912914960846154,0.0015369561253964772,3,0.0006535742022138625,COMPLETE
299,0.8299616730544909,2024-03-02 14:59:48.647159,2024-03-02 15:00:15.253965,0 days 00:00:26.606806,0.30658234366306847,0.0010545269680834778,2,0.00043199240982042545,COMPLETE
