number,value,datetime_start,datetime_complete,duration,params_dropout,params_lr,params_num_layers,params_weight_decay,state
250,0.7925030229746068,2024-03-02 22:28:31.286053,2024-03-02 22:29:12.059114,0 days 00:00:40.773061,0.48984238845665823,0.0015523173102747919,2,2.5807353626831806e-05,COMPLETE
251,0.7960701330108828,2024-03-02 22:29:12.064239,2024-03-02 22:29:53.665932,0 days 00:00:41.601693,0.4699486388486512,0.0013938231766846413,2,1.8358982923159832e-05,COMPLETE
252,0.7918984280532043,2024-03-02 22:29:53.670974,2024-03-02 22:30:35.098841,0 days 00:00:41.427867,0.3622543289211772,0.001770526185434647,2,1.8433272816284132e-05,COMPLETE
253,0.796130592503023,2024-03-02 22:30:35.103869,2024-03-02 22:31:15.913955,0 days 00:00:40.810086,0.38594266851381515,0.0014225366266048815,2,1.663889411345116e-05,COMPLETE
254,0.3948609431680774,2024-03-02 22:31:15.915149,2024-03-02 22:31:57.211015,0 days 00:00:41.295866,0.37405222193310106,1.5043355944704195e-05,2,1.6141794921346135e-05,COMPLETE
255,0.7938935912938332,2024-03-02 22:31:57.212322,2024-03-02 22:32:38.759191,0 days 00:00:41.546869,0.39663087090037463,0.0013581744209641116,2,1.8076541880027843e-05,COMPLETE
256,0.7908101571946795,2024-03-02 22:32:38.764232,2024-03-02 22:33:20.077446,0 days 00:00:41.313214,0.47129165931873995,0.0011679190644785307,2,2.256333224337198e-05,COMPLETE
257,0.7802902055622732,2024-03-02 22:33:20.077835,2024-03-02 22:35:22.060273,0 days 00:02:01.982438,0.3869550048672961,0.0014016037717769678,5,1.7423864693114304e-05,COMPLETE
258,0.7918379685610641,2024-03-02 22:35:22.065276,2024-03-02 22:36:03.174072,0 days 00:00:41.108796,0.35036145345438185,0.0016815771539645914,2,2.0619426813916818e-05,COMPLETE
259,0.7923216444981862,2024-03-02 22:36:03.179205,2024-03-02 22:36:44.672193,0 days 00:00:41.492988,0.4995015750678005,0.0013072052537908784,2,1.4447344950424842e-05,COMPLETE
260,0.7944981862152358,2024-03-02 22:36:44.676039,2024-03-02 22:37:26.155832,0 days 00:00:41.479793,0.4700536393286899,0.0011195111800002178,2,2.3123959305516522e-05,COMPLETE
261,0.7930471584038694,2024-03-02 22:37:26.156203,2024-03-02 22:38:07.475261,0 days 00:00:41.319058,0.4836873771463063,0.0014583311149865108,2,2.018847593280776e-05,COMPLETE
262,0.7953446191051995,2024-03-02 22:38:07.475635,2024-03-02 22:38:48.887459,0 days 00:00:41.411824,0.46099073225295734,0.0012427894438613398,2,2.590917500208431e-05,COMPLETE
263,0.7804715840386941,2024-03-02 22:38:48.892068,2024-03-02 22:40:24.335102,0 days 00:01:35.443034,0.46151256745745767,0.0008785908707899348,4,2.520415873351951e-05,COMPLETE
264,0.7951027811366385,2024-03-02 22:40:24.337086,2024-03-02 22:41:05.135378,0 days 00:00:40.798292,0.4767729854401609,0.0011745586104743105,2,2.2112896536150096e-05,COMPLETE
265,0.7844014510278113,2024-03-02 22:41:05.136687,2024-03-02 22:41:46.174963,0 days 00:00:41.038276,0.3694103093121834,0.005607057891829007,2,2.688589120775387e-05,COMPLETE
266,0.7928657799274486,2024-03-02 22:41:46.175371,2024-03-02 22:42:27.509333,0 days 00:00:41.333962,0.4901544929694741,0.0017882244468769017,2,2.5697225807343047e-05,COMPLETE
267,0.7953446191051995,2024-03-02 22:42:27.513477,2024-03-02 22:43:08.310890,0 days 00:00:40.797413,0.46588714453983676,0.0010505680929587863,2,3.2294013463258685e-05,COMPLETE
268,0.7887545344619106,2024-03-02 22:43:08.316174,2024-03-02 22:43:49.190882,0 days 00:00:40.874708,0.4653866869361212,0.009234342489916635,2,3.1412582938765086e-05,COMPLETE
269,0.7948609431680774,2024-03-02 22:43:49.196158,2024-03-02 22:44:30.659800,0 days 00:00:41.463642,0.4555382351373464,0.0010193332519994522,2,1.5684733403774984e-05,COMPLETE
270,0.7920798065296253,2024-03-02 22:44:30.660543,2024-03-02 22:45:11.885306,0 days 00:00:41.224763,0.4748247615305715,0.0015615599186589394,2,1.8951466228147965e-05,COMPLETE
271,0.7935308343409915,2024-03-02 22:45:11.887268,2024-03-02 22:45:53.531144,0 days 00:00:41.643876,0.48522275944398535,0.0012647763901945054,2,2.8753248226652087e-05,COMPLETE
272,0.7935308343409915,2024-03-02 22:45:53.535192,2024-03-02 22:46:35.094206,0 days 00:00:41.559014,0.46116265765648695,0.0008747734791340964,2,2.3169886639509507e-05,COMPLETE
273,0.7963119709794437,2024-03-02 22:46:35.099548,2024-03-02 22:47:16.670214,0 days 00:00:41.570666,0.4713150840081011,0.0010564650223955992,2,3.292265151796539e-05,COMPLETE
274,0.6470979443772672,2024-03-02 22:47:16.670699,2024-03-02 22:47:58.603256,0 days 00:00:41.932557,0.47223782051715063,6.688958747821647e-05,2,3.278236827994017e-05,COMPLETE
275,0.7924425634824667,2024-03-02 22:47:58.604189,2024-03-02 22:48:39.338815,0 days 00:00:40.734626,0.4507917125033469,0.0010077259797517074,2,3.6117891724655366e-05,COMPLETE
276,0.7911729141475211,2024-03-02 22:48:39.342986,2024-03-02 22:49:20.863528,0 days 00:00:41.520542,0.4561379467856017,0.0007670239835157434,2,0.00036592548407405777,COMPLETE
277,0.7964933494558645,2024-03-02 22:49:20.868738,2024-03-02 22:50:02.220900,0 days 00:00:41.352162,0.3600135831669878,0.0010555828703689828,2,3.312821798789254e-05,COMPLETE
278,0.7954655380894801,2024-03-02 22:50:02.223344,2024-03-02 22:50:43.835141,0 days 00:00:41.611797,0.3811733350108238,0.0009326791926481479,2,3.065720715588269e-05,COMPLETE
279,0.7935308343409917,2024-03-02 22:50:43.835498,2024-03-02 22:51:24.915668,0 days 00:00:41.080170,0.38095097059046773,0.0008896001505249031,2,3.280769615631519e-05,COMPLETE
280,0.7943772672309553,2024-03-02 22:51:24.920908,2024-03-02 22:52:06.062804,0 days 00:00:41.141896,0.37454264346648913,0.0010041633592597129,2,3.0292907990880113e-05,COMPLETE
281,0.7926239419588874,2024-03-02 22:52:06.063232,2024-03-02 22:52:47.868043,0 days 00:00:41.804811,0.3767141374005633,0.000761788204938523,2,3.446913175305184e-05,COMPLETE
282,0.7932285368802902,2024-03-02 22:52:47.870357,2024-03-02 22:53:29.218901,0 days 00:00:41.348544,0.39625150019258815,0.0010555183252753254,2,3.529255110701054e-05,COMPLETE
283,0.7941354292623942,2024-03-02 22:53:29.224261,2024-03-02 22:54:10.762849,0 days 00:00:41.538588,0.36210532052320493,0.0008780736366441117,2,0.0008745317500321715,COMPLETE
284,0.5296251511487304,2024-03-02 22:54:10.767060,2024-03-02 22:54:52.686205,0 days 00:00:41.919145,0.3578187540802761,3.7002061878878116e-05,2,2.9510669787637934e-05,COMPLETE
285,0.7934703748488512,2024-03-02 22:54:52.692475,2024-03-02 22:55:34.227737,0 days 00:00:41.535262,0.4423861337780922,0.0010943262205559115,2,3.212434632931973e-05,COMPLETE
286,0.7955864570737605,2024-03-02 22:55:34.231864,2024-03-02 22:56:15.668340,0 days 00:00:41.436476,0.3839420371287565,0.0009309093550907776,2,1.675353826481016e-05,COMPLETE
287,0.7887545344619106,2024-03-02 22:56:15.668721,2024-03-02 22:56:57.292372,0 days 00:00:41.623651,0.38611766974908723,0.00042880337339601106,2,1.82748989576157e-05,COMPLETE
288,0.79316807738815,2024-03-02 22:56:57.292828,2024-03-02 22:57:38.543456,0 days 00:00:41.250628,0.3893076323144031,0.000683518731272485,2,1.6570057819674554e-05,COMPLETE
289,0.7906287787182588,2024-03-02 22:57:38.548799,2024-03-02 22:58:19.867535,0 days 00:00:41.318736,0.4071708896964629,0.001118445678733816,2,1.4595640962192915e-05,COMPLETE
290,0.7950423216444982,2024-03-02 22:58:19.871567,2024-03-02 22:59:00.915781,0 days 00:00:41.044214,0.3364051060882639,0.0009545171598596499,2,2.1248849932719156e-05,COMPLETE
291,0.7929866989117291,2024-03-02 22:59:00.921125,2024-03-02 22:59:42.495771,0 days 00:00:41.574646,0.3809086720104915,0.0012270878056535942,2,2.529244016648235e-05,COMPLETE
292,0.794316807738815,2024-03-02 22:59:42.498102,2024-03-02 23:00:23.771845,0 days 00:00:41.273743,0.3500188668525836,0.0008227196431486231,2,2.718502019518147e-05,COMPLETE
293,0.7888149939540507,2024-03-02 23:00:23.776195,2024-03-02 23:01:05.180205,0 days 00:00:41.404010,0.3005378764992393,0.001612068995851409,2,1.9383639050085013e-05,COMPLETE
294,0.790024183796856,2024-03-02 23:01:05.181442,2024-03-02 23:01:46.546189,0 days 00:00:41.364747,0.3612631279079245,0.0018882723128937251,2,1.296748566109645e-05,COMPLETE
295,0.7728536880290205,2024-03-02 23:01:46.547043,2024-03-02 23:04:15.243903,0 days 00:02:28.696860,0.36984964669921316,0.0010260677293973525,6,0.00022959205172217418,COMPLETE
296,0.6189238210399032,2024-03-02 23:04:15.247796,2024-03-02 23:04:46.937106,0 days 00:00:31.689310,0.39282819251774204,0.000532519532862729,1,1.720130219732422e-05,COMPLETE
297,0.7930471584038694,2024-03-02 23:04:46.942732,2024-03-02 23:05:28.634838,0 days 00:00:41.692106,0.4060615640764313,0.001365991356152999,2,2.433010190455399e-05,COMPLETE
298,0.7920798065296252,2024-03-02 23:05:28.635219,2024-03-02 23:06:10.099965,0 days 00:00:41.464746,0.3268488267055334,0.0011744541169600377,2,2.12625668444952e-05,COMPLETE
299,0.7926844014510278,2024-03-02 23:06:10.105349,2024-03-02 23:06:51.730654,0 days 00:00:41.625305,0.49827027840483634,0.0009346746414371543,2,2.796891040104126e-05,COMPLETE
